<?xml version="1.0" encoding="UTF-8"?>
<TestRun id="29be1d52-5636-47a6-8f1a-a0b2ea1d462b" name="Martin@MARTIN-PC 2011-03-18 15:20:37" runUser="Martin-PC\Martin" xmlns="http://microsoft.com/schemas/VisualStudio/TeamTest/2010">
  <TestSettings name="Local" id="c13f3ac4-e06d-4c27-8158-208f7bf0acb6">
    <Description>These are default test settings for a local test run.</Description>
    <Deployment enabled="false" runDeploymentRoot="Martin_MARTIN-PC 2011-03-18 15_20_37">
      <DeploymentItem filename="C:\Users\Martin\Documents\Visual Studio 2010\Projects\Hermes\Hermes\bin\Debug\Hermes.dll" />
    </Deployment>
    <Execution>
      <TestTypeSpecific />
      <AgentRule name="Execution Agents">
      </AgentRule>
    </Execution>
  </TestSettings>
  <Times creation="2011-03-18T15:20:37.4917600+00:00" queuing="2011-03-18T15:20:38.3998119+00:00" start="2011-03-18T15:20:38.5368198+00:00" finish="2011-03-18T15:21:45.3956439+00:00" />
  <ResultSummary outcome="Error">
    <Counters total="1" executed="1" error="0" failed="0" timeout="0" aborted="1" inconclusive="0" passedButRunAborted="0" notRunnable="0" notExecuted="0" disconnected="0" warning="0" passed="0" completed="0" inProgress="0" pending="0" />
    <RunInfos>
      <RunInfo computerName="MARTIN-PC" outcome="Error" timestamp="2011-03-18T15:21:45.3946438+00:00">
        <Text>Test host process exited unexpectedly.</Text>
      </RunInfo>
    </RunInfos>
  </ResultSummary>
  <TestDefinitions>
    <UnitTest name="ConstructAGrammar" storage="c:\users\martin\documents\visual studio 2010\projects\hermes\hermestests\bin\debug\hermestests.dll" id="36242104-b74e-fbcf-0eba-0e47460d90d7">
      <Execution id="130635a2-9def-49ba-ae62-ae2da752d4de" />
      <TestMethod codeBase="C:/Users/Martin/Documents/Visual Studio 2010/Projects/Hermes/HermesTests/bin/Debug/HermesTests.DLL" adapterTypeName="Microsoft.VisualStudio.TestTools.TestTypes.Unit.UnitTestAdapter, Microsoft.VisualStudio.QualityTools.Tips.UnitTest.Adapter, Version=10.0.0.0, Culture=neutral, PublicKeyToken=b03f5f7f11d50a3a" className="HermesTests.GrammarTest, HermesTests, Version=1.0.0.0, Culture=neutral, PublicKeyToken=null" name="ConstructAGrammar" />
    </UnitTest>
  </TestDefinitions>
  <TestLists>
    <TestList name="Results Not in a List" id="8c84fa94-04c1-424b-9868-57a2d4851a1d" />
    <TestList name="All Loaded Results" id="19431567-8539-422a-85d7-44ee4e166bda" />
  </TestLists>
  <TestEntries>
    <TestEntry testId="36242104-b74e-fbcf-0eba-0e47460d90d7" executionId="130635a2-9def-49ba-ae62-ae2da752d4de" testListId="8c84fa94-04c1-424b-9868-57a2d4851a1d" />
  </TestEntries>
  <Results>
    <UnitTestResult executionId="130635a2-9def-49ba-ae62-ae2da752d4de" testId="36242104-b74e-fbcf-0eba-0e47460d90d7" testName="ConstructAGrammar" computerName="MARTIN-PC" duration="00:01:06.7268166" startTime="2011-03-18T15:20:38.6688273+00:00" endTime="2011-03-18T15:21:45.3956439+00:00" testType="13cdc9d9-ddb5-4fa4-a97d-d965ccfc6d4b" outcome="Aborted" testListId="8c84fa94-04c1-424b-9868-57a2d4851a1d" relativeResultsDirectory="130635a2-9def-49ba-ae62-ae2da752d4de">
    </UnitTestResult>
  </Results>
</TestRun>