<?xml version="1.0" encoding="UTF-8"?>
<TestRun id="b6f581a2-3768-4390-a58c-feaa7b815958" name="Martin@MARTIN-PC 2011-04-25 16:59:13" runUser="Martin-PC\Martin" xmlns="http://microsoft.com/schemas/VisualStudio/TeamTest/2010">
  <TestSettings name="Local" id="c13f3ac4-e06d-4c27-8158-208f7bf0acb6">
    <Description>These are default test settings for a local test run.</Description>
    <Deployment enabled="false" runDeploymentRoot="Martin_MARTIN-PC 2011-04-25 16_59_13">
      <DeploymentItem filename="C:\Users\Martin\Documents\Visual Studio 2010\Projects\Hermes\Hermes\bin\Debug\Hermes.dll" />
    </Deployment>
    <Execution>
      <TestTypeSpecific />
      <AgentRule name="Execution Agents">
      </AgentRule>
    </Execution>
  </TestSettings>
  <Times creation="2011-04-25T16:59:13.2597989+01:00" queuing="2011-04-25T16:59:13.4458096+01:00" start="2011-04-25T16:59:13.4788114+01:00" finish="2011-04-25T16:59:13.7528271+01:00" />
  <ResultSummary outcome="Failed">
    <Counters total="1" executed="1" error="0" failed="1" timeout="0" aborted="0" inconclusive="0" passedButRunAborted="0" notRunnable="0" notExecuted="0" disconnected="0" warning="0" passed="0" completed="0" inProgress="0" pending="0" />
  </ResultSummary>
  <TestDefinitions>
    <UnitTest name="ConstructRecursiveDescentParser" storage="c:\users\martin\documents\visual studio 2010\projects\hermes\hermestests\bin\debug\hermestests.dll" id="ec17d828-5496-163d-69a5-8bce54583178">
      <Execution id="7a2ed6a1-d8ba-4e76-85a3-8ed305f8c3ce" />
      <TestMethod codeBase="C:/Users/Martin/Documents/Visual Studio 2010/Projects/Hermes/HermesTests/bin/Debug/HermesTests.DLL" adapterTypeName="Microsoft.VisualStudio.TestTools.TestTypes.Unit.UnitTestAdapter, Microsoft.VisualStudio.QualityTools.Tips.UnitTest.Adapter, Version=10.0.0.0, Culture=neutral, PublicKeyToken=b03f5f7f11d50a3a" className="HermesTests.RecursiveDescentTests, HermesTests, Version=1.0.0.0, Culture=neutral, PublicKeyToken=null" name="ConstructRecursiveDescentParser" />
    </UnitTest>
  </TestDefinitions>
  <TestLists>
    <TestList name="Results Not in a List" id="8c84fa94-04c1-424b-9868-57a2d4851a1d" />
    <TestList name="All Loaded Results" id="19431567-8539-422a-85d7-44ee4e166bda" />
  </TestLists>
  <TestEntries>
    <TestEntry testId="ec17d828-5496-163d-69a5-8bce54583178" executionId="7a2ed6a1-d8ba-4e76-85a3-8ed305f8c3ce" testListId="8c84fa94-04c1-424b-9868-57a2d4851a1d" />
  </TestEntries>
  <Results>
    <UnitTestResult executionId="7a2ed6a1-d8ba-4e76-85a3-8ed305f8c3ce" testId="ec17d828-5496-163d-69a5-8bce54583178" testName="ConstructRecursiveDescentParser" computerName="MARTIN-PC" duration="00:00:00.0490963" startTime="2011-04-25T16:59:13.4858118+01:00" endTime="2011-04-25T16:59:13.7318259+01:00" testType="13cdc9d9-ddb5-4fa4-a97d-d965ccfc6d4b" outcome="Failed" testListId="8c84fa94-04c1-424b-9868-57a2d4851a1d" relativeResultsDirectory="7a2ed6a1-d8ba-4e76-85a3-8ed305f8c3ce">
      <Output>
        <ErrorInfo>
          <Message>Test method HermesTests.RecursiveDescentTests.ConstructRecursiveDescentParser threw exception: 
Hermes.Parsers.ParseException: Unable to match ) at line 1 column 3</Message>
          <StackTrace>    at Hermes.Parsers.RecursiveDescentParser.Parse(IEnumerator`1 lexer, NonTerminal current, ParseTreeNode parent) in C:\Users\Martin\Documents\Visual Studio 2010\Projects\Hermes\Hermes\Parsers\RecursiveDescentParser.cs:line 88
   at Hermes.Parsers.RecursiveDescentParser.Parse(IEnumerator`1 lexer, NonTerminal current, ParseTreeNode parent) in C:\Users\Martin\Documents\Visual Studio 2010\Projects\Hermes\Hermes\Parsers\RecursiveDescentParser.cs:line 110
   at Hermes.Parsers.RecursiveDescentParser.Parse(IEnumerator`1 lexer, NonTerminal current, ParseTreeNode parent) in C:\Users\Martin\Documents\Visual Studio 2010\Projects\Hermes\Hermes\Parsers\RecursiveDescentParser.cs:line 110
   at Hermes.Parsers.RecursiveDescentParser.Parse(StreamReader input, NonTerminal root) in C:\Users\Martin\Documents\Visual Studio 2010\Projects\Hermes\Hermes\Parsers\RecursiveDescentParser.cs:line 80
   at Hermes.Parsers.RecursiveDescentParser.Parse(Stream input) in C:\Users\Martin\Documents\Visual Studio 2010\Projects\Hermes\Hermes\Parsers\RecursiveDescentParser.cs:line 61
   at Hermes.Parsers.Parser.Parse(String input) in C:\Users\Martin\Documents\Visual Studio 2010\Projects\Hermes\Hermes\Parsers\Parser.cs:line 21
   at HermesTests.RecursiveDescentTests.ConstructRecursiveDescentParser() in C:\Users\Martin\Documents\Visual Studio 2010\Projects\Hermes\HermesTests\RecursiveDescentTests.cs:line 23
</StackTrace>
        </ErrorInfo>
      </Output>
    </UnitTestResult>
  </Results>
</TestRun>