<?xml version="1.0" encoding="UTF-8"?>
<TestRun id="b349ed51-c7e4-4605-a9b6-4c14edd3fcab" name="Martin@MARTIN-LAPTOP 2011-03-14 13:44:32" runUser="Martin-Laptop\Martin" xmlns="http://microsoft.com/schemas/VisualStudio/TeamTest/2010">
  <TestSettings name="Local" id="c13f3ac4-e06d-4c27-8158-208f7bf0acb6">
    <Description>These are default test settings for a local test run.</Description>
    <Deployment enabled="false" runDeploymentRoot="Martin_MARTIN-LAPTOP 2011-03-14 13_44_32">
      <DeploymentItem filename="C:\Users\Martin\Documents\Visual Studio 2010\Projects\Hermes\Hermes\bin\Debug\Hermes.dll" />
    </Deployment>
    <Execution>
      <TestTypeSpecific />
      <AgentRule name="Execution Agents">
      </AgentRule>
    </Execution>
  </TestSettings>
  <Times creation="2011-03-14T13:44:32.4007209+00:00" queuing="2011-03-14T13:44:32.4077213+00:00" start="2011-03-14T13:44:32.6237337+00:00" finish="2011-03-14T13:44:33.6397918+00:00" />
  <ResultSummary outcome="Failed">
    <Counters total="4" executed="4" passed="3" error="0" failed="1" timeout="0" aborted="0" inconclusive="0" passedButRunAborted="0" notRunnable="0" notExecuted="0" disconnected="0" warning="0" completed="0" inProgress="0" pending="0" />
  </ResultSummary>
  <TestDefinitions>
    <UnitTest name="TestMethod1" storage="c:\users\martin\documents\visual studio 2010\projects\hermes\hermestests\bin\debug\hermestests.dll" id="20e460a0-a941-6b67-4bff-b262148dad1a">
      <Execution id="ea5707e5-a9a5-4f40-8a49-262314639fc1" />
      <TestMethod codeBase="C:/Users/Martin/Documents/Visual Studio 2010/Projects/Hermes/HermesTests/bin/Debug/HermesTests.DLL" adapterTypeName="Microsoft.VisualStudio.TestTools.TestTypes.Unit.UnitTestAdapter, Microsoft.VisualStudio.QualityTools.Tips.UnitTest.Adapter, Version=10.0.0.0, Culture=neutral, PublicKeyToken=b03f5f7f11d50a3a" className="HermesTests.TerminalTest, HermesTests, Version=1.0.0.0, Culture=neutral, PublicKeyToken=null" name="TestMethod1" />
    </UnitTest>
    <UnitTest name="TestMethod1" storage="c:\users\martin\documents\visual studio 2010\projects\hermes\hermestests\bin\debug\hermestests.dll" id="d6b109d5-c409-8899-4064-6b2a128a4e85">
      <Execution id="8027ce68-ff2c-4f5e-9508-dfb49b3b3016" />
      <TestMethod codeBase="C:/Users/Martin/Documents/Visual Studio 2010/Projects/Hermes/HermesTests/bin/Debug/HermesTests.DLL" adapterTypeName="Microsoft.VisualStudio.TestTools.TestTypes.Unit.UnitTestAdapter, Microsoft.VisualStudio.QualityTools.Tips.UnitTest.Adapter, Version=10.0.0.0, Culture=neutral, PublicKeyToken=b03f5f7f11d50a3a" className="HermesTests.TokenTest, HermesTests, Version=1.0.0.0, Culture=neutral, PublicKeyToken=null" name="TestMethod1" />
    </UnitTest>
    <UnitTest name="ConstructATokenStream" storage="c:\users\martin\documents\visual studio 2010\projects\hermes\hermestests\bin\debug\hermestests.dll" id="b913fb65-7c23-6014-39cd-78d4c3556155">
      <Execution id="7ffa1edd-9d8a-45aa-8aad-43d429e15ad6" />
      <TestMethod codeBase="C:/Users/Martin/Documents/Visual Studio 2010/Projects/Hermes/HermesTests/bin/Debug/HermesTests.DLL" adapterTypeName="Microsoft.VisualStudio.TestTools.TestTypes.Unit.UnitTestAdapter, Microsoft.VisualStudio.QualityTools.Tips.UnitTest.Adapter, Version=10.0.0.0, Culture=neutral, PublicKeyToken=b03f5f7f11d50a3a" className="HermesTests.TokenStreamTest, HermesTests, Version=1.0.0.0, Culture=neutral, PublicKeyToken=null" name="ConstructATokenStream" />
    </UnitTest>
    <UnitTest name="ReadATokenStream" storage="c:\users\martin\documents\visual studio 2010\projects\hermes\hermestests\bin\debug\hermestests.dll" id="c42d1a27-9e17-6c70-addc-282c3e2e07b2">
      <Execution id="81f3c735-3308-452a-a8fe-cd906922af73" />
      <TestMethod codeBase="C:/Users/Martin/Documents/Visual Studio 2010/Projects/Hermes/HermesTests/bin/Debug/HermesTests.DLL" adapterTypeName="Microsoft.VisualStudio.TestTools.TestTypes.Unit.UnitTestAdapter, Microsoft.VisualStudio.QualityTools.Tips.UnitTest.Adapter, Version=10.0.0.0, Culture=neutral, PublicKeyToken=b03f5f7f11d50a3a" className="HermesTests.TokenStreamTest, HermesTests, Version=1.0.0.0, Culture=neutral, PublicKeyToken=null" name="ReadATokenStream" />
    </UnitTest>
  </TestDefinitions>
  <TestLists>
    <TestList name="Results Not in a List" id="8c84fa94-04c1-424b-9868-57a2d4851a1d" />
    <TestList name="All Loaded Results" id="19431567-8539-422a-85d7-44ee4e166bda" />
  </TestLists>
  <TestEntries>
    <TestEntry testId="20e460a0-a941-6b67-4bff-b262148dad1a" executionId="ea5707e5-a9a5-4f40-8a49-262314639fc1" testListId="8c84fa94-04c1-424b-9868-57a2d4851a1d" />
    <TestEntry testId="b913fb65-7c23-6014-39cd-78d4c3556155" executionId="7ffa1edd-9d8a-45aa-8aad-43d429e15ad6" testListId="8c84fa94-04c1-424b-9868-57a2d4851a1d" />
    <TestEntry testId="c42d1a27-9e17-6c70-addc-282c3e2e07b2" executionId="81f3c735-3308-452a-a8fe-cd906922af73" testListId="8c84fa94-04c1-424b-9868-57a2d4851a1d" />
    <TestEntry testId="d6b109d5-c409-8899-4064-6b2a128a4e85" executionId="8027ce68-ff2c-4f5e-9508-dfb49b3b3016" testListId="8c84fa94-04c1-424b-9868-57a2d4851a1d" />
  </TestEntries>
  <Results>
    <UnitTestResult executionId="ea5707e5-a9a5-4f40-8a49-262314639fc1" testId="20e460a0-a941-6b67-4bff-b262148dad1a" testName="TestMethod1" computerName="MARTIN-LAPTOP" duration="00:00:00.0160473" startTime="2011-03-14T13:44:32.7667418+00:00" endTime="2011-03-14T13:44:33.1677648+00:00" testType="13cdc9d9-ddb5-4fa4-a97d-d965ccfc6d4b" outcome="Passed" testListId="8c84fa94-04c1-424b-9868-57a2d4851a1d" relativeResultsDirectory="ea5707e5-a9a5-4f40-8a49-262314639fc1">
    </UnitTestResult>
    <UnitTestResult executionId="7ffa1edd-9d8a-45aa-8aad-43d429e15ad6" testId="b913fb65-7c23-6014-39cd-78d4c3556155" testName="ConstructATokenStream" computerName="MARTIN-LAPTOP" duration="00:00:00.0270455" startTime="2011-03-14T13:44:33.1697649+00:00" endTime="2011-03-14T13:44:33.2107672+00:00" testType="13cdc9d9-ddb5-4fa4-a97d-d965ccfc6d4b" outcome="Passed" testListId="8c84fa94-04c1-424b-9868-57a2d4851a1d" relativeResultsDirectory="7ffa1edd-9d8a-45aa-8aad-43d429e15ad6">
    </UnitTestResult>
    <UnitTestResult executionId="81f3c735-3308-452a-a8fe-cd906922af73" testId="c42d1a27-9e17-6c70-addc-282c3e2e07b2" testName="ReadATokenStream" computerName="MARTIN-LAPTOP" duration="00:00:00.1321900" startTime="2011-03-14T13:44:33.2337686+00:00" endTime="2011-03-14T13:44:33.3707764+00:00" testType="13cdc9d9-ddb5-4fa4-a97d-d965ccfc6d4b" outcome="Failed" testListId="8c84fa94-04c1-424b-9868-57a2d4851a1d" relativeResultsDirectory="81f3c735-3308-452a-a8fe-cd906922af73">
      <Output>
        <ErrorInfo>
          <Message>Test method HermesTests.TokenStreamTest.ReadATokenStream threw exception: 
System.NotImplementedException: The method or operation is not implemented.</Message>
          <StackTrace>    at Hermes.TokenStream.GetEnumerator() in C:\Users\Martin\Documents\Visual Studio 2010\Projects\Hermes\Hermes\Tokenising\TokenStream.cs:line 36
   at System.Linq.Buffer`1..ctor(IEnumerable`1 source)
   at System.Linq.Enumerable.ToArray[TSource](IEnumerable`1 source)
   at HermesTests.TokenStreamTest.ReadATokenStream() in C:\Users\Martin\Documents\Visual Studio 2010\Projects\Hermes\HermesTests\TokenStreamTest.cs:line 41
</StackTrace>
        </ErrorInfo>
      </Output>
    </UnitTestResult>
    <UnitTestResult executionId="8027ce68-ff2c-4f5e-9508-dfb49b3b3016" testId="d6b109d5-c409-8899-4064-6b2a128a4e85" testName="TestMethod1" computerName="MARTIN-LAPTOP" duration="00:00:00.0002346" startTime="2011-03-14T13:44:33.4047783+00:00" endTime="2011-03-14T13:44:33.4287797+00:00" testType="13cdc9d9-ddb5-4fa4-a97d-d965ccfc6d4b" outcome="Passed" testListId="8c84fa94-04c1-424b-9868-57a2d4851a1d" relativeResultsDirectory="8027ce68-ff2c-4f5e-9508-dfb49b3b3016">
    </UnitTestResult>
  </Results>
</TestRun>