<?xml version="1.0" encoding="UTF-8"?>
<TestRun id="146ec892-ecc8-4652-a1d0-57a91ec0b186" name="Martin@MARTIN-PC 2011-03-18 15:04:01" runUser="Martin-PC\Martin" xmlns="http://microsoft.com/schemas/VisualStudio/TeamTest/2010">
  <TestSettings name="Local" id="c13f3ac4-e06d-4c27-8158-208f7bf0acb6">
    <Description>These are default test settings for a local test run.</Description>
    <Deployment enabled="false" runDeploymentRoot="Martin_MARTIN-PC 2011-03-18 15_04_01">
      <DeploymentItem filename="C:\Users\Martin\Documents\Visual Studio 2010\Projects\Hermes\Hermes\bin\Debug\Hermes.dll" />
    </Deployment>
    <Execution>
      <TestTypeSpecific />
      <AgentRule name="Execution Agents">
      </AgentRule>
    </Execution>
  </TestSettings>
  <Times creation="2011-03-18T15:04:01.3517840+00:00" queuing="2011-03-18T15:04:01.4097874+00:00" start="2011-03-18T15:04:01.4277884+00:00" finish="2011-03-18T15:04:01.9008154+00:00" />
  <ResultSummary outcome="Failed">
    <Counters total="45" executed="45" passed="44" error="0" failed="1" timeout="0" aborted="0" inconclusive="0" passedButRunAborted="0" notRunnable="0" notExecuted="0" disconnected="0" warning="0" completed="0" inProgress="0" pending="0" />
  </ResultSummary>
  <TestDefinitions>
    <UnitTest name="ConcatenateConcatenationRuleWithTerminal" storage="c:\users\martin\documents\visual studio 2010\projects\hermes\hermestests\bin\debug\hermestests.dll" id="32dd8ca4-83b8-6d80-4c5c-4828d280f87f">
      <Execution id="3f2bf41a-d0f4-4f1b-9c9b-23740b087fb5" />
      <TestMethod codeBase="C:/Users/Martin/Documents/Visual Studio 2010/Projects/Hermes/HermesTests/bin/Debug/HermesTests.DLL" adapterTypeName="Microsoft.VisualStudio.TestTools.TestTypes.Unit.UnitTestAdapter, Microsoft.VisualStudio.QualityTools.Tips.UnitTest.Adapter, Version=10.0.0.0, Culture=neutral, PublicKeyToken=b03f5f7f11d50a3a" className="HermesTests.ConcatenationTesting, HermesTests, Version=1.0.0.0, Culture=neutral, PublicKeyToken=null" name="ConcatenateConcatenationRuleWithTerminal" />
    </UnitTest>
    <UnitTest name="ConcatenateConcatenationRules" storage="c:\users\martin\documents\visual studio 2010\projects\hermes\hermestests\bin\debug\hermestests.dll" id="24e0991d-26b5-2600-7eed-ff0f18d23e66">
      <Execution id="f9a1daf4-d974-457c-9938-42018c28b690" />
      <TestMethod codeBase="C:/Users/Martin/Documents/Visual Studio 2010/Projects/Hermes/HermesTests/bin/Debug/HermesTests.DLL" adapterTypeName="Microsoft.VisualStudio.TestTools.TestTypes.Unit.UnitTestAdapter, Microsoft.VisualStudio.QualityTools.Tips.UnitTest.Adapter, Version=10.0.0.0, Culture=neutral, PublicKeyToken=b03f5f7f11d50a3a" className="HermesTests.ConcatenationRuleTest, HermesTests, Version=1.0.0.0, Culture=neutral, PublicKeyToken=null" name="ConcatenateConcatenationRules" />
    </UnitTest>
    <UnitTest name="MatchAString" storage="c:\users\martin\documents\visual studio 2010\projects\hermes\hermestests\bin\debug\hermestests.dll" id="e5138bd5-d1a4-9de0-f29b-b05afabb475e">
      <Execution id="d39681de-9d5d-4b4f-8da2-5f0ed5127a3d" />
      <TestMethod codeBase="C:/Users/Martin/Documents/Visual Studio 2010/Projects/Hermes/HermesTests/bin/Debug/HermesTests.DLL" adapterTypeName="Microsoft.VisualStudio.TestTools.TestTypes.Unit.UnitTestAdapter, Microsoft.VisualStudio.QualityTools.Tips.UnitTest.Adapter, Version=10.0.0.0, Culture=neutral, PublicKeyToken=b03f5f7f11d50a3a" className="HermesTests.TerminalTest, HermesTests, Version=1.0.0.0, Culture=neutral, PublicKeyToken=null" name="MatchAString" />
    </UnitTest>
    <UnitTest name="ConcatenationOfUntypedTerminals" storage="c:\users\martin\documents\visual studio 2010\projects\hermes\hermestests\bin\debug\hermestests.dll" id="89f8a49a-069f-56ae-654e-3718306f122c">
      <Execution id="82556f5b-d667-4b6b-8782-b6ce2cecdc9b" />
      <TestMethod codeBase="C:/Users/Martin/Documents/Visual Studio 2010/Projects/Hermes/HermesTests/bin/Debug/HermesTests.DLL" adapterTypeName="Microsoft.VisualStudio.TestTools.TestTypes.Unit.UnitTestAdapter, Microsoft.VisualStudio.QualityTools.Tips.UnitTest.Adapter, Version=10.0.0.0, Culture=neutral, PublicKeyToken=b03f5f7f11d50a3a" className="HermesTests.ConcatenationTesting, HermesTests, Version=1.0.0.0, Culture=neutral, PublicKeyToken=null" name="ConcatenationOfUntypedTerminals" />
    </UnitTest>
    <UnitTest name="ConcatenationOfStringAndNonTerminal" storage="c:\users\martin\documents\visual studio 2010\projects\hermes\hermestests\bin\debug\hermestests.dll" id="d4ab72ca-3b2a-cffc-53ca-f1e3327b3ebe">
      <Execution id="722046fe-5765-4df4-96f9-92dafa78d68e" />
      <TestMethod codeBase="C:/Users/Martin/Documents/Visual Studio 2010/Projects/Hermes/HermesTests/bin/Debug/HermesTests.DLL" adapterTypeName="Microsoft.VisualStudio.TestTools.TestTypes.Unit.UnitTestAdapter, Microsoft.VisualStudio.QualityTools.Tips.UnitTest.Adapter, Version=10.0.0.0, Culture=neutral, PublicKeyToken=b03f5f7f11d50a3a" className="HermesTests.ConcatenationTesting, HermesTests, Version=1.0.0.0, Culture=neutral, PublicKeyToken=null" name="ConcatenationOfStringAndNonTerminal" />
    </UnitTest>
    <UnitTest name="ConcatenationOfTerminalAndNonTerminal" storage="c:\users\martin\documents\visual studio 2010\projects\hermes\hermestests\bin\debug\hermestests.dll" id="242902ef-27ad-71da-4ce4-82e91c0b5d00">
      <Execution id="9b733ff9-aa9e-4743-ac37-695547e19e87" />
      <TestMethod codeBase="C:/Users/Martin/Documents/Visual Studio 2010/Projects/Hermes/HermesTests/bin/Debug/HermesTests.DLL" adapterTypeName="Microsoft.VisualStudio.TestTools.TestTypes.Unit.UnitTestAdapter, Microsoft.VisualStudio.QualityTools.Tips.UnitTest.Adapter, Version=10.0.0.0, Culture=neutral, PublicKeyToken=b03f5f7f11d50a3a" className="HermesTests.AlternationTesting+ConcatenationTesting, HermesTests, Version=1.0.0.0, Culture=neutral, PublicKeyToken=null" name="ConcatenationOfTerminalAndNonTerminal" />
    </UnitTest>
    <UnitTest name="ConcatenationOfStringAndTerminal" storage="c:\users\martin\documents\visual studio 2010\projects\hermes\hermestests\bin\debug\hermestests.dll" id="7f24a203-e1ab-7aaf-7e0e-53e514a18c3b">
      <Execution id="db8b9677-25c4-4484-820e-4e4a975edbe6" />
      <TestMethod codeBase="C:/Users/Martin/Documents/Visual Studio 2010/Projects/Hermes/HermesTests/bin/Debug/HermesTests.DLL" adapterTypeName="Microsoft.VisualStudio.TestTools.TestTypes.Unit.UnitTestAdapter, Microsoft.VisualStudio.QualityTools.Tips.UnitTest.Adapter, Version=10.0.0.0, Culture=neutral, PublicKeyToken=b03f5f7f11d50a3a" className="HermesTests.AlternationTesting+ConcatenationTesting, HermesTests, Version=1.0.0.0, Culture=neutral, PublicKeyToken=null" name="ConcatenationOfStringAndTerminal" />
    </UnitTest>
    <UnitTest name="CastStringIntoTerminal" storage="c:\users\martin\documents\visual studio 2010\projects\hermes\hermestests\bin\debug\hermestests.dll" id="e176d6c3-6654-6f09-56fc-75d4b91d30b1">
      <Execution id="3ee477da-a7db-49be-ba91-0f39be7fc51a" />
      <TestMethod codeBase="C:/Users/Martin/Documents/Visual Studio 2010/Projects/Hermes/HermesTests/bin/Debug/HermesTests.DLL" adapterTypeName="Microsoft.VisualStudio.TestTools.TestTypes.Unit.UnitTestAdapter, Microsoft.VisualStudio.QualityTools.Tips.UnitTest.Adapter, Version=10.0.0.0, Culture=neutral, PublicKeyToken=b03f5f7f11d50a3a" className="HermesTests.TerminalTest, HermesTests, Version=1.0.0.0, Culture=neutral, PublicKeyToken=null" name="CastStringIntoTerminal" />
    </UnitTest>
    <UnitTest name="AlternateTerms" storage="c:\users\martin\documents\visual studio 2010\projects\hermes\hermestests\bin\debug\hermestests.dll" id="12aba116-2692-86bc-24a4-5d1796d42773">
      <Execution id="632444d9-c5b1-4b33-aab3-2e811e359e06" />
      <TestMethod codeBase="C:/Users/Martin/Documents/Visual Studio 2010/Projects/Hermes/HermesTests/bin/Debug/HermesTests.DLL" adapterTypeName="Microsoft.VisualStudio.TestTools.TestTypes.Unit.UnitTestAdapter, Microsoft.VisualStudio.QualityTools.Tips.UnitTest.Adapter, Version=10.0.0.0, Culture=neutral, PublicKeyToken=b03f5f7f11d50a3a" className="HermesTests.BnfTermTest, HermesTests, Version=1.0.0.0, Culture=neutral, PublicKeyToken=null" name="AlternateTerms" />
    </UnitTest>
    <UnitTest name="ConcatenationOfTerminalAndString" storage="c:\users\martin\documents\visual studio 2010\projects\hermes\hermestests\bin\debug\hermestests.dll" id="71886231-80f6-4830-8e72-dd944911a099">
      <Execution id="3d16fec6-9cdb-49cc-b580-78148ee7c758" />
      <TestMethod codeBase="C:/Users/Martin/Documents/Visual Studio 2010/Projects/Hermes/HermesTests/bin/Debug/HermesTests.DLL" adapterTypeName="Microsoft.VisualStudio.TestTools.TestTypes.Unit.UnitTestAdapter, Microsoft.VisualStudio.QualityTools.Tips.UnitTest.Adapter, Version=10.0.0.0, Culture=neutral, PublicKeyToken=b03f5f7f11d50a3a" className="HermesTests.AlternationTesting+ConcatenationTesting, HermesTests, Version=1.0.0.0, Culture=neutral, PublicKeyToken=null" name="ConcatenationOfTerminalAndString" />
    </UnitTest>
    <UnitTest name="ConstructTerminal" storage="c:\users\martin\documents\visual studio 2010\projects\hermes\hermestests\bin\debug\hermestests.dll" id="9e077d99-7ec2-e148-8b6d-478518f7d60a">
      <Execution id="6ef070b1-8860-4409-a213-ad15c319dd3c" />
      <TestMethod codeBase="C:/Users/Martin/Documents/Visual Studio 2010/Projects/Hermes/HermesTests/bin/Debug/HermesTests.DLL" adapterTypeName="Microsoft.VisualStudio.TestTools.TestTypes.Unit.UnitTestAdapter, Microsoft.VisualStudio.QualityTools.Tips.UnitTest.Adapter, Version=10.0.0.0, Culture=neutral, PublicKeyToken=b03f5f7f11d50a3a" className="HermesTests.TerminalTest, HermesTests, Version=1.0.0.0, Culture=neutral, PublicKeyToken=null" name="ConstructTerminal" />
    </UnitTest>
    <UnitTest name="ConstructANonTerminal" storage="c:\users\martin\documents\visual studio 2010\projects\hermes\hermestests\bin\debug\hermestests.dll" id="68b42349-bc9a-b261-ad5c-92f6798ba498">
      <Execution id="8968e772-cae2-40db-8727-6b4a75df995c" />
      <TestMethod codeBase="C:/Users/Martin/Documents/Visual Studio 2010/Projects/Hermes/HermesTests/bin/Debug/HermesTests.DLL" adapterTypeName="Microsoft.VisualStudio.TestTools.TestTypes.Unit.UnitTestAdapter, Microsoft.VisualStudio.QualityTools.Tips.UnitTest.Adapter, Version=10.0.0.0, Culture=neutral, PublicKeyToken=b03f5f7f11d50a3a" className="HermesTests.NonTerminalTest, HermesTests, Version=1.0.0.0, Culture=neutral, PublicKeyToken=null" name="ConstructANonTerminal" />
    </UnitTest>
    <UnitTest name="MatchAStringNotAtIndexZeroButWithOffset" storage="c:\users\martin\documents\visual studio 2010\projects\hermes\hermestests\bin\debug\hermestests.dll" id="a1297c0c-fa57-105a-7c73-46300d05a0d0">
      <Execution id="75c9b49c-8166-427a-8375-d3a8caaa5501" />
      <TestMethod codeBase="C:/Users/Martin/Documents/Visual Studio 2010/Projects/Hermes/HermesTests/bin/Debug/HermesTests.DLL" adapterTypeName="Microsoft.VisualStudio.TestTools.TestTypes.Unit.UnitTestAdapter, Microsoft.VisualStudio.QualityTools.Tips.UnitTest.Adapter, Version=10.0.0.0, Culture=neutral, PublicKeyToken=b03f5f7f11d50a3a" className="HermesTests.TerminalTest, HermesTests, Version=1.0.0.0, Culture=neutral, PublicKeyToken=null" name="MatchAStringNotAtIndexZeroButWithOffset" />
    </UnitTest>
    <UnitTest name="DoNotMatchAStringNotAtIndexZero" storage="c:\users\martin\documents\visual studio 2010\projects\hermes\hermestests\bin\debug\hermestests.dll" id="309abaef-5e7a-21da-1899-85ef214de9da">
      <Execution id="f02e86da-072b-4cef-b125-61af7ff4a16a" />
      <TestMethod codeBase="C:/Users/Martin/Documents/Visual Studio 2010/Projects/Hermes/HermesTests/bin/Debug/HermesTests.DLL" adapterTypeName="Microsoft.VisualStudio.TestTools.TestTypes.Unit.UnitTestAdapter, Microsoft.VisualStudio.QualityTools.Tips.UnitTest.Adapter, Version=10.0.0.0, Culture=neutral, PublicKeyToken=b03f5f7f11d50a3a" className="HermesTests.TerminalTest, HermesTests, Version=1.0.0.0, Culture=neutral, PublicKeyToken=null" name="DoNotMatchAStringNotAtIndexZero" />
    </UnitTest>
    <UnitTest name="ConcatenationOfTerminalAndNonTerminal" storage="c:\users\martin\documents\visual studio 2010\projects\hermes\hermestests\bin\debug\hermestests.dll" id="c48bba04-4fb9-7c8f-6c80-2581029b8a7f">
      <Execution id="faa276a2-5a90-44e8-873f-81198bfe5ef8" />
      <TestMethod codeBase="C:/Users/Martin/Documents/Visual Studio 2010/Projects/Hermes/HermesTests/bin/Debug/HermesTests.DLL" adapterTypeName="Microsoft.VisualStudio.TestTools.TestTypes.Unit.UnitTestAdapter, Microsoft.VisualStudio.QualityTools.Tips.UnitTest.Adapter, Version=10.0.0.0, Culture=neutral, PublicKeyToken=b03f5f7f11d50a3a" className="HermesTests.ConcatenationTesting, HermesTests, Version=1.0.0.0, Culture=neutral, PublicKeyToken=null" name="ConcatenationOfTerminalAndNonTerminal" />
    </UnitTest>
    <UnitTest name="ConcatenateConcatenationRuleWithNonTerminal" storage="c:\users\martin\documents\visual studio 2010\projects\hermes\hermestests\bin\debug\hermestests.dll" id="950c58d1-9e16-eddb-2559-4fab05f29733">
      <Execution id="b5491ba7-a5ff-4d1d-8d3f-3efd6b812441" />
      <TestMethod codeBase="C:/Users/Martin/Documents/Visual Studio 2010/Projects/Hermes/HermesTests/bin/Debug/HermesTests.DLL" adapterTypeName="Microsoft.VisualStudio.TestTools.TestTypes.Unit.UnitTestAdapter, Microsoft.VisualStudio.QualityTools.Tips.UnitTest.Adapter, Version=10.0.0.0, Culture=neutral, PublicKeyToken=b03f5f7f11d50a3a" className="HermesTests.AlternationTesting+ConcatenationTesting, HermesTests, Version=1.0.0.0, Culture=neutral, PublicKeyToken=null" name="ConcatenateConcatenationRuleWithNonTerminal" />
    </UnitTest>
    <UnitTest name="TerminalPlusTerminalReturnsRule" storage="c:\users\martin\documents\visual studio 2010\projects\hermes\hermestests\bin\debug\hermestests.dll" id="e34f2a75-40af-449c-71f1-2093efbfcfe8">
      <Execution id="b16b96fa-f533-482b-bf6c-99cdfdc950f7" />
      <TestMethod codeBase="C:/Users/Martin/Documents/Visual Studio 2010/Projects/Hermes/HermesTests/bin/Debug/HermesTests.DLL" adapterTypeName="Microsoft.VisualStudio.TestTools.TestTypes.Unit.UnitTestAdapter, Microsoft.VisualStudio.QualityTools.Tips.UnitTest.Adapter, Version=10.0.0.0, Culture=neutral, PublicKeyToken=b03f5f7f11d50a3a" className="HermesTests.TerminalTest, HermesTests, Version=1.0.0.0, Culture=neutral, PublicKeyToken=null" name="TerminalPlusTerminalReturnsRule" />
    </UnitTest>
    <UnitTest name="ConcatenationOfTypedTerminals" storage="c:\users\martin\documents\visual studio 2010\projects\hermes\hermestests\bin\debug\hermestests.dll" id="ec3aedc7-42bf-e2d5-e241-a02f33d1a39e">
      <Execution id="9e1dc6f2-11a6-4d81-b592-bf6d01cc5ca0" />
      <TestMethod codeBase="C:/Users/Martin/Documents/Visual Studio 2010/Projects/Hermes/HermesTests/bin/Debug/HermesTests.DLL" adapterTypeName="Microsoft.VisualStudio.TestTools.TestTypes.Unit.UnitTestAdapter, Microsoft.VisualStudio.QualityTools.Tips.UnitTest.Adapter, Version=10.0.0.0, Culture=neutral, PublicKeyToken=b03f5f7f11d50a3a" className="HermesTests.ConcatenationTesting, HermesTests, Version=1.0.0.0, Culture=neutral, PublicKeyToken=null" name="ConcatenationOfTypedTerminals" />
    </UnitTest>
    <UnitTest name="ConcatenateConcatenationRuleWithString" storage="c:\users\martin\documents\visual studio 2010\projects\hermes\hermestests\bin\debug\hermestests.dll" id="fcaf3cb3-b4cd-6a40-9262-02a569e1b51d">
      <Execution id="052a5e13-b6ca-414a-81bc-a2096d3f072b" />
      <TestMethod codeBase="C:/Users/Martin/Documents/Visual Studio 2010/Projects/Hermes/HermesTests/bin/Debug/HermesTests.DLL" adapterTypeName="Microsoft.VisualStudio.TestTools.TestTypes.Unit.UnitTestAdapter, Microsoft.VisualStudio.QualityTools.Tips.UnitTest.Adapter, Version=10.0.0.0, Culture=neutral, PublicKeyToken=b03f5f7f11d50a3a" className="HermesTests.ConcatenationTesting, HermesTests, Version=1.0.0.0, Culture=neutral, PublicKeyToken=null" name="ConcatenateConcatenationRuleWithString" />
    </UnitTest>
    <UnitTest name="ConcatenationOfTypedNonTerminals" storage="c:\users\martin\documents\visual studio 2010\projects\hermes\hermestests\bin\debug\hermestests.dll" id="50127f22-518b-ba73-ea89-59601e3dd905">
      <Execution id="ead37d50-7182-4a1f-b1ea-d411559db287" />
      <TestMethod codeBase="C:/Users/Martin/Documents/Visual Studio 2010/Projects/Hermes/HermesTests/bin/Debug/HermesTests.DLL" adapterTypeName="Microsoft.VisualStudio.TestTools.TestTypes.Unit.UnitTestAdapter, Microsoft.VisualStudio.QualityTools.Tips.UnitTest.Adapter, Version=10.0.0.0, Culture=neutral, PublicKeyToken=b03f5f7f11d50a3a" className="HermesTests.ConcatenationTesting, HermesTests, Version=1.0.0.0, Culture=neutral, PublicKeyToken=null" name="ConcatenationOfTypedNonTerminals" />
    </UnitTest>
    <UnitTest name="ConcatenateConcatenationRuleWithNonTerminal" storage="c:\users\martin\documents\visual studio 2010\projects\hermes\hermestests\bin\debug\hermestests.dll" id="a447929c-b3b6-a35b-61b8-c33fd8ec03a0">
      <Execution id="44f78707-ee29-498a-a479-ce8c0848a878" />
      <TestMethod codeBase="C:/Users/Martin/Documents/Visual Studio 2010/Projects/Hermes/HermesTests/bin/Debug/HermesTests.DLL" adapterTypeName="Microsoft.VisualStudio.TestTools.TestTypes.Unit.UnitTestAdapter, Microsoft.VisualStudio.QualityTools.Tips.UnitTest.Adapter, Version=10.0.0.0, Culture=neutral, PublicKeyToken=b03f5f7f11d50a3a" className="HermesTests.ConcatenationTesting, HermesTests, Version=1.0.0.0, Culture=neutral, PublicKeyToken=null" name="ConcatenateConcatenationRuleWithNonTerminal" />
    </UnitTest>
    <UnitTest name="ConcatenationOfNonTerminalAndTerminal" storage="c:\users\martin\documents\visual studio 2010\projects\hermes\hermestests\bin\debug\hermestests.dll" id="a6e4368c-8e16-de9c-d31b-bf8e998cdbac">
      <Execution id="8baad467-318b-43c0-bc93-a0369f679e26" />
      <TestMethod codeBase="C:/Users/Martin/Documents/Visual Studio 2010/Projects/Hermes/HermesTests/bin/Debug/HermesTests.DLL" adapterTypeName="Microsoft.VisualStudio.TestTools.TestTypes.Unit.UnitTestAdapter, Microsoft.VisualStudio.QualityTools.Tips.UnitTest.Adapter, Version=10.0.0.0, Culture=neutral, PublicKeyToken=b03f5f7f11d50a3a" className="HermesTests.AlternationTesting+ConcatenationTesting, HermesTests, Version=1.0.0.0, Culture=neutral, PublicKeyToken=null" name="ConcatenationOfNonTerminalAndTerminal" />
    </UnitTest>
    <UnitTest name="ConstructATokenStream" storage="c:\users\martin\documents\visual studio 2010\projects\hermes\hermestests\bin\debug\hermestests.dll" id="604de895-cb53-a9e0-b794-44296dcd3835">
      <Execution id="314debab-cca2-4b77-a07d-8b92a6004e3e" />
      <TestMethod codeBase="C:/Users/Martin/Documents/Visual Studio 2010/Projects/Hermes/HermesTests/bin/Debug/HermesTests.DLL" adapterTypeName="Microsoft.VisualStudio.TestTools.TestTypes.Unit.UnitTestAdapter, Microsoft.VisualStudio.QualityTools.Tips.UnitTest.Adapter, Version=10.0.0.0, Culture=neutral, PublicKeyToken=b03f5f7f11d50a3a" className="HermesTests.LexerTest, HermesTests, Version=1.0.0.0, Culture=neutral, PublicKeyToken=null" name="ConstructATokenStream" />
    </UnitTest>
    <UnitTest name="CastStringIntoTerminal" storage="c:\users\martin\documents\visual studio 2010\projects\hermes\hermestests\bin\debug\hermestests.dll" id="972f115f-5f71-e6f9-0a7a-7c57f892875b">
      <Execution id="a91ad761-cc52-40e0-8b4f-5d8779c79af9" />
      <TestMethod codeBase="C:/Users/Martin/Documents/Visual Studio 2010/Projects/Hermes/HermesTests/bin/Debug/HermesTests.DLL" adapterTypeName="Microsoft.VisualStudio.TestTools.TestTypes.Unit.UnitTestAdapter, Microsoft.VisualStudio.QualityTools.Tips.UnitTest.Adapter, Version=10.0.0.0, Culture=neutral, PublicKeyToken=b03f5f7f11d50a3a" className="HermesTests.BnfTermTest, HermesTests, Version=1.0.0.0, Culture=neutral, PublicKeyToken=null" name="CastStringIntoTerminal" />
    </UnitTest>
    <UnitTest name="IsWhitespaceIgnored" storage="c:\users\martin\documents\visual studio 2010\projects\hermes\hermestests\bin\debug\hermestests.dll" id="cff5d6f1-163c-7c0b-70eb-1117e4f6f42f">
      <Execution id="75edc5e0-f93c-4f69-b6e1-0b5328b41b3e" />
      <TestMethod codeBase="C:/Users/Martin/Documents/Visual Studio 2010/Projects/Hermes/HermesTests/bin/Debug/HermesTests.DLL" adapterTypeName="Microsoft.VisualStudio.TestTools.TestTypes.Unit.UnitTestAdapter, Microsoft.VisualStudio.QualityTools.Tips.UnitTest.Adapter, Version=10.0.0.0, Culture=neutral, PublicKeyToken=b03f5f7f11d50a3a" className="HermesTests.LexerTest, HermesTests, Version=1.0.0.0, Culture=neutral, PublicKeyToken=null" name="IsWhitespaceIgnored" />
    </UnitTest>
    <UnitTest name="CorrectLineAndColumnNumbers" storage="c:\users\martin\documents\visual studio 2010\projects\hermes\hermestests\bin\debug\hermestests.dll" id="429f48cc-2b8b-db75-38c8-dfe106f4e216">
      <Execution id="0f3fc0ad-f705-40fb-8022-c535adbed721" />
      <TestMethod codeBase="C:/Users/Martin/Documents/Visual Studio 2010/Projects/Hermes/HermesTests/bin/Debug/HermesTests.DLL" adapterTypeName="Microsoft.VisualStudio.TestTools.TestTypes.Unit.UnitTestAdapter, Microsoft.VisualStudio.QualityTools.Tips.UnitTest.Adapter, Version=10.0.0.0, Culture=neutral, PublicKeyToken=b03f5f7f11d50a3a" className="HermesTests.LexerTest, HermesTests, Version=1.0.0.0, Culture=neutral, PublicKeyToken=null" name="CorrectLineAndColumnNumbers" />
    </UnitTest>
    <UnitTest name="ConcatenationOfNonTerminalAndString" storage="c:\users\martin\documents\visual studio 2010\projects\hermes\hermestests\bin\debug\hermestests.dll" id="f223f713-4e8b-de5f-a42c-1fb64190de91">
      <Execution id="4c8c1eb2-7842-4f9b-bced-07f8d2d25edf" />
      <TestMethod codeBase="C:/Users/Martin/Documents/Visual Studio 2010/Projects/Hermes/HermesTests/bin/Debug/HermesTests.DLL" adapterTypeName="Microsoft.VisualStudio.TestTools.TestTypes.Unit.UnitTestAdapter, Microsoft.VisualStudio.QualityTools.Tips.UnitTest.Adapter, Version=10.0.0.0, Culture=neutral, PublicKeyToken=b03f5f7f11d50a3a" className="HermesTests.AlternationTesting+ConcatenationTesting, HermesTests, Version=1.0.0.0, Culture=neutral, PublicKeyToken=null" name="ConcatenationOfNonTerminalAndString" />
    </UnitTest>
    <UnitTest name="ConcatenateConcatenationRuleWithString" storage="c:\users\martin\documents\visual studio 2010\projects\hermes\hermestests\bin\debug\hermestests.dll" id="eefb3d44-e0d5-00f5-893d-dc0765ca8824">
      <Execution id="e96c7045-9900-4af4-a8a0-8c99188ae6b8" />
      <TestMethod codeBase="C:/Users/Martin/Documents/Visual Studio 2010/Projects/Hermes/HermesTests/bin/Debug/HermesTests.DLL" adapterTypeName="Microsoft.VisualStudio.TestTools.TestTypes.Unit.UnitTestAdapter, Microsoft.VisualStudio.QualityTools.Tips.UnitTest.Adapter, Version=10.0.0.0, Culture=neutral, PublicKeyToken=b03f5f7f11d50a3a" className="HermesTests.AlternationTesting+ConcatenationTesting, HermesTests, Version=1.0.0.0, Culture=neutral, PublicKeyToken=null" name="ConcatenateConcatenationRuleWithString" />
    </UnitTest>
    <UnitTest name="ConcatenationOfNonTerminalAndString" storage="c:\users\martin\documents\visual studio 2010\projects\hermes\hermestests\bin\debug\hermestests.dll" id="2e0f75cc-05ae-6cc1-a3de-727b3fe34122">
      <Execution id="16c47c70-03f6-4c4a-b1ea-3b8af8429d83" />
      <TestMethod codeBase="C:/Users/Martin/Documents/Visual Studio 2010/Projects/Hermes/HermesTests/bin/Debug/HermesTests.DLL" adapterTypeName="Microsoft.VisualStudio.TestTools.TestTypes.Unit.UnitTestAdapter, Microsoft.VisualStudio.QualityTools.Tips.UnitTest.Adapter, Version=10.0.0.0, Culture=neutral, PublicKeyToken=b03f5f7f11d50a3a" className="HermesTests.ConcatenationTesting, HermesTests, Version=1.0.0.0, Culture=neutral, PublicKeyToken=null" name="ConcatenationOfNonTerminalAndString" />
    </UnitTest>
    <UnitTest name="ConcatenationOfStringAndTerminal" storage="c:\users\martin\documents\visual studio 2010\projects\hermes\hermestests\bin\debug\hermestests.dll" id="82518f97-f216-4a8d-ed0f-a9963b85d416">
      <Execution id="0757d48b-5f3b-4b65-b545-dd6214f88deb" />
      <TestMethod codeBase="C:/Users/Martin/Documents/Visual Studio 2010/Projects/Hermes/HermesTests/bin/Debug/HermesTests.DLL" adapterTypeName="Microsoft.VisualStudio.TestTools.TestTypes.Unit.UnitTestAdapter, Microsoft.VisualStudio.QualityTools.Tips.UnitTest.Adapter, Version=10.0.0.0, Culture=neutral, PublicKeyToken=b03f5f7f11d50a3a" className="HermesTests.ConcatenationTesting, HermesTests, Version=1.0.0.0, Culture=neutral, PublicKeyToken=null" name="ConcatenationOfStringAndTerminal" />
    </UnitTest>
    <UnitTest name="ConcatenateTerms" storage="c:\users\martin\documents\visual studio 2010\projects\hermes\hermestests\bin\debug\hermestests.dll" id="63236655-d474-e0a2-4106-219859e6c5c2">
      <Execution id="08fb33e3-df81-48cb-ac02-05f66c90c932" />
      <TestMethod codeBase="C:/Users/Martin/Documents/Visual Studio 2010/Projects/Hermes/HermesTests/bin/Debug/HermesTests.DLL" adapterTypeName="Microsoft.VisualStudio.TestTools.TestTypes.Unit.UnitTestAdapter, Microsoft.VisualStudio.QualityTools.Tips.UnitTest.Adapter, Version=10.0.0.0, Culture=neutral, PublicKeyToken=b03f5f7f11d50a3a" className="HermesTests.BnfTermTest, HermesTests, Version=1.0.0.0, Culture=neutral, PublicKeyToken=null" name="ConcatenateTerms" />
    </UnitTest>
    <UnitTest name="ConcatenationOfTypedNonTerminals" storage="c:\users\martin\documents\visual studio 2010\projects\hermes\hermestests\bin\debug\hermestests.dll" id="b9053de6-96b9-1509-acd4-a96ca1347b3d">
      <Execution id="5bd4c443-925d-4f2c-9e75-94ff1aec750c" />
      <TestMethod codeBase="C:/Users/Martin/Documents/Visual Studio 2010/Projects/Hermes/HermesTests/bin/Debug/HermesTests.DLL" adapterTypeName="Microsoft.VisualStudio.TestTools.TestTypes.Unit.UnitTestAdapter, Microsoft.VisualStudio.QualityTools.Tips.UnitTest.Adapter, Version=10.0.0.0, Culture=neutral, PublicKeyToken=b03f5f7f11d50a3a" className="HermesTests.AlternationTesting+ConcatenationTesting, HermesTests, Version=1.0.0.0, Culture=neutral, PublicKeyToken=null" name="ConcatenationOfTypedNonTerminals" />
    </UnitTest>
    <UnitTest name="ConcatenateConcatenationRuleWithTerminal" storage="c:\users\martin\documents\visual studio 2010\projects\hermes\hermestests\bin\debug\hermestests.dll" id="9ee61ac8-b0c0-944e-4dbe-97d4e6feb90b">
      <Execution id="ef6b8250-e12a-402f-a200-b463f82befde" />
      <TestMethod codeBase="C:/Users/Martin/Documents/Visual Studio 2010/Projects/Hermes/HermesTests/bin/Debug/HermesTests.DLL" adapterTypeName="Microsoft.VisualStudio.TestTools.TestTypes.Unit.UnitTestAdapter, Microsoft.VisualStudio.QualityTools.Tips.UnitTest.Adapter, Version=10.0.0.0, Culture=neutral, PublicKeyToken=b03f5f7f11d50a3a" className="HermesTests.AlternationTesting+ConcatenationTesting, HermesTests, Version=1.0.0.0, Culture=neutral, PublicKeyToken=null" name="ConcatenateConcatenationRuleWithTerminal" />
    </UnitTest>
    <UnitTest name="CastBnfTermIntoConcatenationRule" storage="c:\users\martin\documents\visual studio 2010\projects\hermes\hermestests\bin\debug\hermestests.dll" id="a9789f0a-4478-1a62-828d-2cd78252d19e">
      <Execution id="ba4fffdf-a0a5-4ee1-b512-aa55c989fbe5" />
      <TestMethod codeBase="C:/Users/Martin/Documents/Visual Studio 2010/Projects/Hermes/HermesTests/bin/Debug/HermesTests.DLL" adapterTypeName="Microsoft.VisualStudio.TestTools.TestTypes.Unit.UnitTestAdapter, Microsoft.VisualStudio.QualityTools.Tips.UnitTest.Adapter, Version=10.0.0.0, Culture=neutral, PublicKeyToken=b03f5f7f11d50a3a" className="HermesTests.BnfTermTest, HermesTests, Version=1.0.0.0, Culture=neutral, PublicKeyToken=null" name="CastBnfTermIntoConcatenationRule" />
    </UnitTest>
    <UnitTest name="DoNotMatchAString" storage="c:\users\martin\documents\visual studio 2010\projects\hermes\hermestests\bin\debug\hermestests.dll" id="7db13936-f24b-55c4-155e-f656c106b534">
      <Execution id="b008afc1-9e1e-4a4d-a524-0d1be947075b" />
      <TestMethod codeBase="C:/Users/Martin/Documents/Visual Studio 2010/Projects/Hermes/HermesTests/bin/Debug/HermesTests.DLL" adapterTypeName="Microsoft.VisualStudio.TestTools.TestTypes.Unit.UnitTestAdapter, Microsoft.VisualStudio.QualityTools.Tips.UnitTest.Adapter, Version=10.0.0.0, Culture=neutral, PublicKeyToken=b03f5f7f11d50a3a" className="HermesTests.TerminalTest, HermesTests, Version=1.0.0.0, Culture=neutral, PublicKeyToken=null" name="DoNotMatchAString" />
    </UnitTest>
    <UnitTest name="ReadATokenStream" storage="c:\users\martin\documents\visual studio 2010\projects\hermes\hermestests\bin\debug\hermestests.dll" id="a68b0502-c526-299b-5956-cec5b457ae4d">
      <Execution id="d8ffcd3f-800c-4fa7-b3ef-c2fb70b77738" />
      <TestMethod codeBase="C:/Users/Martin/Documents/Visual Studio 2010/Projects/Hermes/HermesTests/bin/Debug/HermesTests.DLL" adapterTypeName="Microsoft.VisualStudio.TestTools.TestTypes.Unit.UnitTestAdapter, Microsoft.VisualStudio.QualityTools.Tips.UnitTest.Adapter, Version=10.0.0.0, Culture=neutral, PublicKeyToken=b03f5f7f11d50a3a" className="HermesTests.LexerTest, HermesTests, Version=1.0.0.0, Culture=neutral, PublicKeyToken=null" name="ReadATokenStream" />
    </UnitTest>
    <UnitTest name="ConstructAGrammar" storage="c:\users\martin\documents\visual studio 2010\projects\hermes\hermestests\bin\debug\hermestests.dll" id="36242104-b74e-fbcf-0eba-0e47460d90d7">
      <Execution id="fae4fca6-3e36-4024-b631-42d0aa0468a9" />
      <TestMethod codeBase="C:/Users/Martin/Documents/Visual Studio 2010/Projects/Hermes/HermesTests/bin/Debug/HermesTests.DLL" adapterTypeName="Microsoft.VisualStudio.TestTools.TestTypes.Unit.UnitTestAdapter, Microsoft.VisualStudio.QualityTools.Tips.UnitTest.Adapter, Version=10.0.0.0, Culture=neutral, PublicKeyToken=b03f5f7f11d50a3a" className="HermesTests.GrammarTest, HermesTests, Version=1.0.0.0, Culture=neutral, PublicKeyToken=null" name="ConstructAGrammar" />
    </UnitTest>
    <UnitTest name="ConcatenationOfUntypedTerminals" storage="c:\users\martin\documents\visual studio 2010\projects\hermes\hermestests\bin\debug\hermestests.dll" id="9eb5f561-003d-1c75-055b-21bdfe54fcd0">
      <Execution id="b46ab6e1-a327-45c1-9358-0d15b62b1e3e" />
      <TestMethod codeBase="C:/Users/Martin/Documents/Visual Studio 2010/Projects/Hermes/HermesTests/bin/Debug/HermesTests.DLL" adapterTypeName="Microsoft.VisualStudio.TestTools.TestTypes.Unit.UnitTestAdapter, Microsoft.VisualStudio.QualityTools.Tips.UnitTest.Adapter, Version=10.0.0.0, Culture=neutral, PublicKeyToken=b03f5f7f11d50a3a" className="HermesTests.AlternationTesting+ConcatenationTesting, HermesTests, Version=1.0.0.0, Culture=neutral, PublicKeyToken=null" name="ConcatenationOfUntypedTerminals" />
    </UnitTest>
    <UnitTest name="ConcatenationOfNonTerminalAndTerminal" storage="c:\users\martin\documents\visual studio 2010\projects\hermes\hermestests\bin\debug\hermestests.dll" id="f2d2b3b1-c00a-637e-7dd6-e1f78615cce8">
      <Execution id="5ec922ba-0801-4bdf-a61d-5e6e3fbea2c5" />
      <TestMethod codeBase="C:/Users/Martin/Documents/Visual Studio 2010/Projects/Hermes/HermesTests/bin/Debug/HermesTests.DLL" adapterTypeName="Microsoft.VisualStudio.TestTools.TestTypes.Unit.UnitTestAdapter, Microsoft.VisualStudio.QualityTools.Tips.UnitTest.Adapter, Version=10.0.0.0, Culture=neutral, PublicKeyToken=b03f5f7f11d50a3a" className="HermesTests.ConcatenationTesting, HermesTests, Version=1.0.0.0, Culture=neutral, PublicKeyToken=null" name="ConcatenationOfNonTerminalAndTerminal" />
    </UnitTest>
    <UnitTest name="CastStringIntoConcatenationRule" storage="c:\users\martin\documents\visual studio 2010\projects\hermes\hermestests\bin\debug\hermestests.dll" id="f361bf6f-6274-717c-addf-54d14527e4bc">
      <Execution id="0bf0a0fb-5bdb-4afa-897a-382e11c48750" />
      <TestMethod codeBase="C:/Users/Martin/Documents/Visual Studio 2010/Projects/Hermes/HermesTests/bin/Debug/HermesTests.DLL" adapterTypeName="Microsoft.VisualStudio.TestTools.TestTypes.Unit.UnitTestAdapter, Microsoft.VisualStudio.QualityTools.Tips.UnitTest.Adapter, Version=10.0.0.0, Culture=neutral, PublicKeyToken=b03f5f7f11d50a3a" className="HermesTests.ConcatenationRuleTest, HermesTests, Version=1.0.0.0, Culture=neutral, PublicKeyToken=null" name="CastStringIntoConcatenationRule" />
    </UnitTest>
    <UnitTest name="ConcatenationOfTerminalAndString" storage="c:\users\martin\documents\visual studio 2010\projects\hermes\hermestests\bin\debug\hermestests.dll" id="5d695d69-c75e-cd20-56bf-478c02bd221a">
      <Execution id="0a3a0c3d-9921-4c46-9060-cd9dd2d2d6b5" />
      <TestMethod codeBase="C:/Users/Martin/Documents/Visual Studio 2010/Projects/Hermes/HermesTests/bin/Debug/HermesTests.DLL" adapterTypeName="Microsoft.VisualStudio.TestTools.TestTypes.Unit.UnitTestAdapter, Microsoft.VisualStudio.QualityTools.Tips.UnitTest.Adapter, Version=10.0.0.0, Culture=neutral, PublicKeyToken=b03f5f7f11d50a3a" className="HermesTests.ConcatenationTesting, HermesTests, Version=1.0.0.0, Culture=neutral, PublicKeyToken=null" name="ConcatenationOfTerminalAndString" />
    </UnitTest>
    <UnitTest name="InvalidInputStream" storage="c:\users\martin\documents\visual studio 2010\projects\hermes\hermestests\bin\debug\hermestests.dll" id="0b6ac8c9-7ccf-1556-faae-cbf2ffc949bf">
      <Execution id="d9849078-b6b9-4fdc-b7ff-1a8cc7c60f42" />
      <TestMethod codeBase="C:/Users/Martin/Documents/Visual Studio 2010/Projects/Hermes/HermesTests/bin/Debug/HermesTests.DLL" adapterTypeName="Microsoft.VisualStudio.TestTools.TestTypes.Unit.UnitTestAdapter, Microsoft.VisualStudio.QualityTools.Tips.UnitTest.Adapter, Version=10.0.0.0, Culture=neutral, PublicKeyToken=b03f5f7f11d50a3a" className="HermesTests.LexerTest, HermesTests, Version=1.0.0.0, Culture=neutral, PublicKeyToken=null" name="InvalidInputStream" />
    </UnitTest>
    <UnitTest name="ConcatenationOfStringAndNonTerminal" storage="c:\users\martin\documents\visual studio 2010\projects\hermes\hermestests\bin\debug\hermestests.dll" id="44e9377b-e25e-89e7-5186-1269acd482e1">
      <Execution id="9bc153e1-26be-45cf-9df6-43d276fe6ac4" />
      <TestMethod codeBase="C:/Users/Martin/Documents/Visual Studio 2010/Projects/Hermes/HermesTests/bin/Debug/HermesTests.DLL" adapterTypeName="Microsoft.VisualStudio.TestTools.TestTypes.Unit.UnitTestAdapter, Microsoft.VisualStudio.QualityTools.Tips.UnitTest.Adapter, Version=10.0.0.0, Culture=neutral, PublicKeyToken=b03f5f7f11d50a3a" className="HermesTests.AlternationTesting+ConcatenationTesting, HermesTests, Version=1.0.0.0, Culture=neutral, PublicKeyToken=null" name="ConcatenationOfStringAndNonTerminal" />
    </UnitTest>
    <UnitTest name="ConcatenationOfTypedTerminals" storage="c:\users\martin\documents\visual studio 2010\projects\hermes\hermestests\bin\debug\hermestests.dll" id="09f8922b-8f1c-c312-fb3c-480f333a83b5">
      <Execution id="c6ca8b6c-f8b0-4a45-98a9-1e45e9c1e03b" />
      <TestMethod codeBase="C:/Users/Martin/Documents/Visual Studio 2010/Projects/Hermes/HermesTests/bin/Debug/HermesTests.DLL" adapterTypeName="Microsoft.VisualStudio.TestTools.TestTypes.Unit.UnitTestAdapter, Microsoft.VisualStudio.QualityTools.Tips.UnitTest.Adapter, Version=10.0.0.0, Culture=neutral, PublicKeyToken=b03f5f7f11d50a3a" className="HermesTests.AlternationTesting+ConcatenationTesting, HermesTests, Version=1.0.0.0, Culture=neutral, PublicKeyToken=null" name="ConcatenationOfTypedTerminals" />
    </UnitTest>
    <UnitTest name="CastConcatenationRuleIntoAlternationRule" storage="c:\users\martin\documents\visual studio 2010\projects\hermes\hermestests\bin\debug\hermestests.dll" id="eaa7e3d9-5735-99be-cbc6-9447adcf9f24">
      <Execution id="91900fc5-336f-442e-83e5-339880778add" />
      <TestMethod codeBase="C:/Users/Martin/Documents/Visual Studio 2010/Projects/Hermes/HermesTests/bin/Debug/HermesTests.DLL" adapterTypeName="Microsoft.VisualStudio.TestTools.TestTypes.Unit.UnitTestAdapter, Microsoft.VisualStudio.QualityTools.Tips.UnitTest.Adapter, Version=10.0.0.0, Culture=neutral, PublicKeyToken=b03f5f7f11d50a3a" className="HermesTests.ConcatenationRuleTest, HermesTests, Version=1.0.0.0, Culture=neutral, PublicKeyToken=null" name="CastConcatenationRuleIntoAlternationRule" />
    </UnitTest>
  </TestDefinitions>
  <TestLists>
    <TestList name="Results Not in a List" id="8c84fa94-04c1-424b-9868-57a2d4851a1d" />
    <TestList name="All Loaded Results" id="19431567-8539-422a-85d7-44ee4e166bda" />
  </TestLists>
  <TestEntries>
    <TestEntry testId="09f8922b-8f1c-c312-fb3c-480f333a83b5" executionId="c6ca8b6c-f8b0-4a45-98a9-1e45e9c1e03b" testListId="8c84fa94-04c1-424b-9868-57a2d4851a1d" />
    <TestEntry testId="0b6ac8c9-7ccf-1556-faae-cbf2ffc949bf" executionId="d9849078-b6b9-4fdc-b7ff-1a8cc7c60f42" testListId="8c84fa94-04c1-424b-9868-57a2d4851a1d" />
    <TestEntry testId="12aba116-2692-86bc-24a4-5d1796d42773" executionId="632444d9-c5b1-4b33-aab3-2e811e359e06" testListId="8c84fa94-04c1-424b-9868-57a2d4851a1d" />
    <TestEntry testId="242902ef-27ad-71da-4ce4-82e91c0b5d00" executionId="9b733ff9-aa9e-4743-ac37-695547e19e87" testListId="8c84fa94-04c1-424b-9868-57a2d4851a1d" />
    <TestEntry testId="24e0991d-26b5-2600-7eed-ff0f18d23e66" executionId="f9a1daf4-d974-457c-9938-42018c28b690" testListId="8c84fa94-04c1-424b-9868-57a2d4851a1d" />
    <TestEntry testId="2e0f75cc-05ae-6cc1-a3de-727b3fe34122" executionId="16c47c70-03f6-4c4a-b1ea-3b8af8429d83" testListId="8c84fa94-04c1-424b-9868-57a2d4851a1d" />
    <TestEntry testId="309abaef-5e7a-21da-1899-85ef214de9da" executionId="f02e86da-072b-4cef-b125-61af7ff4a16a" testListId="8c84fa94-04c1-424b-9868-57a2d4851a1d" />
    <TestEntry testId="32dd8ca4-83b8-6d80-4c5c-4828d280f87f" executionId="3f2bf41a-d0f4-4f1b-9c9b-23740b087fb5" testListId="8c84fa94-04c1-424b-9868-57a2d4851a1d" />
    <TestEntry testId="36242104-b74e-fbcf-0eba-0e47460d90d7" executionId="fae4fca6-3e36-4024-b631-42d0aa0468a9" testListId="8c84fa94-04c1-424b-9868-57a2d4851a1d" />
    <TestEntry testId="429f48cc-2b8b-db75-38c8-dfe106f4e216" executionId="0f3fc0ad-f705-40fb-8022-c535adbed721" testListId="8c84fa94-04c1-424b-9868-57a2d4851a1d" />
    <TestEntry testId="44e9377b-e25e-89e7-5186-1269acd482e1" executionId="9bc153e1-26be-45cf-9df6-43d276fe6ac4" testListId="8c84fa94-04c1-424b-9868-57a2d4851a1d" />
    <TestEntry testId="50127f22-518b-ba73-ea89-59601e3dd905" executionId="ead37d50-7182-4a1f-b1ea-d411559db287" testListId="8c84fa94-04c1-424b-9868-57a2d4851a1d" />
    <TestEntry testId="5d695d69-c75e-cd20-56bf-478c02bd221a" executionId="0a3a0c3d-9921-4c46-9060-cd9dd2d2d6b5" testListId="8c84fa94-04c1-424b-9868-57a2d4851a1d" />
    <TestEntry testId="604de895-cb53-a9e0-b794-44296dcd3835" executionId="314debab-cca2-4b77-a07d-8b92a6004e3e" testListId="8c84fa94-04c1-424b-9868-57a2d4851a1d" />
    <TestEntry testId="63236655-d474-e0a2-4106-219859e6c5c2" executionId="08fb33e3-df81-48cb-ac02-05f66c90c932" testListId="8c84fa94-04c1-424b-9868-57a2d4851a1d" />
    <TestEntry testId="68b42349-bc9a-b261-ad5c-92f6798ba498" executionId="8968e772-cae2-40db-8727-6b4a75df995c" testListId="8c84fa94-04c1-424b-9868-57a2d4851a1d" />
    <TestEntry testId="71886231-80f6-4830-8e72-dd944911a099" executionId="3d16fec6-9cdb-49cc-b580-78148ee7c758" testListId="8c84fa94-04c1-424b-9868-57a2d4851a1d" />
    <TestEntry testId="7db13936-f24b-55c4-155e-f656c106b534" executionId="b008afc1-9e1e-4a4d-a524-0d1be947075b" testListId="8c84fa94-04c1-424b-9868-57a2d4851a1d" />
    <TestEntry testId="7f24a203-e1ab-7aaf-7e0e-53e514a18c3b" executionId="db8b9677-25c4-4484-820e-4e4a975edbe6" testListId="8c84fa94-04c1-424b-9868-57a2d4851a1d" />
    <TestEntry testId="82518f97-f216-4a8d-ed0f-a9963b85d416" executionId="0757d48b-5f3b-4b65-b545-dd6214f88deb" testListId="8c84fa94-04c1-424b-9868-57a2d4851a1d" />
    <TestEntry testId="89f8a49a-069f-56ae-654e-3718306f122c" executionId="82556f5b-d667-4b6b-8782-b6ce2cecdc9b" testListId="8c84fa94-04c1-424b-9868-57a2d4851a1d" />
    <TestEntry testId="950c58d1-9e16-eddb-2559-4fab05f29733" executionId="b5491ba7-a5ff-4d1d-8d3f-3efd6b812441" testListId="8c84fa94-04c1-424b-9868-57a2d4851a1d" />
    <TestEntry testId="972f115f-5f71-e6f9-0a7a-7c57f892875b" executionId="a91ad761-cc52-40e0-8b4f-5d8779c79af9" testListId="8c84fa94-04c1-424b-9868-57a2d4851a1d" />
    <TestEntry testId="9e077d99-7ec2-e148-8b6d-478518f7d60a" executionId="6ef070b1-8860-4409-a213-ad15c319dd3c" testListId="8c84fa94-04c1-424b-9868-57a2d4851a1d" />
    <TestEntry testId="9eb5f561-003d-1c75-055b-21bdfe54fcd0" executionId="b46ab6e1-a327-45c1-9358-0d15b62b1e3e" testListId="8c84fa94-04c1-424b-9868-57a2d4851a1d" />
    <TestEntry testId="9ee61ac8-b0c0-944e-4dbe-97d4e6feb90b" executionId="ef6b8250-e12a-402f-a200-b463f82befde" testListId="8c84fa94-04c1-424b-9868-57a2d4851a1d" />
    <TestEntry testId="a1297c0c-fa57-105a-7c73-46300d05a0d0" executionId="75c9b49c-8166-427a-8375-d3a8caaa5501" testListId="8c84fa94-04c1-424b-9868-57a2d4851a1d" />
    <TestEntry testId="a447929c-b3b6-a35b-61b8-c33fd8ec03a0" executionId="44f78707-ee29-498a-a479-ce8c0848a878" testListId="8c84fa94-04c1-424b-9868-57a2d4851a1d" />
    <TestEntry testId="a68b0502-c526-299b-5956-cec5b457ae4d" executionId="d8ffcd3f-800c-4fa7-b3ef-c2fb70b77738" testListId="8c84fa94-04c1-424b-9868-57a2d4851a1d" />
    <TestEntry testId="a6e4368c-8e16-de9c-d31b-bf8e998cdbac" executionId="8baad467-318b-43c0-bc93-a0369f679e26" testListId="8c84fa94-04c1-424b-9868-57a2d4851a1d" />
    <TestEntry testId="a9789f0a-4478-1a62-828d-2cd78252d19e" executionId="ba4fffdf-a0a5-4ee1-b512-aa55c989fbe5" testListId="8c84fa94-04c1-424b-9868-57a2d4851a1d" />
    <TestEntry testId="b9053de6-96b9-1509-acd4-a96ca1347b3d" executionId="5bd4c443-925d-4f2c-9e75-94ff1aec750c" testListId="8c84fa94-04c1-424b-9868-57a2d4851a1d" />
    <TestEntry testId="c48bba04-4fb9-7c8f-6c80-2581029b8a7f" executionId="faa276a2-5a90-44e8-873f-81198bfe5ef8" testListId="8c84fa94-04c1-424b-9868-57a2d4851a1d" />
    <TestEntry testId="cff5d6f1-163c-7c0b-70eb-1117e4f6f42f" executionId="75edc5e0-f93c-4f69-b6e1-0b5328b41b3e" testListId="8c84fa94-04c1-424b-9868-57a2d4851a1d" />
    <TestEntry testId="d4ab72ca-3b2a-cffc-53ca-f1e3327b3ebe" executionId="722046fe-5765-4df4-96f9-92dafa78d68e" testListId="8c84fa94-04c1-424b-9868-57a2d4851a1d" />
    <TestEntry testId="e176d6c3-6654-6f09-56fc-75d4b91d30b1" executionId="3ee477da-a7db-49be-ba91-0f39be7fc51a" testListId="8c84fa94-04c1-424b-9868-57a2d4851a1d" />
    <TestEntry testId="e34f2a75-40af-449c-71f1-2093efbfcfe8" executionId="b16b96fa-f533-482b-bf6c-99cdfdc950f7" testListId="8c84fa94-04c1-424b-9868-57a2d4851a1d" />
    <TestEntry testId="e5138bd5-d1a4-9de0-f29b-b05afabb475e" executionId="d39681de-9d5d-4b4f-8da2-5f0ed5127a3d" testListId="8c84fa94-04c1-424b-9868-57a2d4851a1d" />
    <TestEntry testId="eaa7e3d9-5735-99be-cbc6-9447adcf9f24" executionId="91900fc5-336f-442e-83e5-339880778add" testListId="8c84fa94-04c1-424b-9868-57a2d4851a1d" />
    <TestEntry testId="ec3aedc7-42bf-e2d5-e241-a02f33d1a39e" executionId="9e1dc6f2-11a6-4d81-b592-bf6d01cc5ca0" testListId="8c84fa94-04c1-424b-9868-57a2d4851a1d" />
    <TestEntry testId="eefb3d44-e0d5-00f5-893d-dc0765ca8824" executionId="e96c7045-9900-4af4-a8a0-8c99188ae6b8" testListId="8c84fa94-04c1-424b-9868-57a2d4851a1d" />
    <TestEntry testId="f223f713-4e8b-de5f-a42c-1fb64190de91" executionId="4c8c1eb2-7842-4f9b-bced-07f8d2d25edf" testListId="8c84fa94-04c1-424b-9868-57a2d4851a1d" />
    <TestEntry testId="f2d2b3b1-c00a-637e-7dd6-e1f78615cce8" executionId="5ec922ba-0801-4bdf-a61d-5e6e3fbea2c5" testListId="8c84fa94-04c1-424b-9868-57a2d4851a1d" />
    <TestEntry testId="f361bf6f-6274-717c-addf-54d14527e4bc" executionId="0bf0a0fb-5bdb-4afa-897a-382e11c48750" testListId="8c84fa94-04c1-424b-9868-57a2d4851a1d" />
    <TestEntry testId="fcaf3cb3-b4cd-6a40-9262-02a569e1b51d" executionId="052a5e13-b6ca-414a-81bc-a2096d3f072b" testListId="8c84fa94-04c1-424b-9868-57a2d4851a1d" />
  </TestEntries>
  <Results>
    <UnitTestResult executionId="c6ca8b6c-f8b0-4a45-98a9-1e45e9c1e03b" testId="09f8922b-8f1c-c312-fb3c-480f333a83b5" testName="ConcatenationOfTypedTerminals" computerName="MARTIN-PC" duration="00:00:00.0116653" startTime="2011-03-18T15:04:01.4407891+00:00" endTime="2011-03-18T15:04:01.6227995+00:00" testType="13cdc9d9-ddb5-4fa4-a97d-d965ccfc6d4b" outcome="Passed" testListId="8c84fa94-04c1-424b-9868-57a2d4851a1d" relativeResultsDirectory="c6ca8b6c-f8b0-4a45-98a9-1e45e9c1e03b">
    </UnitTestResult>
    <UnitTestResult executionId="d9849078-b6b9-4fdc-b7ff-1a8cc7c60f42" testId="0b6ac8c9-7ccf-1556-faae-cbf2ffc949bf" testName="InvalidInputStream" computerName="MARTIN-PC" duration="00:00:00.0037648" startTime="2011-03-18T15:04:01.6247996+00:00" endTime="2011-03-18T15:04:01.6328001+00:00" testType="13cdc9d9-ddb5-4fa4-a97d-d965ccfc6d4b" outcome="Passed" testListId="8c84fa94-04c1-424b-9868-57a2d4851a1d" relativeResultsDirectory="d9849078-b6b9-4fdc-b7ff-1a8cc7c60f42">
    </UnitTestResult>
    <UnitTestResult executionId="632444d9-c5b1-4b33-aab3-2e811e359e06" testId="12aba116-2692-86bc-24a4-5d1796d42773" testName="AlternateTerms" computerName="MARTIN-PC" duration="00:00:00.0002205" startTime="2011-03-18T15:04:01.6348002+00:00" endTime="2011-03-18T15:04:01.6388005+00:00" testType="13cdc9d9-ddb5-4fa4-a97d-d965ccfc6d4b" outcome="Passed" testListId="8c84fa94-04c1-424b-9868-57a2d4851a1d" relativeResultsDirectory="632444d9-c5b1-4b33-aab3-2e811e359e06">
    </UnitTestResult>
    <UnitTestResult executionId="9b733ff9-aa9e-4743-ac37-695547e19e87" testId="242902ef-27ad-71da-4ce4-82e91c0b5d00" testName="ConcatenationOfTerminalAndNonTerminal" computerName="MARTIN-PC" duration="00:00:00.0005090" startTime="2011-03-18T15:04:01.6398005+00:00" endTime="2011-03-18T15:04:01.6428007+00:00" testType="13cdc9d9-ddb5-4fa4-a97d-d965ccfc6d4b" outcome="Passed" testListId="8c84fa94-04c1-424b-9868-57a2d4851a1d" relativeResultsDirectory="9b733ff9-aa9e-4743-ac37-695547e19e87">
    </UnitTestResult>
    <UnitTestResult executionId="f9a1daf4-d974-457c-9938-42018c28b690" testId="24e0991d-26b5-2600-7eed-ff0f18d23e66" testName="ConcatenateConcatenationRules" computerName="MARTIN-PC" duration="00:00:00.0005276" startTime="2011-03-18T15:04:01.6488010+00:00" endTime="2011-03-18T15:04:01.6538013+00:00" testType="13cdc9d9-ddb5-4fa4-a97d-d965ccfc6d4b" outcome="Passed" testListId="8c84fa94-04c1-424b-9868-57a2d4851a1d" relativeResultsDirectory="f9a1daf4-d974-457c-9938-42018c28b690">
    </UnitTestResult>
    <UnitTestResult executionId="16c47c70-03f6-4c4a-b1ea-3b8af8429d83" testId="2e0f75cc-05ae-6cc1-a3de-727b3fe34122" testName="ConcatenationOfNonTerminalAndString" computerName="MARTIN-PC" duration="00:00:00.0005229" startTime="2011-03-18T15:04:01.6568015+00:00" endTime="2011-03-18T15:04:01.6608017+00:00" testType="13cdc9d9-ddb5-4fa4-a97d-d965ccfc6d4b" outcome="Passed" testListId="8c84fa94-04c1-424b-9868-57a2d4851a1d" relativeResultsDirectory="16c47c70-03f6-4c4a-b1ea-3b8af8429d83">
    </UnitTestResult>
    <UnitTestResult executionId="f02e86da-072b-4cef-b125-61af7ff4a16a" testId="309abaef-5e7a-21da-1899-85ef214de9da" testName="DoNotMatchAStringNotAtIndexZero" computerName="MARTIN-PC" duration="00:00:00.0002175" startTime="2011-03-18T15:04:01.6618018+00:00" endTime="2011-03-18T15:04:01.6658020+00:00" testType="13cdc9d9-ddb5-4fa4-a97d-d965ccfc6d4b" outcome="Passed" testListId="8c84fa94-04c1-424b-9868-57a2d4851a1d" relativeResultsDirectory="f02e86da-072b-4cef-b125-61af7ff4a16a">
    </UnitTestResult>
    <UnitTestResult executionId="3f2bf41a-d0f4-4f1b-9c9b-23740b087fb5" testId="32dd8ca4-83b8-6d80-4c5c-4828d280f87f" testName="ConcatenateConcatenationRuleWithTerminal" computerName="MARTIN-PC" duration="00:00:00.0003839" startTime="2011-03-18T15:04:01.6678021+00:00" endTime="2011-03-18T15:04:01.6708023+00:00" testType="13cdc9d9-ddb5-4fa4-a97d-d965ccfc6d4b" outcome="Passed" testListId="8c84fa94-04c1-424b-9868-57a2d4851a1d" relativeResultsDirectory="3f2bf41a-d0f4-4f1b-9c9b-23740b087fb5">
    </UnitTestResult>
    <UnitTestResult executionId="fae4fca6-3e36-4024-b631-42d0aa0468a9" testId="36242104-b74e-fbcf-0eba-0e47460d90d7" testName="ConstructAGrammar" computerName="MARTIN-PC" duration="00:00:00.0105649" startTime="2011-03-18T15:04:01.6728024+00:00" endTime="2011-03-18T15:04:01.6868032+00:00" testType="13cdc9d9-ddb5-4fa4-a97d-d965ccfc6d4b" outcome="Failed" testListId="8c84fa94-04c1-424b-9868-57a2d4851a1d" relativeResultsDirectory="fae4fca6-3e36-4024-b631-42d0aa0468a9">
      <Output>
        <ErrorInfo>
          <Message>Test method HermesTests.GrammarTest.ConstructAGrammar threw exception: 
System.NotImplementedException: The method or operation is not implemented.</Message>
          <StackTrace>    at HermesTests.GrammarTest.ConstructAGrammar() in C:\Users\Martin\Documents\Visual Studio 2010\Projects\Hermes\HermesTests\GrammarTest.cs:line 28
</StackTrace>
        </ErrorInfo>
      </Output>
    </UnitTestResult>
    <UnitTestResult executionId="0f3fc0ad-f705-40fb-8022-c535adbed721" testId="429f48cc-2b8b-db75-38c8-dfe106f4e216" testName="CorrectLineAndColumnNumbers" computerName="MARTIN-PC" duration="00:00:00.0009939" startTime="2011-03-18T15:04:01.6878033+00:00" endTime="2011-03-18T15:04:01.6928035+00:00" testType="13cdc9d9-ddb5-4fa4-a97d-d965ccfc6d4b" outcome="Passed" testListId="8c84fa94-04c1-424b-9868-57a2d4851a1d" relativeResultsDirectory="0f3fc0ad-f705-40fb-8022-c535adbed721">
    </UnitTestResult>
    <UnitTestResult executionId="9bc153e1-26be-45cf-9df6-43d276fe6ac4" testId="44e9377b-e25e-89e7-5186-1269acd482e1" testName="ConcatenationOfStringAndNonTerminal" computerName="MARTIN-PC" duration="00:00:00.0002428" startTime="2011-03-18T15:04:01.6928035+00:00" endTime="2011-03-18T15:04:01.6978038+00:00" testType="13cdc9d9-ddb5-4fa4-a97d-d965ccfc6d4b" outcome="Passed" testListId="8c84fa94-04c1-424b-9868-57a2d4851a1d" relativeResultsDirectory="9bc153e1-26be-45cf-9df6-43d276fe6ac4">
    </UnitTestResult>
    <UnitTestResult executionId="ead37d50-7182-4a1f-b1ea-d411559db287" testId="50127f22-518b-ba73-ea89-59601e3dd905" testName="ConcatenationOfTypedNonTerminals" computerName="MARTIN-PC" duration="00:00:00.0002581" startTime="2011-03-18T15:04:01.6998039+00:00" endTime="2011-03-18T15:04:01.7058043+00:00" testType="13cdc9d9-ddb5-4fa4-a97d-d965ccfc6d4b" outcome="Passed" testListId="8c84fa94-04c1-424b-9868-57a2d4851a1d" relativeResultsDirectory="ead37d50-7182-4a1f-b1ea-d411559db287">
    </UnitTestResult>
    <UnitTestResult executionId="0a3a0c3d-9921-4c46-9060-cd9dd2d2d6b5" testId="5d695d69-c75e-cd20-56bf-478c02bd221a" testName="ConcatenationOfTerminalAndString" computerName="MARTIN-PC" duration="00:00:00.0002417" startTime="2011-03-18T15:04:01.7098045+00:00" endTime="2011-03-18T15:04:01.7128047+00:00" testType="13cdc9d9-ddb5-4fa4-a97d-d965ccfc6d4b" outcome="Passed" testListId="8c84fa94-04c1-424b-9868-57a2d4851a1d" relativeResultsDirectory="0a3a0c3d-9921-4c46-9060-cd9dd2d2d6b5">
    </UnitTestResult>
    <UnitTestResult executionId="314debab-cca2-4b77-a07d-8b92a6004e3e" testId="604de895-cb53-a9e0-b794-44296dcd3835" testName="ConstructATokenStream" computerName="MARTIN-PC" duration="00:00:00.0004710" startTime="2011-03-18T15:04:01.7138047+00:00" endTime="2011-03-18T15:04:01.7178050+00:00" testType="13cdc9d9-ddb5-4fa4-a97d-d965ccfc6d4b" outcome="Passed" testListId="8c84fa94-04c1-424b-9868-57a2d4851a1d" relativeResultsDirectory="314debab-cca2-4b77-a07d-8b92a6004e3e">
    </UnitTestResult>
    <UnitTestResult executionId="08fb33e3-df81-48cb-ac02-05f66c90c932" testId="63236655-d474-e0a2-4106-219859e6c5c2" testName="ConcatenateTerms" computerName="MARTIN-PC" duration="00:00:00.0001667" startTime="2011-03-18T15:04:01.7198051+00:00" endTime="2011-03-18T15:04:01.7228053+00:00" testType="13cdc9d9-ddb5-4fa4-a97d-d965ccfc6d4b" outcome="Passed" testListId="8c84fa94-04c1-424b-9868-57a2d4851a1d" relativeResultsDirectory="08fb33e3-df81-48cb-ac02-05f66c90c932">
    </UnitTestResult>
    <UnitTestResult executionId="8968e772-cae2-40db-8727-6b4a75df995c" testId="68b42349-bc9a-b261-ad5c-92f6798ba498" testName="ConstructANonTerminal" computerName="MARTIN-PC" duration="00:00:00.0003079" startTime="2011-03-18T15:04:01.7228053+00:00" endTime="2011-03-18T15:04:01.7308057+00:00" testType="13cdc9d9-ddb5-4fa4-a97d-d965ccfc6d4b" outcome="Passed" testListId="8c84fa94-04c1-424b-9868-57a2d4851a1d" relativeResultsDirectory="8968e772-cae2-40db-8727-6b4a75df995c">
    </UnitTestResult>
    <UnitTestResult executionId="3d16fec6-9cdb-49cc-b580-78148ee7c758" testId="71886231-80f6-4830-8e72-dd944911a099" testName="ConcatenationOfTerminalAndString" computerName="MARTIN-PC" duration="00:00:00.0002377" startTime="2011-03-18T15:04:01.7318058+00:00" endTime="2011-03-18T15:04:01.7368061+00:00" testType="13cdc9d9-ddb5-4fa4-a97d-d965ccfc6d4b" outcome="Passed" testListId="8c84fa94-04c1-424b-9868-57a2d4851a1d" relativeResultsDirectory="3d16fec6-9cdb-49cc-b580-78148ee7c758">
    </UnitTestResult>
    <UnitTestResult executionId="b008afc1-9e1e-4a4d-a524-0d1be947075b" testId="7db13936-f24b-55c4-155e-f656c106b534" testName="DoNotMatchAString" computerName="MARTIN-PC" duration="00:00:00.0001535" startTime="2011-03-18T15:04:01.7378061+00:00" endTime="2011-03-18T15:04:01.7418063+00:00" testType="13cdc9d9-ddb5-4fa4-a97d-d965ccfc6d4b" outcome="Passed" testListId="8c84fa94-04c1-424b-9868-57a2d4851a1d" relativeResultsDirectory="b008afc1-9e1e-4a4d-a524-0d1be947075b">
    </UnitTestResult>
    <UnitTestResult executionId="db8b9677-25c4-4484-820e-4e4a975edbe6" testId="7f24a203-e1ab-7aaf-7e0e-53e514a18c3b" testName="ConcatenationOfStringAndTerminal" computerName="MARTIN-PC" duration="00:00:00.0002285" startTime="2011-03-18T15:04:01.7428064+00:00" endTime="2011-03-18T15:04:01.7468066+00:00" testType="13cdc9d9-ddb5-4fa4-a97d-d965ccfc6d4b" outcome="Passed" testListId="8c84fa94-04c1-424b-9868-57a2d4851a1d" relativeResultsDirectory="db8b9677-25c4-4484-820e-4e4a975edbe6">
    </UnitTestResult>
    <UnitTestResult executionId="0757d48b-5f3b-4b65-b545-dd6214f88deb" testId="82518f97-f216-4a8d-ed0f-a9963b85d416" testName="ConcatenationOfStringAndTerminal" computerName="MARTIN-PC" duration="00:00:00.0002175" startTime="2011-03-18T15:04:01.7478067+00:00" endTime="2011-03-18T15:04:01.7508069+00:00" testType="13cdc9d9-ddb5-4fa4-a97d-d965ccfc6d4b" outcome="Passed" testListId="8c84fa94-04c1-424b-9868-57a2d4851a1d" relativeResultsDirectory="0757d48b-5f3b-4b65-b545-dd6214f88deb">
    </UnitTestResult>
    <UnitTestResult executionId="82556f5b-d667-4b6b-8782-b6ce2cecdc9b" testId="89f8a49a-069f-56ae-654e-3718306f122c" testName="ConcatenationOfUntypedTerminals" computerName="MARTIN-PC" duration="00:00:00.0001762" startTime="2011-03-18T15:04:01.7518069+00:00" endTime="2011-03-18T15:04:01.7548071+00:00" testType="13cdc9d9-ddb5-4fa4-a97d-d965ccfc6d4b" outcome="Passed" testListId="8c84fa94-04c1-424b-9868-57a2d4851a1d" relativeResultsDirectory="82556f5b-d667-4b6b-8782-b6ce2cecdc9b">
    </UnitTestResult>
    <UnitTestResult executionId="b5491ba7-a5ff-4d1d-8d3f-3efd6b812441" testId="950c58d1-9e16-eddb-2559-4fab05f29733" testName="ConcatenateConcatenationRuleWithNonTerminal" computerName="MARTIN-PC" duration="00:00:00.0006099" startTime="2011-03-18T15:04:01.7558071+00:00" endTime="2011-03-18T15:04:01.7598074+00:00" testType="13cdc9d9-ddb5-4fa4-a97d-d965ccfc6d4b" outcome="Passed" testListId="8c84fa94-04c1-424b-9868-57a2d4851a1d" relativeResultsDirectory="b5491ba7-a5ff-4d1d-8d3f-3efd6b812441">
    </UnitTestResult>
    <UnitTestResult executionId="a91ad761-cc52-40e0-8b4f-5d8779c79af9" testId="972f115f-5f71-e6f9-0a7a-7c57f892875b" testName="CastStringIntoTerminal" computerName="MARTIN-PC" duration="00:00:00.0001290" startTime="2011-03-18T15:04:01.7608074+00:00" endTime="2011-03-18T15:04:01.7638076+00:00" testType="13cdc9d9-ddb5-4fa4-a97d-d965ccfc6d4b" outcome="Passed" testListId="8c84fa94-04c1-424b-9868-57a2d4851a1d" relativeResultsDirectory="a91ad761-cc52-40e0-8b4f-5d8779c79af9">
    </UnitTestResult>
    <UnitTestResult executionId="6ef070b1-8860-4409-a213-ad15c319dd3c" testId="9e077d99-7ec2-e148-8b6d-478518f7d60a" testName="ConstructTerminal" computerName="MARTIN-PC" duration="00:00:00.0001247" startTime="2011-03-18T15:04:01.7658077+00:00" endTime="2011-03-18T15:04:01.7688079+00:00" testType="13cdc9d9-ddb5-4fa4-a97d-d965ccfc6d4b" outcome="Passed" testListId="8c84fa94-04c1-424b-9868-57a2d4851a1d" relativeResultsDirectory="6ef070b1-8860-4409-a213-ad15c319dd3c">
    </UnitTestResult>
    <UnitTestResult executionId="b46ab6e1-a327-45c1-9358-0d15b62b1e3e" testId="9eb5f561-003d-1c75-055b-21bdfe54fcd0" testName="ConcatenationOfUntypedTerminals" computerName="MARTIN-PC" duration="00:00:00.0002852" startTime="2011-03-18T15:04:01.7698079+00:00" endTime="2011-03-18T15:04:01.7728081+00:00" testType="13cdc9d9-ddb5-4fa4-a97d-d965ccfc6d4b" outcome="Passed" testListId="8c84fa94-04c1-424b-9868-57a2d4851a1d" relativeResultsDirectory="b46ab6e1-a327-45c1-9358-0d15b62b1e3e">
    </UnitTestResult>
    <UnitTestResult executionId="ef6b8250-e12a-402f-a200-b463f82befde" testId="9ee61ac8-b0c0-944e-4dbe-97d4e6feb90b" testName="ConcatenateConcatenationRuleWithTerminal" computerName="MARTIN-PC" duration="00:00:00.0002713" startTime="2011-03-18T15:04:01.7748082+00:00" endTime="2011-03-18T15:04:01.7778084+00:00" testType="13cdc9d9-ddb5-4fa4-a97d-d965ccfc6d4b" outcome="Passed" testListId="8c84fa94-04c1-424b-9868-57a2d4851a1d" relativeResultsDirectory="ef6b8250-e12a-402f-a200-b463f82befde">
    </UnitTestResult>
    <UnitTestResult executionId="75c9b49c-8166-427a-8375-d3a8caaa5501" testId="a1297c0c-fa57-105a-7c73-46300d05a0d0" testName="MatchAStringNotAtIndexZeroButWithOffset" computerName="MARTIN-PC" duration="00:00:00.0001762" startTime="2011-03-18T15:04:01.7788085+00:00" endTime="2011-03-18T15:04:01.7828087+00:00" testType="13cdc9d9-ddb5-4fa4-a97d-d965ccfc6d4b" outcome="Passed" testListId="8c84fa94-04c1-424b-9868-57a2d4851a1d" relativeResultsDirectory="75c9b49c-8166-427a-8375-d3a8caaa5501">
    </UnitTestResult>
    <UnitTestResult executionId="44f78707-ee29-498a-a479-ce8c0848a878" testId="a447929c-b3b6-a35b-61b8-c33fd8ec03a0" testName="ConcatenateConcatenationRuleWithNonTerminal" computerName="MARTIN-PC" duration="00:00:00.0002497" startTime="2011-03-18T15:04:01.7858089+00:00" endTime="2011-03-18T15:04:01.7918092+00:00" testType="13cdc9d9-ddb5-4fa4-a97d-d965ccfc6d4b" outcome="Passed" testListId="8c84fa94-04c1-424b-9868-57a2d4851a1d" relativeResultsDirectory="44f78707-ee29-498a-a479-ce8c0848a878">
    </UnitTestResult>
    <UnitTestResult executionId="d8ffcd3f-800c-4fa7-b3ef-c2fb70b77738" testId="a68b0502-c526-299b-5956-cec5b457ae4d" testName="ReadATokenStream" computerName="MARTIN-PC" duration="00:00:00.0004560" startTime="2011-03-18T15:04:01.7938093+00:00" endTime="2011-03-18T15:04:01.7978095+00:00" testType="13cdc9d9-ddb5-4fa4-a97d-d965ccfc6d4b" outcome="Passed" testListId="8c84fa94-04c1-424b-9868-57a2d4851a1d" relativeResultsDirectory="d8ffcd3f-800c-4fa7-b3ef-c2fb70b77738">
    </UnitTestResult>
    <UnitTestResult executionId="8baad467-318b-43c0-bc93-a0369f679e26" testId="a6e4368c-8e16-de9c-d31b-bf8e998cdbac" testName="ConcatenationOfNonTerminalAndTerminal" computerName="MARTIN-PC" duration="00:00:00.0002227" startTime="2011-03-18T15:04:01.7988096+00:00" endTime="2011-03-18T15:04:01.8028098+00:00" testType="13cdc9d9-ddb5-4fa4-a97d-d965ccfc6d4b" outcome="Passed" testListId="8c84fa94-04c1-424b-9868-57a2d4851a1d" relativeResultsDirectory="8baad467-318b-43c0-bc93-a0369f679e26">
    </UnitTestResult>
    <UnitTestResult executionId="ba4fffdf-a0a5-4ee1-b512-aa55c989fbe5" testId="a9789f0a-4478-1a62-828d-2cd78252d19e" testName="CastBnfTermIntoConcatenationRule" computerName="MARTIN-PC" duration="00:00:00.0001524" startTime="2011-03-18T15:04:01.8048099+00:00" endTime="2011-03-18T15:04:01.8088102+00:00" testType="13cdc9d9-ddb5-4fa4-a97d-d965ccfc6d4b" outcome="Passed" testListId="8c84fa94-04c1-424b-9868-57a2d4851a1d" relativeResultsDirectory="ba4fffdf-a0a5-4ee1-b512-aa55c989fbe5">
    </UnitTestResult>
    <UnitTestResult executionId="5bd4c443-925d-4f2c-9e75-94ff1aec750c" testId="b9053de6-96b9-1509-acd4-a96ca1347b3d" testName="ConcatenationOfTypedNonTerminals" computerName="MARTIN-PC" duration="00:00:00.0002230" startTime="2011-03-18T15:04:01.8098102+00:00" endTime="2011-03-18T15:04:01.8148105+00:00" testType="13cdc9d9-ddb5-4fa4-a97d-d965ccfc6d4b" outcome="Passed" testListId="8c84fa94-04c1-424b-9868-57a2d4851a1d" relativeResultsDirectory="5bd4c443-925d-4f2c-9e75-94ff1aec750c">
    </UnitTestResult>
    <UnitTestResult executionId="faa276a2-5a90-44e8-873f-81198bfe5ef8" testId="c48bba04-4fb9-7c8f-6c80-2581029b8a7f" testName="ConcatenationOfTerminalAndNonTerminal" computerName="MARTIN-PC" duration="00:00:00.0002384" startTime="2011-03-18T15:04:01.8178107+00:00" endTime="2011-03-18T15:04:01.8208109+00:00" testType="13cdc9d9-ddb5-4fa4-a97d-d965ccfc6d4b" outcome="Passed" testListId="8c84fa94-04c1-424b-9868-57a2d4851a1d" relativeResultsDirectory="faa276a2-5a90-44e8-873f-81198bfe5ef8">
    </UnitTestResult>
    <UnitTestResult executionId="75edc5e0-f93c-4f69-b6e1-0b5328b41b3e" testId="cff5d6f1-163c-7c0b-70eb-1117e4f6f42f" testName="IsWhitespaceIgnored" computerName="MARTIN-PC" duration="00:00:00.0004483" startTime="2011-03-18T15:04:01.8218109+00:00" endTime="2011-03-18T15:04:01.8268112+00:00" testType="13cdc9d9-ddb5-4fa4-a97d-d965ccfc6d4b" outcome="Passed" testListId="8c84fa94-04c1-424b-9868-57a2d4851a1d" relativeResultsDirectory="75edc5e0-f93c-4f69-b6e1-0b5328b41b3e">
    </UnitTestResult>
    <UnitTestResult executionId="722046fe-5765-4df4-96f9-92dafa78d68e" testId="d4ab72ca-3b2a-cffc-53ca-f1e3327b3ebe" testName="ConcatenationOfStringAndNonTerminal" computerName="MARTIN-PC" duration="00:00:00.0003152" startTime="2011-03-18T15:04:01.8288113+00:00" endTime="2011-03-18T15:04:01.8328115+00:00" testType="13cdc9d9-ddb5-4fa4-a97d-d965ccfc6d4b" outcome="Passed" testListId="8c84fa94-04c1-424b-9868-57a2d4851a1d" relativeResultsDirectory="722046fe-5765-4df4-96f9-92dafa78d68e">
    </UnitTestResult>
    <UnitTestResult executionId="3ee477da-a7db-49be-ba91-0f39be7fc51a" testId="e176d6c3-6654-6f09-56fc-75d4b91d30b1" testName="CastStringIntoTerminal" computerName="MARTIN-PC" duration="00:00:00.0001799" startTime="2011-03-18T15:04:01.8348117+00:00" endTime="2011-03-18T15:04:01.8388119+00:00" testType="13cdc9d9-ddb5-4fa4-a97d-d965ccfc6d4b" outcome="Passed" testListId="8c84fa94-04c1-424b-9868-57a2d4851a1d" relativeResultsDirectory="3ee477da-a7db-49be-ba91-0f39be7fc51a">
    </UnitTestResult>
    <UnitTestResult executionId="b16b96fa-f533-482b-bf6c-99cdfdc950f7" testId="e34f2a75-40af-449c-71f1-2093efbfcfe8" testName="TerminalPlusTerminalReturnsRule" computerName="MARTIN-PC" duration="00:00:00.0009939" startTime="2011-03-18T15:04:01.8408120+00:00" endTime="2011-03-18T15:04:01.8448122+00:00" testType="13cdc9d9-ddb5-4fa4-a97d-d965ccfc6d4b" outcome="Passed" testListId="8c84fa94-04c1-424b-9868-57a2d4851a1d" relativeResultsDirectory="b16b96fa-f533-482b-bf6c-99cdfdc950f7">
    </UnitTestResult>
    <UnitTestResult executionId="d39681de-9d5d-4b4f-8da2-5f0ed5127a3d" testId="e5138bd5-d1a4-9de0-f29b-b05afabb475e" testName="MatchAString" computerName="MARTIN-PC" duration="00:00:00.0001945" startTime="2011-03-18T15:04:01.8468123+00:00" endTime="2011-03-18T15:04:01.8508126+00:00" testType="13cdc9d9-ddb5-4fa4-a97d-d965ccfc6d4b" outcome="Passed" testListId="8c84fa94-04c1-424b-9868-57a2d4851a1d" relativeResultsDirectory="d39681de-9d5d-4b4f-8da2-5f0ed5127a3d">
    </UnitTestResult>
    <UnitTestResult executionId="91900fc5-336f-442e-83e5-339880778add" testId="eaa7e3d9-5735-99be-cbc6-9447adcf9f24" testName="CastConcatenationRuleIntoAlternationRule" computerName="MARTIN-PC" duration="00:00:00.0001674" startTime="2011-03-18T15:04:01.8528127+00:00" endTime="2011-03-18T15:04:01.8568129+00:00" testType="13cdc9d9-ddb5-4fa4-a97d-d965ccfc6d4b" outcome="Passed" testListId="8c84fa94-04c1-424b-9868-57a2d4851a1d" relativeResultsDirectory="91900fc5-336f-442e-83e5-339880778add">
    </UnitTestResult>
    <UnitTestResult executionId="9e1dc6f2-11a6-4d81-b592-bf6d01cc5ca0" testId="ec3aedc7-42bf-e2d5-e241-a02f33d1a39e" testName="ConcatenationOfTypedTerminals" computerName="MARTIN-PC" duration="00:00:00.0002373" startTime="2011-03-18T15:04:01.8578130+00:00" endTime="2011-03-18T15:04:01.8618132+00:00" testType="13cdc9d9-ddb5-4fa4-a97d-d965ccfc6d4b" outcome="Passed" testListId="8c84fa94-04c1-424b-9868-57a2d4851a1d" relativeResultsDirectory="9e1dc6f2-11a6-4d81-b592-bf6d01cc5ca0">
    </UnitTestResult>
    <UnitTestResult executionId="e96c7045-9900-4af4-a8a0-8c99188ae6b8" testId="eefb3d44-e0d5-00f5-893d-dc0765ca8824" testName="ConcatenateConcatenationRuleWithString" computerName="MARTIN-PC" duration="00:00:00.0002263" startTime="2011-03-18T15:04:01.8648134+00:00" endTime="2011-03-18T15:04:01.8678135+00:00" testType="13cdc9d9-ddb5-4fa4-a97d-d965ccfc6d4b" outcome="Passed" testListId="8c84fa94-04c1-424b-9868-57a2d4851a1d" relativeResultsDirectory="e96c7045-9900-4af4-a8a0-8c99188ae6b8">
    </UnitTestResult>
    <UnitTestResult executionId="4c8c1eb2-7842-4f9b-bced-07f8d2d25edf" testId="f223f713-4e8b-de5f-a42c-1fb64190de91" testName="ConcatenationOfNonTerminalAndString" computerName="MARTIN-PC" duration="00:00:00.0002124" startTime="2011-03-18T15:04:01.8688136+00:00" endTime="2011-03-18T15:04:01.8738139+00:00" testType="13cdc9d9-ddb5-4fa4-a97d-d965ccfc6d4b" outcome="Passed" testListId="8c84fa94-04c1-424b-9868-57a2d4851a1d" relativeResultsDirectory="4c8c1eb2-7842-4f9b-bced-07f8d2d25edf">
    </UnitTestResult>
    <UnitTestResult executionId="5ec922ba-0801-4bdf-a61d-5e6e3fbea2c5" testId="f2d2b3b1-c00a-637e-7dd6-e1f78615cce8" testName="ConcatenationOfNonTerminalAndTerminal" computerName="MARTIN-PC" duration="00:00:00.0002300" startTime="2011-03-18T15:04:01.8748139+00:00" endTime="2011-03-18T15:04:01.8788142+00:00" testType="13cdc9d9-ddb5-4fa4-a97d-d965ccfc6d4b" outcome="Passed" testListId="8c84fa94-04c1-424b-9868-57a2d4851a1d" relativeResultsDirectory="5ec922ba-0801-4bdf-a61d-5e6e3fbea2c5">
    </UnitTestResult>
    <UnitTestResult executionId="0bf0a0fb-5bdb-4afa-897a-382e11c48750" testId="f361bf6f-6274-717c-addf-54d14527e4bc" testName="CastStringIntoConcatenationRule" computerName="MARTIN-PC" duration="00:00:00.0001195" startTime="2011-03-18T15:04:01.8808143+00:00" endTime="2011-03-18T15:04:01.8838145+00:00" testType="13cdc9d9-ddb5-4fa4-a97d-d965ccfc6d4b" outcome="Passed" testListId="8c84fa94-04c1-424b-9868-57a2d4851a1d" relativeResultsDirectory="0bf0a0fb-5bdb-4afa-897a-382e11c48750">
    </UnitTestResult>
    <UnitTestResult executionId="052a5e13-b6ca-414a-81bc-a2096d3f072b" testId="fcaf3cb3-b4cd-6a40-9262-02a569e1b51d" testName="ConcatenateConcatenationRuleWithString" computerName="MARTIN-PC" duration="00:00:00.0003086" startTime="2011-03-18T15:04:01.8868146+00:00" endTime="2011-03-18T15:04:01.8908149+00:00" testType="13cdc9d9-ddb5-4fa4-a97d-d965ccfc6d4b" outcome="Passed" testListId="8c84fa94-04c1-424b-9868-57a2d4851a1d" relativeResultsDirectory="052a5e13-b6ca-414a-81bc-a2096d3f072b">
    </UnitTestResult>
  </Results>
</TestRun>