<?xml version="1.0" encoding="UTF-8"?>
<TestRun id="0fbab0e4-1f48-41b0-809f-201f420ea134" name="Martin@MARTIN-PC 2011-04-25 15:23:48" runUser="Martin-PC\Martin" xmlns="http://microsoft.com/schemas/VisualStudio/TeamTest/2010">
  <TestSettings name="Local" id="c13f3ac4-e06d-4c27-8158-208f7bf0acb6">
    <Description>These are default test settings for a local test run.</Description>
    <Deployment enabled="false" runDeploymentRoot="Martin_MARTIN-PC 2011-04-25 15_23_48">
      <DeploymentItem filename="C:\Users\Martin\Documents\Visual Studio 2010\Projects\Hermes\Hermes\bin\Debug\Hermes.dll" />
    </Deployment>
    <Execution>
      <TestTypeSpecific />
      <AgentRule name="Execution Agents">
      </AgentRule>
    </Execution>
  </TestSettings>
  <Times creation="2011-04-25T15:23:48.5953668+01:00" queuing="2011-04-25T15:23:48.7653766+01:00" start="2011-04-25T15:23:48.7923781+01:00" finish="2011-04-25T15:23:49.0543931+01:00" />
  <ResultSummary outcome="Failed">
    <Counters total="1" executed="1" error="0" failed="1" timeout="0" aborted="0" inconclusive="0" passedButRunAborted="0" notRunnable="0" notExecuted="0" disconnected="0" warning="0" passed="0" completed="0" inProgress="0" pending="0" />
  </ResultSummary>
  <TestDefinitions>
    <UnitTest name="ConstructRecursiveDescentParser" storage="c:\users\martin\documents\visual studio 2010\projects\hermes\hermestests\bin\debug\hermestests.dll" id="ec17d828-5496-163d-69a5-8bce54583178">
      <Execution id="2793664a-8891-4069-9d10-f0f2be198130" />
      <TestMethod codeBase="C:/Users/Martin/Documents/Visual Studio 2010/Projects/Hermes/HermesTests/bin/Debug/HermesTests.DLL" adapterTypeName="Microsoft.VisualStudio.TestTools.TestTypes.Unit.UnitTestAdapter, Microsoft.VisualStudio.QualityTools.Tips.UnitTest.Adapter, Version=10.0.0.0, Culture=neutral, PublicKeyToken=b03f5f7f11d50a3a" className="HermesTests.RecursiveDescentTests, HermesTests, Version=1.0.0.0, Culture=neutral, PublicKeyToken=null" name="ConstructRecursiveDescentParser" />
    </UnitTest>
  </TestDefinitions>
  <TestLists>
    <TestList name="Results Not in a List" id="8c84fa94-04c1-424b-9868-57a2d4851a1d" />
    <TestList name="All Loaded Results" id="19431567-8539-422a-85d7-44ee4e166bda" />
  </TestLists>
  <TestEntries>
    <TestEntry testId="ec17d828-5496-163d-69a5-8bce54583178" executionId="2793664a-8891-4069-9d10-f0f2be198130" testListId="8c84fa94-04c1-424b-9868-57a2d4851a1d" />
  </TestEntries>
  <Results>
    <UnitTestResult executionId="2793664a-8891-4069-9d10-f0f2be198130" testId="ec17d828-5496-163d-69a5-8bce54583178" testName="ConstructRecursiveDescentParser" computerName="MARTIN-PC" duration="00:00:00.0444011" startTime="2011-04-25T15:23:48.7993785+01:00" endTime="2011-04-25T15:23:49.0383922+01:00" testType="13cdc9d9-ddb5-4fa4-a97d-d965ccfc6d4b" outcome="Failed" testListId="8c84fa94-04c1-424b-9868-57a2d4851a1d" relativeResultsDirectory="2793664a-8891-4069-9d10-f0f2be198130">
      <Output>
        <ErrorInfo>
          <Message>Test method HermesTests.RecursiveDescentTests.ConstructRecursiveDescentParser threw exception: 
Hermes.Bnf.InvalidGrammarException: Grammar is not LL(1)</Message>
          <StackTrace>    at Hermes.Parsers.RecursiveDescentParser.Assign(NonTerminal head, Terminal term, Production production) in C:\Users\Martin\Documents\Visual Studio 2010\Projects\Hermes\Hermes\Parsers\RecursiveDescentParser.cs:line 53
   at Hermes.Parsers.RecursiveDescentParser.ConstructPredictiveParseTable() in C:\Users\Martin\Documents\Visual Studio 2010\Projects\Hermes\Hermes\Parsers\RecursiveDescentParser.cs:line 45
   at Hermes.Parsers.RecursiveDescentParser..ctor(Grammar g) in C:\Users\Martin\Documents\Visual Studio 2010\Projects\Hermes\Hermes\Parsers\RecursiveDescentParser.cs:line 22
   at HermesTests.RecursiveDescentTests.ConstructRecursiveDescentParser() in C:\Users\Martin\Documents\Visual Studio 2010\Projects\Hermes\HermesTests\RecursiveDescentTests.cs:line 21
</StackTrace>
        </ErrorInfo>
      </Output>
    </UnitTestResult>
  </Results>
</TestRun>