<?xml version="1.0" encoding="UTF-8"?>
<TestRun id="5540280a-7399-4b03-8023-c6b7a9fecebc" name="Martin@MARTIN-PC 2011-03-18 14:39:41" runUser="Martin-PC\Martin" xmlns="http://microsoft.com/schemas/VisualStudio/TeamTest/2010">
  <TestSettings name="Local" id="c13f3ac4-e06d-4c27-8158-208f7bf0acb6">
    <Description>These are default test settings for a local test run.</Description>
    <Deployment enabled="false" runDeploymentRoot="Martin_MARTIN-PC 2011-03-18 14_39_41">
      <DeploymentItem filename="C:\Users\Martin\Documents\Visual Studio 2010\Projects\Hermes\Hermes\bin\Debug\Hermes.dll" />
    </Deployment>
    <Execution>
      <TestTypeSpecific />
      <AgentRule name="Execution Agents">
      </AgentRule>
    </Execution>
  </TestSettings>
  <Times creation="2011-03-18T14:39:41.3612774+00:00" queuing="2011-03-18T14:39:41.4112802+00:00" start="2011-03-18T14:39:41.4192807+00:00" finish="2011-03-18T14:39:41.6252925+00:00" />
  <ResultSummary outcome="Completed">
    <Counters total="1" executed="1" passed="1" error="0" failed="0" timeout="0" aborted="0" inconclusive="0" passedButRunAborted="0" notRunnable="0" notExecuted="0" disconnected="0" warning="0" completed="0" inProgress="0" pending="0" />
  </ResultSummary>
  <TestDefinitions>
    <UnitTest name="ConcatenationOfUntypedTerminals" storage="c:\users\martin\documents\visual studio 2010\projects\hermes\hermestests\bin\debug\hermestests.dll" id="8182a2a7-8e5d-c3d9-030b-ad537260c9a4">
      <Execution id="03234c7f-e5fe-4dd4-8092-e08d09efbe23" />
      <TestMethod codeBase="C:/Users/Martin/Documents/Visual Studio 2010/Projects/Hermes/HermesTests/bin/Debug/HermesTests.DLL" adapterTypeName="Microsoft.VisualStudio.TestTools.TestTypes.Unit.UnitTestAdapter, Microsoft.VisualStudio.QualityTools.Tips.UnitTest.Adapter, Version=10.0.0.0, Culture=neutral, PublicKeyToken=b03f5f7f11d50a3a" className="HermesTests.ImplicitCastingTests, HermesTests, Version=1.0.0.0, Culture=neutral, PublicKeyToken=null" name="ConcatenationOfUntypedTerminals" />
    </UnitTest>
  </TestDefinitions>
  <TestLists>
    <TestList name="Results Not in a List" id="8c84fa94-04c1-424b-9868-57a2d4851a1d" />
    <TestList name="All Loaded Results" id="19431567-8539-422a-85d7-44ee4e166bda" />
  </TestLists>
  <TestEntries>
    <TestEntry testId="8182a2a7-8e5d-c3d9-030b-ad537260c9a4" executionId="03234c7f-e5fe-4dd4-8092-e08d09efbe23" testListId="8c84fa94-04c1-424b-9868-57a2d4851a1d" />
  </TestEntries>
  <Results>
    <UnitTestResult executionId="03234c7f-e5fe-4dd4-8092-e08d09efbe23" testId="8182a2a7-8e5d-c3d9-030b-ad537260c9a4" testName="ConcatenationOfUntypedTerminals" computerName="MARTIN-PC" duration="00:00:00.0109562" startTime="2011-03-18T14:39:41.4282812+00:00" endTime="2011-03-18T14:39:41.6142918+00:00" testType="13cdc9d9-ddb5-4fa4-a97d-d965ccfc6d4b" outcome="Passed" testListId="8c84fa94-04c1-424b-9868-57a2d4851a1d" relativeResultsDirectory="03234c7f-e5fe-4dd4-8092-e08d09efbe23">
    </UnitTestResult>
  </Results>
</TestRun>