<?xml version="1.0" encoding="UTF-8"?>
<TestRun id="20c8b350-d46a-4176-8ea0-dcad0f3aea84" name="Martin@MARTIN-PC 2011-03-18 15:03:46" runUser="Martin-PC\Martin" xmlns="http://microsoft.com/schemas/VisualStudio/TeamTest/2010">
  <TestSettings name="Local" id="c13f3ac4-e06d-4c27-8158-208f7bf0acb6">
    <Description>These are default test settings for a local test run.</Description>
    <Deployment enabled="false" runDeploymentRoot="Martin_MARTIN-PC 2011-03-18 15_03_46">
      <DeploymentItem filename="C:\Users\Martin\Documents\Visual Studio 2010\Projects\Hermes\Hermes\bin\Debug\Hermes.dll" />
    </Deployment>
    <Execution>
      <TestTypeSpecific />
      <AgentRule name="Execution Agents">
      </AgentRule>
    </Execution>
  </TestSettings>
  <Times creation="2011-03-18T15:03:46.8059521+00:00" queuing="2011-03-18T15:03:46.9749617+00:00" start="2011-03-18T15:03:46.9869624+00:00" finish="2011-03-18T15:03:47.5259932+00:00" />
  <ResultSummary outcome="Failed">
    <Counters total="45" executed="45" passed="43" error="0" failed="2" timeout="0" aborted="0" inconclusive="0" passedButRunAborted="0" notRunnable="0" notExecuted="0" disconnected="0" warning="0" completed="0" inProgress="0" pending="0" />
  </ResultSummary>
  <TestDefinitions>
    <UnitTest name="ConcatenateConcatenationRuleWithTerminal" storage="c:\users\martin\documents\visual studio 2010\projects\hermes\hermestests\bin\debug\hermestests.dll" id="32dd8ca4-83b8-6d80-4c5c-4828d280f87f">
      <Execution id="5f0e94cf-8cc1-4c6e-89fe-8f3022beb310" />
      <TestMethod codeBase="C:/Users/Martin/Documents/Visual Studio 2010/Projects/Hermes/HermesTests/bin/Debug/HermesTests.DLL" adapterTypeName="Microsoft.VisualStudio.TestTools.TestTypes.Unit.UnitTestAdapter, Microsoft.VisualStudio.QualityTools.Tips.UnitTest.Adapter, Version=10.0.0.0, Culture=neutral, PublicKeyToken=b03f5f7f11d50a3a" className="HermesTests.ConcatenationTesting, HermesTests, Version=1.0.0.0, Culture=neutral, PublicKeyToken=null" name="ConcatenateConcatenationRuleWithTerminal" />
    </UnitTest>
    <UnitTest name="ConcatenateConcatenationRules" storage="c:\users\martin\documents\visual studio 2010\projects\hermes\hermestests\bin\debug\hermestests.dll" id="24e0991d-26b5-2600-7eed-ff0f18d23e66">
      <Execution id="d896487b-e81b-4527-8b3b-909d9109d285" />
      <TestMethod codeBase="C:/Users/Martin/Documents/Visual Studio 2010/Projects/Hermes/HermesTests/bin/Debug/HermesTests.DLL" adapterTypeName="Microsoft.VisualStudio.TestTools.TestTypes.Unit.UnitTestAdapter, Microsoft.VisualStudio.QualityTools.Tips.UnitTest.Adapter, Version=10.0.0.0, Culture=neutral, PublicKeyToken=b03f5f7f11d50a3a" className="HermesTests.ConcatenationRuleTest, HermesTests, Version=1.0.0.0, Culture=neutral, PublicKeyToken=null" name="ConcatenateConcatenationRules" />
    </UnitTest>
    <UnitTest name="MatchAString" storage="c:\users\martin\documents\visual studio 2010\projects\hermes\hermestests\bin\debug\hermestests.dll" id="e5138bd5-d1a4-9de0-f29b-b05afabb475e">
      <Execution id="39085a75-fb97-4b36-9094-d1ae493e4f66" />
      <TestMethod codeBase="C:/Users/Martin/Documents/Visual Studio 2010/Projects/Hermes/HermesTests/bin/Debug/HermesTests.DLL" adapterTypeName="Microsoft.VisualStudio.TestTools.TestTypes.Unit.UnitTestAdapter, Microsoft.VisualStudio.QualityTools.Tips.UnitTest.Adapter, Version=10.0.0.0, Culture=neutral, PublicKeyToken=b03f5f7f11d50a3a" className="HermesTests.TerminalTest, HermesTests, Version=1.0.0.0, Culture=neutral, PublicKeyToken=null" name="MatchAString" />
    </UnitTest>
    <UnitTest name="ConcatenationOfUntypedTerminals" storage="c:\users\martin\documents\visual studio 2010\projects\hermes\hermestests\bin\debug\hermestests.dll" id="89f8a49a-069f-56ae-654e-3718306f122c">
      <Execution id="ae802f6d-ead5-4a9f-95f4-49c10467dcb9" />
      <TestMethod codeBase="C:/Users/Martin/Documents/Visual Studio 2010/Projects/Hermes/HermesTests/bin/Debug/HermesTests.DLL" adapterTypeName="Microsoft.VisualStudio.TestTools.TestTypes.Unit.UnitTestAdapter, Microsoft.VisualStudio.QualityTools.Tips.UnitTest.Adapter, Version=10.0.0.0, Culture=neutral, PublicKeyToken=b03f5f7f11d50a3a" className="HermesTests.ConcatenationTesting, HermesTests, Version=1.0.0.0, Culture=neutral, PublicKeyToken=null" name="ConcatenationOfUntypedTerminals" />
    </UnitTest>
    <UnitTest name="ConcatenationOfStringAndNonTerminal" storage="c:\users\martin\documents\visual studio 2010\projects\hermes\hermestests\bin\debug\hermestests.dll" id="d4ab72ca-3b2a-cffc-53ca-f1e3327b3ebe">
      <Execution id="0bbd8955-d7b1-40fd-9cb3-d4558482b228" />
      <TestMethod codeBase="C:/Users/Martin/Documents/Visual Studio 2010/Projects/Hermes/HermesTests/bin/Debug/HermesTests.DLL" adapterTypeName="Microsoft.VisualStudio.TestTools.TestTypes.Unit.UnitTestAdapter, Microsoft.VisualStudio.QualityTools.Tips.UnitTest.Adapter, Version=10.0.0.0, Culture=neutral, PublicKeyToken=b03f5f7f11d50a3a" className="HermesTests.ConcatenationTesting, HermesTests, Version=1.0.0.0, Culture=neutral, PublicKeyToken=null" name="ConcatenationOfStringAndNonTerminal" />
    </UnitTest>
    <UnitTest name="ConcatenationOfTerminalAndNonTerminal" storage="c:\users\martin\documents\visual studio 2010\projects\hermes\hermestests\bin\debug\hermestests.dll" id="242902ef-27ad-71da-4ce4-82e91c0b5d00">
      <Execution id="c8c1dc01-57b4-456c-ab48-be4987e57d87" />
      <TestMethod codeBase="C:/Users/Martin/Documents/Visual Studio 2010/Projects/Hermes/HermesTests/bin/Debug/HermesTests.DLL" adapterTypeName="Microsoft.VisualStudio.TestTools.TestTypes.Unit.UnitTestAdapter, Microsoft.VisualStudio.QualityTools.Tips.UnitTest.Adapter, Version=10.0.0.0, Culture=neutral, PublicKeyToken=b03f5f7f11d50a3a" className="HermesTests.AlternationTesting+ConcatenationTesting, HermesTests, Version=1.0.0.0, Culture=neutral, PublicKeyToken=null" name="ConcatenationOfTerminalAndNonTerminal" />
    </UnitTest>
    <UnitTest name="ConcatenationOfStringAndTerminal" storage="c:\users\martin\documents\visual studio 2010\projects\hermes\hermestests\bin\debug\hermestests.dll" id="7f24a203-e1ab-7aaf-7e0e-53e514a18c3b">
      <Execution id="9a07e5ce-ed8d-4542-96f8-68220b7b3796" />
      <TestMethod codeBase="C:/Users/Martin/Documents/Visual Studio 2010/Projects/Hermes/HermesTests/bin/Debug/HermesTests.DLL" adapterTypeName="Microsoft.VisualStudio.TestTools.TestTypes.Unit.UnitTestAdapter, Microsoft.VisualStudio.QualityTools.Tips.UnitTest.Adapter, Version=10.0.0.0, Culture=neutral, PublicKeyToken=b03f5f7f11d50a3a" className="HermesTests.AlternationTesting+ConcatenationTesting, HermesTests, Version=1.0.0.0, Culture=neutral, PublicKeyToken=null" name="ConcatenationOfStringAndTerminal" />
    </UnitTest>
    <UnitTest name="CastStringIntoTerminal" storage="c:\users\martin\documents\visual studio 2010\projects\hermes\hermestests\bin\debug\hermestests.dll" id="e176d6c3-6654-6f09-56fc-75d4b91d30b1">
      <Execution id="b5523450-2c1b-4e79-8777-78a99764b81b" />
      <TestMethod codeBase="C:/Users/Martin/Documents/Visual Studio 2010/Projects/Hermes/HermesTests/bin/Debug/HermesTests.DLL" adapterTypeName="Microsoft.VisualStudio.TestTools.TestTypes.Unit.UnitTestAdapter, Microsoft.VisualStudio.QualityTools.Tips.UnitTest.Adapter, Version=10.0.0.0, Culture=neutral, PublicKeyToken=b03f5f7f11d50a3a" className="HermesTests.TerminalTest, HermesTests, Version=1.0.0.0, Culture=neutral, PublicKeyToken=null" name="CastStringIntoTerminal" />
    </UnitTest>
    <UnitTest name="AlternateTerms" storage="c:\users\martin\documents\visual studio 2010\projects\hermes\hermestests\bin\debug\hermestests.dll" id="12aba116-2692-86bc-24a4-5d1796d42773">
      <Execution id="714d708c-10f0-4f62-9df5-88f968590550" />
      <TestMethod codeBase="C:/Users/Martin/Documents/Visual Studio 2010/Projects/Hermes/HermesTests/bin/Debug/HermesTests.DLL" adapterTypeName="Microsoft.VisualStudio.TestTools.TestTypes.Unit.UnitTestAdapter, Microsoft.VisualStudio.QualityTools.Tips.UnitTest.Adapter, Version=10.0.0.0, Culture=neutral, PublicKeyToken=b03f5f7f11d50a3a" className="HermesTests.BnfTermTest, HermesTests, Version=1.0.0.0, Culture=neutral, PublicKeyToken=null" name="AlternateTerms" />
    </UnitTest>
    <UnitTest name="ConcatenationOfTerminalAndString" storage="c:\users\martin\documents\visual studio 2010\projects\hermes\hermestests\bin\debug\hermestests.dll" id="71886231-80f6-4830-8e72-dd944911a099">
      <Execution id="a1525d66-0d74-4f8a-b3fc-37028f6a6fb9" />
      <TestMethod codeBase="C:/Users/Martin/Documents/Visual Studio 2010/Projects/Hermes/HermesTests/bin/Debug/HermesTests.DLL" adapterTypeName="Microsoft.VisualStudio.TestTools.TestTypes.Unit.UnitTestAdapter, Microsoft.VisualStudio.QualityTools.Tips.UnitTest.Adapter, Version=10.0.0.0, Culture=neutral, PublicKeyToken=b03f5f7f11d50a3a" className="HermesTests.AlternationTesting+ConcatenationTesting, HermesTests, Version=1.0.0.0, Culture=neutral, PublicKeyToken=null" name="ConcatenationOfTerminalAndString" />
    </UnitTest>
    <UnitTest name="ConstructTerminal" storage="c:\users\martin\documents\visual studio 2010\projects\hermes\hermestests\bin\debug\hermestests.dll" id="9e077d99-7ec2-e148-8b6d-478518f7d60a">
      <Execution id="4445c72f-f7ce-4fb4-9fbe-dbfd14f4cb04" />
      <TestMethod codeBase="C:/Users/Martin/Documents/Visual Studio 2010/Projects/Hermes/HermesTests/bin/Debug/HermesTests.DLL" adapterTypeName="Microsoft.VisualStudio.TestTools.TestTypes.Unit.UnitTestAdapter, Microsoft.VisualStudio.QualityTools.Tips.UnitTest.Adapter, Version=10.0.0.0, Culture=neutral, PublicKeyToken=b03f5f7f11d50a3a" className="HermesTests.TerminalTest, HermesTests, Version=1.0.0.0, Culture=neutral, PublicKeyToken=null" name="ConstructTerminal" />
    </UnitTest>
    <UnitTest name="ConstructANonTerminal" storage="c:\users\martin\documents\visual studio 2010\projects\hermes\hermestests\bin\debug\hermestests.dll" id="68b42349-bc9a-b261-ad5c-92f6798ba498">
      <Execution id="a21429ac-a818-4374-9aee-d3b8f98fb9a8" />
      <TestMethod codeBase="C:/Users/Martin/Documents/Visual Studio 2010/Projects/Hermes/HermesTests/bin/Debug/HermesTests.DLL" adapterTypeName="Microsoft.VisualStudio.TestTools.TestTypes.Unit.UnitTestAdapter, Microsoft.VisualStudio.QualityTools.Tips.UnitTest.Adapter, Version=10.0.0.0, Culture=neutral, PublicKeyToken=b03f5f7f11d50a3a" className="HermesTests.NonTerminalTest, HermesTests, Version=1.0.0.0, Culture=neutral, PublicKeyToken=null" name="ConstructANonTerminal" />
    </UnitTest>
    <UnitTest name="MatchAStringNotAtIndexZeroButWithOffset" storage="c:\users\martin\documents\visual studio 2010\projects\hermes\hermestests\bin\debug\hermestests.dll" id="a1297c0c-fa57-105a-7c73-46300d05a0d0">
      <Execution id="826adc05-df42-4e7c-9cc4-abc11cd9e736" />
      <TestMethod codeBase="C:/Users/Martin/Documents/Visual Studio 2010/Projects/Hermes/HermesTests/bin/Debug/HermesTests.DLL" adapterTypeName="Microsoft.VisualStudio.TestTools.TestTypes.Unit.UnitTestAdapter, Microsoft.VisualStudio.QualityTools.Tips.UnitTest.Adapter, Version=10.0.0.0, Culture=neutral, PublicKeyToken=b03f5f7f11d50a3a" className="HermesTests.TerminalTest, HermesTests, Version=1.0.0.0, Culture=neutral, PublicKeyToken=null" name="MatchAStringNotAtIndexZeroButWithOffset" />
    </UnitTest>
    <UnitTest name="DoNotMatchAStringNotAtIndexZero" storage="c:\users\martin\documents\visual studio 2010\projects\hermes\hermestests\bin\debug\hermestests.dll" id="309abaef-5e7a-21da-1899-85ef214de9da">
      <Execution id="b0be3cf7-a0d1-4e10-82d0-65561fd5ef86" />
      <TestMethod codeBase="C:/Users/Martin/Documents/Visual Studio 2010/Projects/Hermes/HermesTests/bin/Debug/HermesTests.DLL" adapterTypeName="Microsoft.VisualStudio.TestTools.TestTypes.Unit.UnitTestAdapter, Microsoft.VisualStudio.QualityTools.Tips.UnitTest.Adapter, Version=10.0.0.0, Culture=neutral, PublicKeyToken=b03f5f7f11d50a3a" className="HermesTests.TerminalTest, HermesTests, Version=1.0.0.0, Culture=neutral, PublicKeyToken=null" name="DoNotMatchAStringNotAtIndexZero" />
    </UnitTest>
    <UnitTest name="ConcatenationOfTerminalAndNonTerminal" storage="c:\users\martin\documents\visual studio 2010\projects\hermes\hermestests\bin\debug\hermestests.dll" id="c48bba04-4fb9-7c8f-6c80-2581029b8a7f">
      <Execution id="6ac44894-a1ac-4df3-86da-524e59459545" />
      <TestMethod codeBase="C:/Users/Martin/Documents/Visual Studio 2010/Projects/Hermes/HermesTests/bin/Debug/HermesTests.DLL" adapterTypeName="Microsoft.VisualStudio.TestTools.TestTypes.Unit.UnitTestAdapter, Microsoft.VisualStudio.QualityTools.Tips.UnitTest.Adapter, Version=10.0.0.0, Culture=neutral, PublicKeyToken=b03f5f7f11d50a3a" className="HermesTests.ConcatenationTesting, HermesTests, Version=1.0.0.0, Culture=neutral, PublicKeyToken=null" name="ConcatenationOfTerminalAndNonTerminal" />
    </UnitTest>
    <UnitTest name="ConcatenateConcatenationRuleWithNonTerminal" storage="c:\users\martin\documents\visual studio 2010\projects\hermes\hermestests\bin\debug\hermestests.dll" id="950c58d1-9e16-eddb-2559-4fab05f29733">
      <Execution id="296da33c-04f3-49a1-9859-483d6e0890e8" />
      <TestMethod codeBase="C:/Users/Martin/Documents/Visual Studio 2010/Projects/Hermes/HermesTests/bin/Debug/HermesTests.DLL" adapterTypeName="Microsoft.VisualStudio.TestTools.TestTypes.Unit.UnitTestAdapter, Microsoft.VisualStudio.QualityTools.Tips.UnitTest.Adapter, Version=10.0.0.0, Culture=neutral, PublicKeyToken=b03f5f7f11d50a3a" className="HermesTests.AlternationTesting+ConcatenationTesting, HermesTests, Version=1.0.0.0, Culture=neutral, PublicKeyToken=null" name="ConcatenateConcatenationRuleWithNonTerminal" />
    </UnitTest>
    <UnitTest name="TerminalPlusTerminalReturnsRule" storage="c:\users\martin\documents\visual studio 2010\projects\hermes\hermestests\bin\debug\hermestests.dll" id="e34f2a75-40af-449c-71f1-2093efbfcfe8">
      <Execution id="e578cc5f-bca7-4e94-a1e6-08569d70cdf6" />
      <TestMethod codeBase="C:/Users/Martin/Documents/Visual Studio 2010/Projects/Hermes/HermesTests/bin/Debug/HermesTests.DLL" adapterTypeName="Microsoft.VisualStudio.TestTools.TestTypes.Unit.UnitTestAdapter, Microsoft.VisualStudio.QualityTools.Tips.UnitTest.Adapter, Version=10.0.0.0, Culture=neutral, PublicKeyToken=b03f5f7f11d50a3a" className="HermesTests.TerminalTest, HermesTests, Version=1.0.0.0, Culture=neutral, PublicKeyToken=null" name="TerminalPlusTerminalReturnsRule" />
    </UnitTest>
    <UnitTest name="ConcatenationOfTypedTerminals" storage="c:\users\martin\documents\visual studio 2010\projects\hermes\hermestests\bin\debug\hermestests.dll" id="ec3aedc7-42bf-e2d5-e241-a02f33d1a39e">
      <Execution id="1516f782-640a-4c9d-a1ac-00cdd458ac93" />
      <TestMethod codeBase="C:/Users/Martin/Documents/Visual Studio 2010/Projects/Hermes/HermesTests/bin/Debug/HermesTests.DLL" adapterTypeName="Microsoft.VisualStudio.TestTools.TestTypes.Unit.UnitTestAdapter, Microsoft.VisualStudio.QualityTools.Tips.UnitTest.Adapter, Version=10.0.0.0, Culture=neutral, PublicKeyToken=b03f5f7f11d50a3a" className="HermesTests.ConcatenationTesting, HermesTests, Version=1.0.0.0, Culture=neutral, PublicKeyToken=null" name="ConcatenationOfTypedTerminals" />
    </UnitTest>
    <UnitTest name="ConcatenateConcatenationRuleWithString" storage="c:\users\martin\documents\visual studio 2010\projects\hermes\hermestests\bin\debug\hermestests.dll" id="fcaf3cb3-b4cd-6a40-9262-02a569e1b51d">
      <Execution id="0e21546e-b177-4151-b943-28f940a859c2" />
      <TestMethod codeBase="C:/Users/Martin/Documents/Visual Studio 2010/Projects/Hermes/HermesTests/bin/Debug/HermesTests.DLL" adapterTypeName="Microsoft.VisualStudio.TestTools.TestTypes.Unit.UnitTestAdapter, Microsoft.VisualStudio.QualityTools.Tips.UnitTest.Adapter, Version=10.0.0.0, Culture=neutral, PublicKeyToken=b03f5f7f11d50a3a" className="HermesTests.ConcatenationTesting, HermesTests, Version=1.0.0.0, Culture=neutral, PublicKeyToken=null" name="ConcatenateConcatenationRuleWithString" />
    </UnitTest>
    <UnitTest name="ConcatenationOfTypedNonTerminals" storage="c:\users\martin\documents\visual studio 2010\projects\hermes\hermestests\bin\debug\hermestests.dll" id="50127f22-518b-ba73-ea89-59601e3dd905">
      <Execution id="c1a2656b-6103-46c5-8ddc-f1e6b472e09f" />
      <TestMethod codeBase="C:/Users/Martin/Documents/Visual Studio 2010/Projects/Hermes/HermesTests/bin/Debug/HermesTests.DLL" adapterTypeName="Microsoft.VisualStudio.TestTools.TestTypes.Unit.UnitTestAdapter, Microsoft.VisualStudio.QualityTools.Tips.UnitTest.Adapter, Version=10.0.0.0, Culture=neutral, PublicKeyToken=b03f5f7f11d50a3a" className="HermesTests.ConcatenationTesting, HermesTests, Version=1.0.0.0, Culture=neutral, PublicKeyToken=null" name="ConcatenationOfTypedNonTerminals" />
    </UnitTest>
    <UnitTest name="ConcatenateConcatenationRuleWithNonTerminal" storage="c:\users\martin\documents\visual studio 2010\projects\hermes\hermestests\bin\debug\hermestests.dll" id="a447929c-b3b6-a35b-61b8-c33fd8ec03a0">
      <Execution id="bfe9935c-417e-4b81-9014-da7b6e1ba719" />
      <TestMethod codeBase="C:/Users/Martin/Documents/Visual Studio 2010/Projects/Hermes/HermesTests/bin/Debug/HermesTests.DLL" adapterTypeName="Microsoft.VisualStudio.TestTools.TestTypes.Unit.UnitTestAdapter, Microsoft.VisualStudio.QualityTools.Tips.UnitTest.Adapter, Version=10.0.0.0, Culture=neutral, PublicKeyToken=b03f5f7f11d50a3a" className="HermesTests.ConcatenationTesting, HermesTests, Version=1.0.0.0, Culture=neutral, PublicKeyToken=null" name="ConcatenateConcatenationRuleWithNonTerminal" />
    </UnitTest>
    <UnitTest name="ConcatenationOfNonTerminalAndTerminal" storage="c:\users\martin\documents\visual studio 2010\projects\hermes\hermestests\bin\debug\hermestests.dll" id="a6e4368c-8e16-de9c-d31b-bf8e998cdbac">
      <Execution id="0028c2eb-f38a-4c8c-a175-0557ac331b52" />
      <TestMethod codeBase="C:/Users/Martin/Documents/Visual Studio 2010/Projects/Hermes/HermesTests/bin/Debug/HermesTests.DLL" adapterTypeName="Microsoft.VisualStudio.TestTools.TestTypes.Unit.UnitTestAdapter, Microsoft.VisualStudio.QualityTools.Tips.UnitTest.Adapter, Version=10.0.0.0, Culture=neutral, PublicKeyToken=b03f5f7f11d50a3a" className="HermesTests.AlternationTesting+ConcatenationTesting, HermesTests, Version=1.0.0.0, Culture=neutral, PublicKeyToken=null" name="ConcatenationOfNonTerminalAndTerminal" />
    </UnitTest>
    <UnitTest name="ConstructATokenStream" storage="c:\users\martin\documents\visual studio 2010\projects\hermes\hermestests\bin\debug\hermestests.dll" id="604de895-cb53-a9e0-b794-44296dcd3835">
      <Execution id="efafb10c-53d1-4647-a12b-5bf3adede83a" />
      <TestMethod codeBase="C:/Users/Martin/Documents/Visual Studio 2010/Projects/Hermes/HermesTests/bin/Debug/HermesTests.DLL" adapterTypeName="Microsoft.VisualStudio.TestTools.TestTypes.Unit.UnitTestAdapter, Microsoft.VisualStudio.QualityTools.Tips.UnitTest.Adapter, Version=10.0.0.0, Culture=neutral, PublicKeyToken=b03f5f7f11d50a3a" className="HermesTests.LexerTest, HermesTests, Version=1.0.0.0, Culture=neutral, PublicKeyToken=null" name="ConstructATokenStream" />
    </UnitTest>
    <UnitTest name="CastStringIntoTerminal" storage="c:\users\martin\documents\visual studio 2010\projects\hermes\hermestests\bin\debug\hermestests.dll" id="972f115f-5f71-e6f9-0a7a-7c57f892875b">
      <Execution id="cfaf1320-69a0-48fc-be00-4560e095b06f" />
      <TestMethod codeBase="C:/Users/Martin/Documents/Visual Studio 2010/Projects/Hermes/HermesTests/bin/Debug/HermesTests.DLL" adapterTypeName="Microsoft.VisualStudio.TestTools.TestTypes.Unit.UnitTestAdapter, Microsoft.VisualStudio.QualityTools.Tips.UnitTest.Adapter, Version=10.0.0.0, Culture=neutral, PublicKeyToken=b03f5f7f11d50a3a" className="HermesTests.BnfTermTest, HermesTests, Version=1.0.0.0, Culture=neutral, PublicKeyToken=null" name="CastStringIntoTerminal" />
    </UnitTest>
    <UnitTest name="IsWhitespaceIgnored" storage="c:\users\martin\documents\visual studio 2010\projects\hermes\hermestests\bin\debug\hermestests.dll" id="cff5d6f1-163c-7c0b-70eb-1117e4f6f42f">
      <Execution id="b2ac590e-fa9c-44e7-b98e-ac6ae8af1df6" />
      <TestMethod codeBase="C:/Users/Martin/Documents/Visual Studio 2010/Projects/Hermes/HermesTests/bin/Debug/HermesTests.DLL" adapterTypeName="Microsoft.VisualStudio.TestTools.TestTypes.Unit.UnitTestAdapter, Microsoft.VisualStudio.QualityTools.Tips.UnitTest.Adapter, Version=10.0.0.0, Culture=neutral, PublicKeyToken=b03f5f7f11d50a3a" className="HermesTests.LexerTest, HermesTests, Version=1.0.0.0, Culture=neutral, PublicKeyToken=null" name="IsWhitespaceIgnored" />
    </UnitTest>
    <UnitTest name="CorrectLineAndColumnNumbers" storage="c:\users\martin\documents\visual studio 2010\projects\hermes\hermestests\bin\debug\hermestests.dll" id="429f48cc-2b8b-db75-38c8-dfe106f4e216">
      <Execution id="1966fa1f-3c8d-4a0e-8ecf-6ec856f39215" />
      <TestMethod codeBase="C:/Users/Martin/Documents/Visual Studio 2010/Projects/Hermes/HermesTests/bin/Debug/HermesTests.DLL" adapterTypeName="Microsoft.VisualStudio.TestTools.TestTypes.Unit.UnitTestAdapter, Microsoft.VisualStudio.QualityTools.Tips.UnitTest.Adapter, Version=10.0.0.0, Culture=neutral, PublicKeyToken=b03f5f7f11d50a3a" className="HermesTests.LexerTest, HermesTests, Version=1.0.0.0, Culture=neutral, PublicKeyToken=null" name="CorrectLineAndColumnNumbers" />
    </UnitTest>
    <UnitTest name="ConcatenationOfNonTerminalAndString" storage="c:\users\martin\documents\visual studio 2010\projects\hermes\hermestests\bin\debug\hermestests.dll" id="f223f713-4e8b-de5f-a42c-1fb64190de91">
      <Execution id="6e0cd22f-056b-42ff-af7e-3b5bc8e73b25" />
      <TestMethod codeBase="C:/Users/Martin/Documents/Visual Studio 2010/Projects/Hermes/HermesTests/bin/Debug/HermesTests.DLL" adapterTypeName="Microsoft.VisualStudio.TestTools.TestTypes.Unit.UnitTestAdapter, Microsoft.VisualStudio.QualityTools.Tips.UnitTest.Adapter, Version=10.0.0.0, Culture=neutral, PublicKeyToken=b03f5f7f11d50a3a" className="HermesTests.AlternationTesting+ConcatenationTesting, HermesTests, Version=1.0.0.0, Culture=neutral, PublicKeyToken=null" name="ConcatenationOfNonTerminalAndString" />
    </UnitTest>
    <UnitTest name="ConcatenateConcatenationRuleWithString" storage="c:\users\martin\documents\visual studio 2010\projects\hermes\hermestests\bin\debug\hermestests.dll" id="eefb3d44-e0d5-00f5-893d-dc0765ca8824">
      <Execution id="52562b43-dbbf-4c76-9d01-f69dec22fe47" />
      <TestMethod codeBase="C:/Users/Martin/Documents/Visual Studio 2010/Projects/Hermes/HermesTests/bin/Debug/HermesTests.DLL" adapterTypeName="Microsoft.VisualStudio.TestTools.TestTypes.Unit.UnitTestAdapter, Microsoft.VisualStudio.QualityTools.Tips.UnitTest.Adapter, Version=10.0.0.0, Culture=neutral, PublicKeyToken=b03f5f7f11d50a3a" className="HermesTests.AlternationTesting+ConcatenationTesting, HermesTests, Version=1.0.0.0, Culture=neutral, PublicKeyToken=null" name="ConcatenateConcatenationRuleWithString" />
    </UnitTest>
    <UnitTest name="ConcatenationOfNonTerminalAndString" storage="c:\users\martin\documents\visual studio 2010\projects\hermes\hermestests\bin\debug\hermestests.dll" id="2e0f75cc-05ae-6cc1-a3de-727b3fe34122">
      <Execution id="933ae624-7e61-4c24-8fb3-c120c4c388ed" />
      <TestMethod codeBase="C:/Users/Martin/Documents/Visual Studio 2010/Projects/Hermes/HermesTests/bin/Debug/HermesTests.DLL" adapterTypeName="Microsoft.VisualStudio.TestTools.TestTypes.Unit.UnitTestAdapter, Microsoft.VisualStudio.QualityTools.Tips.UnitTest.Adapter, Version=10.0.0.0, Culture=neutral, PublicKeyToken=b03f5f7f11d50a3a" className="HermesTests.ConcatenationTesting, HermesTests, Version=1.0.0.0, Culture=neutral, PublicKeyToken=null" name="ConcatenationOfNonTerminalAndString" />
    </UnitTest>
    <UnitTest name="ConcatenationOfStringAndTerminal" storage="c:\users\martin\documents\visual studio 2010\projects\hermes\hermestests\bin\debug\hermestests.dll" id="82518f97-f216-4a8d-ed0f-a9963b85d416">
      <Execution id="516bef1a-526c-4e4e-9d9a-69d212fc7124" />
      <TestMethod codeBase="C:/Users/Martin/Documents/Visual Studio 2010/Projects/Hermes/HermesTests/bin/Debug/HermesTests.DLL" adapterTypeName="Microsoft.VisualStudio.TestTools.TestTypes.Unit.UnitTestAdapter, Microsoft.VisualStudio.QualityTools.Tips.UnitTest.Adapter, Version=10.0.0.0, Culture=neutral, PublicKeyToken=b03f5f7f11d50a3a" className="HermesTests.ConcatenationTesting, HermesTests, Version=1.0.0.0, Culture=neutral, PublicKeyToken=null" name="ConcatenationOfStringAndTerminal" />
    </UnitTest>
    <UnitTest name="ConcatenateTerms" storage="c:\users\martin\documents\visual studio 2010\projects\hermes\hermestests\bin\debug\hermestests.dll" id="63236655-d474-e0a2-4106-219859e6c5c2">
      <Execution id="f1b119cd-4405-4a9a-b988-65fcb8c84e5a" />
      <TestMethod codeBase="C:/Users/Martin/Documents/Visual Studio 2010/Projects/Hermes/HermesTests/bin/Debug/HermesTests.DLL" adapterTypeName="Microsoft.VisualStudio.TestTools.TestTypes.Unit.UnitTestAdapter, Microsoft.VisualStudio.QualityTools.Tips.UnitTest.Adapter, Version=10.0.0.0, Culture=neutral, PublicKeyToken=b03f5f7f11d50a3a" className="HermesTests.BnfTermTest, HermesTests, Version=1.0.0.0, Culture=neutral, PublicKeyToken=null" name="ConcatenateTerms" />
    </UnitTest>
    <UnitTest name="ConcatenationOfTypedNonTerminals" storage="c:\users\martin\documents\visual studio 2010\projects\hermes\hermestests\bin\debug\hermestests.dll" id="b9053de6-96b9-1509-acd4-a96ca1347b3d">
      <Execution id="20f35362-9a9a-4247-aad3-0080e649b2d0" />
      <TestMethod codeBase="C:/Users/Martin/Documents/Visual Studio 2010/Projects/Hermes/HermesTests/bin/Debug/HermesTests.DLL" adapterTypeName="Microsoft.VisualStudio.TestTools.TestTypes.Unit.UnitTestAdapter, Microsoft.VisualStudio.QualityTools.Tips.UnitTest.Adapter, Version=10.0.0.0, Culture=neutral, PublicKeyToken=b03f5f7f11d50a3a" className="HermesTests.AlternationTesting+ConcatenationTesting, HermesTests, Version=1.0.0.0, Culture=neutral, PublicKeyToken=null" name="ConcatenationOfTypedNonTerminals" />
    </UnitTest>
    <UnitTest name="ConcatenateConcatenationRuleWithTerminal" storage="c:\users\martin\documents\visual studio 2010\projects\hermes\hermestests\bin\debug\hermestests.dll" id="9ee61ac8-b0c0-944e-4dbe-97d4e6feb90b">
      <Execution id="a269fdf7-a881-4633-8b7c-e9b32352da09" />
      <TestMethod codeBase="C:/Users/Martin/Documents/Visual Studio 2010/Projects/Hermes/HermesTests/bin/Debug/HermesTests.DLL" adapterTypeName="Microsoft.VisualStudio.TestTools.TestTypes.Unit.UnitTestAdapter, Microsoft.VisualStudio.QualityTools.Tips.UnitTest.Adapter, Version=10.0.0.0, Culture=neutral, PublicKeyToken=b03f5f7f11d50a3a" className="HermesTests.AlternationTesting+ConcatenationTesting, HermesTests, Version=1.0.0.0, Culture=neutral, PublicKeyToken=null" name="ConcatenateConcatenationRuleWithTerminal" />
    </UnitTest>
    <UnitTest name="CastBnfTermIntoConcatenationRule" storage="c:\users\martin\documents\visual studio 2010\projects\hermes\hermestests\bin\debug\hermestests.dll" id="a9789f0a-4478-1a62-828d-2cd78252d19e">
      <Execution id="2a56d409-4978-46ae-b7e2-d69130b6d8ba" />
      <TestMethod codeBase="C:/Users/Martin/Documents/Visual Studio 2010/Projects/Hermes/HermesTests/bin/Debug/HermesTests.DLL" adapterTypeName="Microsoft.VisualStudio.TestTools.TestTypes.Unit.UnitTestAdapter, Microsoft.VisualStudio.QualityTools.Tips.UnitTest.Adapter, Version=10.0.0.0, Culture=neutral, PublicKeyToken=b03f5f7f11d50a3a" className="HermesTests.BnfTermTest, HermesTests, Version=1.0.0.0, Culture=neutral, PublicKeyToken=null" name="CastBnfTermIntoConcatenationRule" />
    </UnitTest>
    <UnitTest name="DoNotMatchAString" storage="c:\users\martin\documents\visual studio 2010\projects\hermes\hermestests\bin\debug\hermestests.dll" id="7db13936-f24b-55c4-155e-f656c106b534">
      <Execution id="3cb01dc9-7668-4a24-9abb-27744617ec66" />
      <TestMethod codeBase="C:/Users/Martin/Documents/Visual Studio 2010/Projects/Hermes/HermesTests/bin/Debug/HermesTests.DLL" adapterTypeName="Microsoft.VisualStudio.TestTools.TestTypes.Unit.UnitTestAdapter, Microsoft.VisualStudio.QualityTools.Tips.UnitTest.Adapter, Version=10.0.0.0, Culture=neutral, PublicKeyToken=b03f5f7f11d50a3a" className="HermesTests.TerminalTest, HermesTests, Version=1.0.0.0, Culture=neutral, PublicKeyToken=null" name="DoNotMatchAString" />
    </UnitTest>
    <UnitTest name="ReadATokenStream" storage="c:\users\martin\documents\visual studio 2010\projects\hermes\hermestests\bin\debug\hermestests.dll" id="a68b0502-c526-299b-5956-cec5b457ae4d">
      <Execution id="55fbbeb1-c8b4-427a-b57c-b576dbf0c7b5" />
      <TestMethod codeBase="C:/Users/Martin/Documents/Visual Studio 2010/Projects/Hermes/HermesTests/bin/Debug/HermesTests.DLL" adapterTypeName="Microsoft.VisualStudio.TestTools.TestTypes.Unit.UnitTestAdapter, Microsoft.VisualStudio.QualityTools.Tips.UnitTest.Adapter, Version=10.0.0.0, Culture=neutral, PublicKeyToken=b03f5f7f11d50a3a" className="HermesTests.LexerTest, HermesTests, Version=1.0.0.0, Culture=neutral, PublicKeyToken=null" name="ReadATokenStream" />
    </UnitTest>
    <UnitTest name="ConstructAGrammar" storage="c:\users\martin\documents\visual studio 2010\projects\hermes\hermestests\bin\debug\hermestests.dll" id="36242104-b74e-fbcf-0eba-0e47460d90d7">
      <Execution id="ce074418-4399-44be-8ad3-b0a18567bcb7" />
      <TestMethod codeBase="C:/Users/Martin/Documents/Visual Studio 2010/Projects/Hermes/HermesTests/bin/Debug/HermesTests.DLL" adapterTypeName="Microsoft.VisualStudio.TestTools.TestTypes.Unit.UnitTestAdapter, Microsoft.VisualStudio.QualityTools.Tips.UnitTest.Adapter, Version=10.0.0.0, Culture=neutral, PublicKeyToken=b03f5f7f11d50a3a" className="HermesTests.GrammarTest, HermesTests, Version=1.0.0.0, Culture=neutral, PublicKeyToken=null" name="ConstructAGrammar" />
    </UnitTest>
    <UnitTest name="ConcatenationOfUntypedTerminals" storage="c:\users\martin\documents\visual studio 2010\projects\hermes\hermestests\bin\debug\hermestests.dll" id="9eb5f561-003d-1c75-055b-21bdfe54fcd0">
      <Execution id="5734f7e2-3d40-47c5-90a8-1a381a0f2019" />
      <TestMethod codeBase="C:/Users/Martin/Documents/Visual Studio 2010/Projects/Hermes/HermesTests/bin/Debug/HermesTests.DLL" adapterTypeName="Microsoft.VisualStudio.TestTools.TestTypes.Unit.UnitTestAdapter, Microsoft.VisualStudio.QualityTools.Tips.UnitTest.Adapter, Version=10.0.0.0, Culture=neutral, PublicKeyToken=b03f5f7f11d50a3a" className="HermesTests.AlternationTesting+ConcatenationTesting, HermesTests, Version=1.0.0.0, Culture=neutral, PublicKeyToken=null" name="ConcatenationOfUntypedTerminals" />
    </UnitTest>
    <UnitTest name="ConcatenationOfNonTerminalAndTerminal" storage="c:\users\martin\documents\visual studio 2010\projects\hermes\hermestests\bin\debug\hermestests.dll" id="f2d2b3b1-c00a-637e-7dd6-e1f78615cce8">
      <Execution id="e0ef64e9-2e13-4abd-b320-0672147dad67" />
      <TestMethod codeBase="C:/Users/Martin/Documents/Visual Studio 2010/Projects/Hermes/HermesTests/bin/Debug/HermesTests.DLL" adapterTypeName="Microsoft.VisualStudio.TestTools.TestTypes.Unit.UnitTestAdapter, Microsoft.VisualStudio.QualityTools.Tips.UnitTest.Adapter, Version=10.0.0.0, Culture=neutral, PublicKeyToken=b03f5f7f11d50a3a" className="HermesTests.ConcatenationTesting, HermesTests, Version=1.0.0.0, Culture=neutral, PublicKeyToken=null" name="ConcatenationOfNonTerminalAndTerminal" />
    </UnitTest>
    <UnitTest name="CastStringIntoConcatenationRule" storage="c:\users\martin\documents\visual studio 2010\projects\hermes\hermestests\bin\debug\hermestests.dll" id="f361bf6f-6274-717c-addf-54d14527e4bc">
      <Execution id="1e52618a-094d-470b-879d-cf656ac133a3" />
      <TestMethod codeBase="C:/Users/Martin/Documents/Visual Studio 2010/Projects/Hermes/HermesTests/bin/Debug/HermesTests.DLL" adapterTypeName="Microsoft.VisualStudio.TestTools.TestTypes.Unit.UnitTestAdapter, Microsoft.VisualStudio.QualityTools.Tips.UnitTest.Adapter, Version=10.0.0.0, Culture=neutral, PublicKeyToken=b03f5f7f11d50a3a" className="HermesTests.ConcatenationRuleTest, HermesTests, Version=1.0.0.0, Culture=neutral, PublicKeyToken=null" name="CastStringIntoConcatenationRule" />
    </UnitTest>
    <UnitTest name="ConcatenationOfTerminalAndString" storage="c:\users\martin\documents\visual studio 2010\projects\hermes\hermestests\bin\debug\hermestests.dll" id="5d695d69-c75e-cd20-56bf-478c02bd221a">
      <Execution id="6216a82d-87b2-4d74-bd68-3c04fe95136c" />
      <TestMethod codeBase="C:/Users/Martin/Documents/Visual Studio 2010/Projects/Hermes/HermesTests/bin/Debug/HermesTests.DLL" adapterTypeName="Microsoft.VisualStudio.TestTools.TestTypes.Unit.UnitTestAdapter, Microsoft.VisualStudio.QualityTools.Tips.UnitTest.Adapter, Version=10.0.0.0, Culture=neutral, PublicKeyToken=b03f5f7f11d50a3a" className="HermesTests.ConcatenationTesting, HermesTests, Version=1.0.0.0, Culture=neutral, PublicKeyToken=null" name="ConcatenationOfTerminalAndString" />
    </UnitTest>
    <UnitTest name="InvalidInputStream" storage="c:\users\martin\documents\visual studio 2010\projects\hermes\hermestests\bin\debug\hermestests.dll" id="0b6ac8c9-7ccf-1556-faae-cbf2ffc949bf">
      <Execution id="1d662f1c-fd66-4516-bb10-7efadc384b3f" />
      <TestMethod codeBase="C:/Users/Martin/Documents/Visual Studio 2010/Projects/Hermes/HermesTests/bin/Debug/HermesTests.DLL" adapterTypeName="Microsoft.VisualStudio.TestTools.TestTypes.Unit.UnitTestAdapter, Microsoft.VisualStudio.QualityTools.Tips.UnitTest.Adapter, Version=10.0.0.0, Culture=neutral, PublicKeyToken=b03f5f7f11d50a3a" className="HermesTests.LexerTest, HermesTests, Version=1.0.0.0, Culture=neutral, PublicKeyToken=null" name="InvalidInputStream" />
    </UnitTest>
    <UnitTest name="ConcatenationOfStringAndNonTerminal" storage="c:\users\martin\documents\visual studio 2010\projects\hermes\hermestests\bin\debug\hermestests.dll" id="44e9377b-e25e-89e7-5186-1269acd482e1">
      <Execution id="76081d90-06b7-4d29-ac07-e95de6fe0c02" />
      <TestMethod codeBase="C:/Users/Martin/Documents/Visual Studio 2010/Projects/Hermes/HermesTests/bin/Debug/HermesTests.DLL" adapterTypeName="Microsoft.VisualStudio.TestTools.TestTypes.Unit.UnitTestAdapter, Microsoft.VisualStudio.QualityTools.Tips.UnitTest.Adapter, Version=10.0.0.0, Culture=neutral, PublicKeyToken=b03f5f7f11d50a3a" className="HermesTests.AlternationTesting+ConcatenationTesting, HermesTests, Version=1.0.0.0, Culture=neutral, PublicKeyToken=null" name="ConcatenationOfStringAndNonTerminal" />
    </UnitTest>
    <UnitTest name="ConcatenationOfTypedTerminals" storage="c:\users\martin\documents\visual studio 2010\projects\hermes\hermestests\bin\debug\hermestests.dll" id="09f8922b-8f1c-c312-fb3c-480f333a83b5">
      <Execution id="cd075385-2879-467e-92dd-ec4a6db3a0ea" />
      <TestMethod codeBase="C:/Users/Martin/Documents/Visual Studio 2010/Projects/Hermes/HermesTests/bin/Debug/HermesTests.DLL" adapterTypeName="Microsoft.VisualStudio.TestTools.TestTypes.Unit.UnitTestAdapter, Microsoft.VisualStudio.QualityTools.Tips.UnitTest.Adapter, Version=10.0.0.0, Culture=neutral, PublicKeyToken=b03f5f7f11d50a3a" className="HermesTests.AlternationTesting+ConcatenationTesting, HermesTests, Version=1.0.0.0, Culture=neutral, PublicKeyToken=null" name="ConcatenationOfTypedTerminals" />
    </UnitTest>
    <UnitTest name="CastConcatenationRuleIntoAlternationRule" storage="c:\users\martin\documents\visual studio 2010\projects\hermes\hermestests\bin\debug\hermestests.dll" id="eaa7e3d9-5735-99be-cbc6-9447adcf9f24">
      <Execution id="8fa92571-b80a-4de1-a432-c2df9ac9b4b3" />
      <TestMethod codeBase="C:/Users/Martin/Documents/Visual Studio 2010/Projects/Hermes/HermesTests/bin/Debug/HermesTests.DLL" adapterTypeName="Microsoft.VisualStudio.TestTools.TestTypes.Unit.UnitTestAdapter, Microsoft.VisualStudio.QualityTools.Tips.UnitTest.Adapter, Version=10.0.0.0, Culture=neutral, PublicKeyToken=b03f5f7f11d50a3a" className="HermesTests.ConcatenationRuleTest, HermesTests, Version=1.0.0.0, Culture=neutral, PublicKeyToken=null" name="CastConcatenationRuleIntoAlternationRule" />
    </UnitTest>
  </TestDefinitions>
  <TestLists>
    <TestList name="Results Not in a List" id="8c84fa94-04c1-424b-9868-57a2d4851a1d" />
    <TestList name="All Loaded Results" id="19431567-8539-422a-85d7-44ee4e166bda" />
  </TestLists>
  <TestEntries>
    <TestEntry testId="09f8922b-8f1c-c312-fb3c-480f333a83b5" executionId="cd075385-2879-467e-92dd-ec4a6db3a0ea" testListId="8c84fa94-04c1-424b-9868-57a2d4851a1d" />
    <TestEntry testId="0b6ac8c9-7ccf-1556-faae-cbf2ffc949bf" executionId="1d662f1c-fd66-4516-bb10-7efadc384b3f" testListId="8c84fa94-04c1-424b-9868-57a2d4851a1d" />
    <TestEntry testId="12aba116-2692-86bc-24a4-5d1796d42773" executionId="714d708c-10f0-4f62-9df5-88f968590550" testListId="8c84fa94-04c1-424b-9868-57a2d4851a1d" />
    <TestEntry testId="242902ef-27ad-71da-4ce4-82e91c0b5d00" executionId="c8c1dc01-57b4-456c-ab48-be4987e57d87" testListId="8c84fa94-04c1-424b-9868-57a2d4851a1d" />
    <TestEntry testId="24e0991d-26b5-2600-7eed-ff0f18d23e66" executionId="d896487b-e81b-4527-8b3b-909d9109d285" testListId="8c84fa94-04c1-424b-9868-57a2d4851a1d" />
    <TestEntry testId="2e0f75cc-05ae-6cc1-a3de-727b3fe34122" executionId="933ae624-7e61-4c24-8fb3-c120c4c388ed" testListId="8c84fa94-04c1-424b-9868-57a2d4851a1d" />
    <TestEntry testId="309abaef-5e7a-21da-1899-85ef214de9da" executionId="b0be3cf7-a0d1-4e10-82d0-65561fd5ef86" testListId="8c84fa94-04c1-424b-9868-57a2d4851a1d" />
    <TestEntry testId="32dd8ca4-83b8-6d80-4c5c-4828d280f87f" executionId="5f0e94cf-8cc1-4c6e-89fe-8f3022beb310" testListId="8c84fa94-04c1-424b-9868-57a2d4851a1d" />
    <TestEntry testId="36242104-b74e-fbcf-0eba-0e47460d90d7" executionId="ce074418-4399-44be-8ad3-b0a18567bcb7" testListId="8c84fa94-04c1-424b-9868-57a2d4851a1d" />
    <TestEntry testId="429f48cc-2b8b-db75-38c8-dfe106f4e216" executionId="1966fa1f-3c8d-4a0e-8ecf-6ec856f39215" testListId="8c84fa94-04c1-424b-9868-57a2d4851a1d" />
    <TestEntry testId="44e9377b-e25e-89e7-5186-1269acd482e1" executionId="76081d90-06b7-4d29-ac07-e95de6fe0c02" testListId="8c84fa94-04c1-424b-9868-57a2d4851a1d" />
    <TestEntry testId="50127f22-518b-ba73-ea89-59601e3dd905" executionId="c1a2656b-6103-46c5-8ddc-f1e6b472e09f" testListId="8c84fa94-04c1-424b-9868-57a2d4851a1d" />
    <TestEntry testId="5d695d69-c75e-cd20-56bf-478c02bd221a" executionId="6216a82d-87b2-4d74-bd68-3c04fe95136c" testListId="8c84fa94-04c1-424b-9868-57a2d4851a1d" />
    <TestEntry testId="604de895-cb53-a9e0-b794-44296dcd3835" executionId="efafb10c-53d1-4647-a12b-5bf3adede83a" testListId="8c84fa94-04c1-424b-9868-57a2d4851a1d" />
    <TestEntry testId="63236655-d474-e0a2-4106-219859e6c5c2" executionId="f1b119cd-4405-4a9a-b988-65fcb8c84e5a" testListId="8c84fa94-04c1-424b-9868-57a2d4851a1d" />
    <TestEntry testId="68b42349-bc9a-b261-ad5c-92f6798ba498" executionId="a21429ac-a818-4374-9aee-d3b8f98fb9a8" testListId="8c84fa94-04c1-424b-9868-57a2d4851a1d" />
    <TestEntry testId="71886231-80f6-4830-8e72-dd944911a099" executionId="a1525d66-0d74-4f8a-b3fc-37028f6a6fb9" testListId="8c84fa94-04c1-424b-9868-57a2d4851a1d" />
    <TestEntry testId="7db13936-f24b-55c4-155e-f656c106b534" executionId="3cb01dc9-7668-4a24-9abb-27744617ec66" testListId="8c84fa94-04c1-424b-9868-57a2d4851a1d" />
    <TestEntry testId="7f24a203-e1ab-7aaf-7e0e-53e514a18c3b" executionId="9a07e5ce-ed8d-4542-96f8-68220b7b3796" testListId="8c84fa94-04c1-424b-9868-57a2d4851a1d" />
    <TestEntry testId="82518f97-f216-4a8d-ed0f-a9963b85d416" executionId="516bef1a-526c-4e4e-9d9a-69d212fc7124" testListId="8c84fa94-04c1-424b-9868-57a2d4851a1d" />
    <TestEntry testId="89f8a49a-069f-56ae-654e-3718306f122c" executionId="ae802f6d-ead5-4a9f-95f4-49c10467dcb9" testListId="8c84fa94-04c1-424b-9868-57a2d4851a1d" />
    <TestEntry testId="950c58d1-9e16-eddb-2559-4fab05f29733" executionId="296da33c-04f3-49a1-9859-483d6e0890e8" testListId="8c84fa94-04c1-424b-9868-57a2d4851a1d" />
    <TestEntry testId="972f115f-5f71-e6f9-0a7a-7c57f892875b" executionId="cfaf1320-69a0-48fc-be00-4560e095b06f" testListId="8c84fa94-04c1-424b-9868-57a2d4851a1d" />
    <TestEntry testId="9e077d99-7ec2-e148-8b6d-478518f7d60a" executionId="4445c72f-f7ce-4fb4-9fbe-dbfd14f4cb04" testListId="8c84fa94-04c1-424b-9868-57a2d4851a1d" />
    <TestEntry testId="9eb5f561-003d-1c75-055b-21bdfe54fcd0" executionId="5734f7e2-3d40-47c5-90a8-1a381a0f2019" testListId="8c84fa94-04c1-424b-9868-57a2d4851a1d" />
    <TestEntry testId="9ee61ac8-b0c0-944e-4dbe-97d4e6feb90b" executionId="a269fdf7-a881-4633-8b7c-e9b32352da09" testListId="8c84fa94-04c1-424b-9868-57a2d4851a1d" />
    <TestEntry testId="a1297c0c-fa57-105a-7c73-46300d05a0d0" executionId="826adc05-df42-4e7c-9cc4-abc11cd9e736" testListId="8c84fa94-04c1-424b-9868-57a2d4851a1d" />
    <TestEntry testId="a447929c-b3b6-a35b-61b8-c33fd8ec03a0" executionId="bfe9935c-417e-4b81-9014-da7b6e1ba719" testListId="8c84fa94-04c1-424b-9868-57a2d4851a1d" />
    <TestEntry testId="a68b0502-c526-299b-5956-cec5b457ae4d" executionId="55fbbeb1-c8b4-427a-b57c-b576dbf0c7b5" testListId="8c84fa94-04c1-424b-9868-57a2d4851a1d" />
    <TestEntry testId="a6e4368c-8e16-de9c-d31b-bf8e998cdbac" executionId="0028c2eb-f38a-4c8c-a175-0557ac331b52" testListId="8c84fa94-04c1-424b-9868-57a2d4851a1d" />
    <TestEntry testId="a9789f0a-4478-1a62-828d-2cd78252d19e" executionId="2a56d409-4978-46ae-b7e2-d69130b6d8ba" testListId="8c84fa94-04c1-424b-9868-57a2d4851a1d" />
    <TestEntry testId="b9053de6-96b9-1509-acd4-a96ca1347b3d" executionId="20f35362-9a9a-4247-aad3-0080e649b2d0" testListId="8c84fa94-04c1-424b-9868-57a2d4851a1d" />
    <TestEntry testId="c48bba04-4fb9-7c8f-6c80-2581029b8a7f" executionId="6ac44894-a1ac-4df3-86da-524e59459545" testListId="8c84fa94-04c1-424b-9868-57a2d4851a1d" />
    <TestEntry testId="cff5d6f1-163c-7c0b-70eb-1117e4f6f42f" executionId="b2ac590e-fa9c-44e7-b98e-ac6ae8af1df6" testListId="8c84fa94-04c1-424b-9868-57a2d4851a1d" />
    <TestEntry testId="d4ab72ca-3b2a-cffc-53ca-f1e3327b3ebe" executionId="0bbd8955-d7b1-40fd-9cb3-d4558482b228" testListId="8c84fa94-04c1-424b-9868-57a2d4851a1d" />
    <TestEntry testId="e176d6c3-6654-6f09-56fc-75d4b91d30b1" executionId="b5523450-2c1b-4e79-8777-78a99764b81b" testListId="8c84fa94-04c1-424b-9868-57a2d4851a1d" />
    <TestEntry testId="e34f2a75-40af-449c-71f1-2093efbfcfe8" executionId="e578cc5f-bca7-4e94-a1e6-08569d70cdf6" testListId="8c84fa94-04c1-424b-9868-57a2d4851a1d" />
    <TestEntry testId="e5138bd5-d1a4-9de0-f29b-b05afabb475e" executionId="39085a75-fb97-4b36-9094-d1ae493e4f66" testListId="8c84fa94-04c1-424b-9868-57a2d4851a1d" />
    <TestEntry testId="eaa7e3d9-5735-99be-cbc6-9447adcf9f24" executionId="8fa92571-b80a-4de1-a432-c2df9ac9b4b3" testListId="8c84fa94-04c1-424b-9868-57a2d4851a1d" />
    <TestEntry testId="ec3aedc7-42bf-e2d5-e241-a02f33d1a39e" executionId="1516f782-640a-4c9d-a1ac-00cdd458ac93" testListId="8c84fa94-04c1-424b-9868-57a2d4851a1d" />
    <TestEntry testId="eefb3d44-e0d5-00f5-893d-dc0765ca8824" executionId="52562b43-dbbf-4c76-9d01-f69dec22fe47" testListId="8c84fa94-04c1-424b-9868-57a2d4851a1d" />
    <TestEntry testId="f223f713-4e8b-de5f-a42c-1fb64190de91" executionId="6e0cd22f-056b-42ff-af7e-3b5bc8e73b25" testListId="8c84fa94-04c1-424b-9868-57a2d4851a1d" />
    <TestEntry testId="f2d2b3b1-c00a-637e-7dd6-e1f78615cce8" executionId="e0ef64e9-2e13-4abd-b320-0672147dad67" testListId="8c84fa94-04c1-424b-9868-57a2d4851a1d" />
    <TestEntry testId="f361bf6f-6274-717c-addf-54d14527e4bc" executionId="1e52618a-094d-470b-879d-cf656ac133a3" testListId="8c84fa94-04c1-424b-9868-57a2d4851a1d" />
    <TestEntry testId="fcaf3cb3-b4cd-6a40-9262-02a569e1b51d" executionId="0e21546e-b177-4151-b943-28f940a859c2" testListId="8c84fa94-04c1-424b-9868-57a2d4851a1d" />
  </TestEntries>
  <Results>
    <UnitTestResult executionId="cd075385-2879-467e-92dd-ec4a6db3a0ea" testId="09f8922b-8f1c-c312-fb3c-480f333a83b5" testName="ConcatenationOfTypedTerminals" computerName="MARTIN-PC" duration="00:00:00.0123129" startTime="2011-03-18T15:03:46.9889625+00:00" endTime="2011-03-18T15:03:47.1829736+00:00" testType="13cdc9d9-ddb5-4fa4-a97d-d965ccfc6d4b" outcome="Passed" testListId="8c84fa94-04c1-424b-9868-57a2d4851a1d" relativeResultsDirectory="cd075385-2879-467e-92dd-ec4a6db3a0ea">
    </UnitTestResult>
    <UnitTestResult executionId="1d662f1c-fd66-4516-bb10-7efadc384b3f" testId="0b6ac8c9-7ccf-1556-faae-cbf2ffc949bf" testName="InvalidInputStream" computerName="MARTIN-PC" duration="00:00:00.0047734" startTime="2011-03-18T15:03:47.1929742+00:00" endTime="2011-03-18T15:03:47.2089751+00:00" testType="13cdc9d9-ddb5-4fa4-a97d-d965ccfc6d4b" outcome="Passed" testListId="8c84fa94-04c1-424b-9868-57a2d4851a1d" relativeResultsDirectory="1d662f1c-fd66-4516-bb10-7efadc384b3f">
    </UnitTestResult>
    <UnitTestResult executionId="714d708c-10f0-4f62-9df5-88f968590550" testId="12aba116-2692-86bc-24a4-5d1796d42773" testName="AlternateTerms" computerName="MARTIN-PC" duration="00:00:00.0002395" startTime="2011-03-18T15:03:47.2129753+00:00" endTime="2011-03-18T15:03:47.2199757+00:00" testType="13cdc9d9-ddb5-4fa4-a97d-d965ccfc6d4b" outcome="Passed" testListId="8c84fa94-04c1-424b-9868-57a2d4851a1d" relativeResultsDirectory="714d708c-10f0-4f62-9df5-88f968590550">
    </UnitTestResult>
    <UnitTestResult executionId="c8c1dc01-57b4-456c-ab48-be4987e57d87" testId="242902ef-27ad-71da-4ce4-82e91c0b5d00" testName="ConcatenationOfTerminalAndNonTerminal" computerName="MARTIN-PC" duration="00:00:00.0005569" startTime="2011-03-18T15:03:47.2259761+00:00" endTime="2011-03-18T15:03:47.2299763+00:00" testType="13cdc9d9-ddb5-4fa4-a97d-d965ccfc6d4b" outcome="Passed" testListId="8c84fa94-04c1-424b-9868-57a2d4851a1d" relativeResultsDirectory="c8c1dc01-57b4-456c-ab48-be4987e57d87">
    </UnitTestResult>
    <UnitTestResult executionId="d896487b-e81b-4527-8b3b-909d9109d285" testId="24e0991d-26b5-2600-7eed-ff0f18d23e66" testName="ConcatenateConcatenationRules" computerName="MARTIN-PC" duration="00:00:00.0005083" startTime="2011-03-18T15:03:47.2319764+00:00" endTime="2011-03-18T15:03:47.2359767+00:00" testType="13cdc9d9-ddb5-4fa4-a97d-d965ccfc6d4b" outcome="Passed" testListId="8c84fa94-04c1-424b-9868-57a2d4851a1d" relativeResultsDirectory="d896487b-e81b-4527-8b3b-909d9109d285">
    </UnitTestResult>
    <UnitTestResult executionId="933ae624-7e61-4c24-8fb3-c120c4c388ed" testId="2e0f75cc-05ae-6cc1-a3de-727b3fe34122" testName="ConcatenationOfNonTerminalAndString" computerName="MARTIN-PC" duration="00:00:00.0005276" startTime="2011-03-18T15:03:47.2369767+00:00" endTime="2011-03-18T15:03:47.2419770+00:00" testType="13cdc9d9-ddb5-4fa4-a97d-d965ccfc6d4b" outcome="Passed" testListId="8c84fa94-04c1-424b-9868-57a2d4851a1d" relativeResultsDirectory="933ae624-7e61-4c24-8fb3-c120c4c388ed">
    </UnitTestResult>
    <UnitTestResult executionId="b0be3cf7-a0d1-4e10-82d0-65561fd5ef86" testId="309abaef-5e7a-21da-1899-85ef214de9da" testName="DoNotMatchAStringNotAtIndexZero" computerName="MARTIN-PC" duration="00:00:00.0002501" startTime="2011-03-18T15:03:47.2439771+00:00" endTime="2011-03-18T15:03:47.2499775+00:00" testType="13cdc9d9-ddb5-4fa4-a97d-d965ccfc6d4b" outcome="Passed" testListId="8c84fa94-04c1-424b-9868-57a2d4851a1d" relativeResultsDirectory="b0be3cf7-a0d1-4e10-82d0-65561fd5ef86">
    </UnitTestResult>
    <UnitTestResult executionId="5f0e94cf-8cc1-4c6e-89fe-8f3022beb310" testId="32dd8ca4-83b8-6d80-4c5c-4828d280f87f" testName="ConcatenateConcatenationRuleWithTerminal" computerName="MARTIN-PC" duration="00:00:00.0006381" startTime="2011-03-18T15:03:47.2529776+00:00" endTime="2011-03-18T15:03:47.2569779+00:00" testType="13cdc9d9-ddb5-4fa4-a97d-d965ccfc6d4b" outcome="Passed" testListId="8c84fa94-04c1-424b-9868-57a2d4851a1d" relativeResultsDirectory="5f0e94cf-8cc1-4c6e-89fe-8f3022beb310">
    </UnitTestResult>
    <UnitTestResult executionId="ce074418-4399-44be-8ad3-b0a18567bcb7" testId="36242104-b74e-fbcf-0eba-0e47460d90d7" testName="ConstructAGrammar" computerName="MARTIN-PC" duration="00:00:00.0129364" startTime="2011-03-18T15:03:47.2569779+00:00" endTime="2011-03-18T15:03:47.2739788+00:00" testType="13cdc9d9-ddb5-4fa4-a97d-d965ccfc6d4b" outcome="Failed" testListId="8c84fa94-04c1-424b-9868-57a2d4851a1d" relativeResultsDirectory="ce074418-4399-44be-8ad3-b0a18567bcb7">
      <Output>
        <ErrorInfo>
          <Message>Test method HermesTests.GrammarTest.ConstructAGrammar threw exception: 
System.NotImplementedException: The method or operation is not implemented.</Message>
          <StackTrace>    at HermesTests.GrammarTest.ConstructAGrammar() in C:\Users\Martin\Documents\Visual Studio 2010\Projects\Hermes\HermesTests\GrammarTest.cs:line 28
</StackTrace>
        </ErrorInfo>
      </Output>
    </UnitTestResult>
    <UnitTestResult executionId="1966fa1f-3c8d-4a0e-8ecf-6ec856f39215" testId="429f48cc-2b8b-db75-38c8-dfe106f4e216" testName="CorrectLineAndColumnNumbers" computerName="MARTIN-PC" duration="00:00:00.0010012" startTime="2011-03-18T15:03:47.2749789+00:00" endTime="2011-03-18T15:03:47.2789791+00:00" testType="13cdc9d9-ddb5-4fa4-a97d-d965ccfc6d4b" outcome="Passed" testListId="8c84fa94-04c1-424b-9868-57a2d4851a1d" relativeResultsDirectory="1966fa1f-3c8d-4a0e-8ecf-6ec856f39215">
    </UnitTestResult>
    <UnitTestResult executionId="76081d90-06b7-4d29-ac07-e95de6fe0c02" testId="44e9377b-e25e-89e7-5186-1269acd482e1" testName="ConcatenationOfStringAndNonTerminal" computerName="MARTIN-PC" duration="00:00:00.0002450" startTime="2011-03-18T15:03:47.2799792+00:00" endTime="2011-03-18T15:03:47.2859795+00:00" testType="13cdc9d9-ddb5-4fa4-a97d-d965ccfc6d4b" outcome="Passed" testListId="8c84fa94-04c1-424b-9868-57a2d4851a1d" relativeResultsDirectory="76081d90-06b7-4d29-ac07-e95de6fe0c02">
    </UnitTestResult>
    <UnitTestResult executionId="c1a2656b-6103-46c5-8ddc-f1e6b472e09f" testId="50127f22-518b-ba73-ea89-59601e3dd905" testName="ConcatenationOfTypedNonTerminals" computerName="MARTIN-PC" duration="00:00:00.0002340" startTime="2011-03-18T15:03:47.2879796+00:00" endTime="2011-03-18T15:03:47.2909798+00:00" testType="13cdc9d9-ddb5-4fa4-a97d-d965ccfc6d4b" outcome="Passed" testListId="8c84fa94-04c1-424b-9868-57a2d4851a1d" relativeResultsDirectory="c1a2656b-6103-46c5-8ddc-f1e6b472e09f">
    </UnitTestResult>
    <UnitTestResult executionId="6216a82d-87b2-4d74-bd68-3c04fe95136c" testId="5d695d69-c75e-cd20-56bf-478c02bd221a" testName="ConcatenationOfTerminalAndString" computerName="MARTIN-PC" duration="00:00:00.0002409" startTime="2011-03-18T15:03:47.2919799+00:00" endTime="2011-03-18T15:03:47.2959801+00:00" testType="13cdc9d9-ddb5-4fa4-a97d-d965ccfc6d4b" outcome="Passed" testListId="8c84fa94-04c1-424b-9868-57a2d4851a1d" relativeResultsDirectory="6216a82d-87b2-4d74-bd68-3c04fe95136c">
    </UnitTestResult>
    <UnitTestResult executionId="efafb10c-53d1-4647-a12b-5bf3adede83a" testId="604de895-cb53-a9e0-b794-44296dcd3835" testName="ConstructATokenStream" computerName="MARTIN-PC" duration="00:00:00.0004658" startTime="2011-03-18T15:03:47.2969801+00:00" endTime="2011-03-18T15:03:47.3009804+00:00" testType="13cdc9d9-ddb5-4fa4-a97d-d965ccfc6d4b" outcome="Passed" testListId="8c84fa94-04c1-424b-9868-57a2d4851a1d" relativeResultsDirectory="efafb10c-53d1-4647-a12b-5bf3adede83a">
    </UnitTestResult>
    <UnitTestResult executionId="f1b119cd-4405-4a9a-b988-65fcb8c84e5a" testId="63236655-d474-e0a2-4106-219859e6c5c2" testName="ConcatenateTerms" computerName="MARTIN-PC" duration="00:00:00.0001605" startTime="2011-03-18T15:03:47.3019804+00:00" endTime="2011-03-18T15:03:47.3049806+00:00" testType="13cdc9d9-ddb5-4fa4-a97d-d965ccfc6d4b" outcome="Passed" testListId="8c84fa94-04c1-424b-9868-57a2d4851a1d" relativeResultsDirectory="f1b119cd-4405-4a9a-b988-65fcb8c84e5a">
    </UnitTestResult>
    <UnitTestResult executionId="a21429ac-a818-4374-9aee-d3b8f98fb9a8" testId="68b42349-bc9a-b261-ad5c-92f6798ba498" testName="ConstructANonTerminal" computerName="MARTIN-PC" duration="00:00:00.0003192" startTime="2011-03-18T15:03:47.3069807+00:00" endTime="2011-03-18T15:03:47.3119810+00:00" testType="13cdc9d9-ddb5-4fa4-a97d-d965ccfc6d4b" outcome="Passed" testListId="8c84fa94-04c1-424b-9868-57a2d4851a1d" relativeResultsDirectory="a21429ac-a818-4374-9aee-d3b8f98fb9a8">
    </UnitTestResult>
    <UnitTestResult executionId="a1525d66-0d74-4f8a-b3fc-37028f6a6fb9" testId="71886231-80f6-4830-8e72-dd944911a099" testName="ConcatenationOfTerminalAndString" computerName="MARTIN-PC" duration="00:00:00.0002347" startTime="2011-03-18T15:03:47.3129811+00:00" endTime="2011-03-18T15:03:47.3179813+00:00" testType="13cdc9d9-ddb5-4fa4-a97d-d965ccfc6d4b" outcome="Passed" testListId="8c84fa94-04c1-424b-9868-57a2d4851a1d" relativeResultsDirectory="a1525d66-0d74-4f8a-b3fc-37028f6a6fb9">
    </UnitTestResult>
    <UnitTestResult executionId="3cb01dc9-7668-4a24-9abb-27744617ec66" testId="7db13936-f24b-55c4-155e-f656c106b534" testName="DoNotMatchAString" computerName="MARTIN-PC" duration="00:00:00.0001740" startTime="2011-03-18T15:03:47.3199815+00:00" endTime="2011-03-18T15:03:47.3269819+00:00" testType="13cdc9d9-ddb5-4fa4-a97d-d965ccfc6d4b" outcome="Passed" testListId="8c84fa94-04c1-424b-9868-57a2d4851a1d" relativeResultsDirectory="3cb01dc9-7668-4a24-9abb-27744617ec66">
    </UnitTestResult>
    <UnitTestResult executionId="9a07e5ce-ed8d-4542-96f8-68220b7b3796" testId="7f24a203-e1ab-7aaf-7e0e-53e514a18c3b" testName="ConcatenationOfStringAndTerminal" computerName="MARTIN-PC" duration="00:00:00.0002552" startTime="2011-03-18T15:03:47.3279819+00:00" endTime="2011-03-18T15:03:47.3329822+00:00" testType="13cdc9d9-ddb5-4fa4-a97d-d965ccfc6d4b" outcome="Passed" testListId="8c84fa94-04c1-424b-9868-57a2d4851a1d" relativeResultsDirectory="9a07e5ce-ed8d-4542-96f8-68220b7b3796">
    </UnitTestResult>
    <UnitTestResult executionId="516bef1a-526c-4e4e-9d9a-69d212fc7124" testId="82518f97-f216-4a8d-ed0f-a9963b85d416" testName="ConcatenationOfStringAndTerminal" computerName="MARTIN-PC" duration="00:00:00.0002406" startTime="2011-03-18T15:03:47.3339823+00:00" endTime="2011-03-18T15:03:47.3429828+00:00" testType="13cdc9d9-ddb5-4fa4-a97d-d965ccfc6d4b" outcome="Passed" testListId="8c84fa94-04c1-424b-9868-57a2d4851a1d" relativeResultsDirectory="516bef1a-526c-4e4e-9d9a-69d212fc7124">
    </UnitTestResult>
    <UnitTestResult executionId="ae802f6d-ead5-4a9f-95f4-49c10467dcb9" testId="89f8a49a-069f-56ae-654e-3718306f122c" testName="ConcatenationOfUntypedTerminals" computerName="MARTIN-PC" duration="00:00:00.0002146" startTime="2011-03-18T15:03:47.3439828+00:00" endTime="2011-03-18T15:03:47.3479831+00:00" testType="13cdc9d9-ddb5-4fa4-a97d-d965ccfc6d4b" outcome="Passed" testListId="8c84fa94-04c1-424b-9868-57a2d4851a1d" relativeResultsDirectory="ae802f6d-ead5-4a9f-95f4-49c10467dcb9">
    </UnitTestResult>
    <UnitTestResult executionId="296da33c-04f3-49a1-9859-483d6e0890e8" testId="950c58d1-9e16-eddb-2559-4fab05f29733" testName="ConcatenateConcatenationRuleWithNonTerminal" computerName="MARTIN-PC" duration="00:00:00.0006132" startTime="2011-03-18T15:03:47.3499832+00:00" endTime="2011-03-18T15:03:47.3549835+00:00" testType="13cdc9d9-ddb5-4fa4-a97d-d965ccfc6d4b" outcome="Passed" testListId="8c84fa94-04c1-424b-9868-57a2d4851a1d" relativeResultsDirectory="296da33c-04f3-49a1-9859-483d6e0890e8">
    </UnitTestResult>
    <UnitTestResult executionId="cfaf1320-69a0-48fc-be00-4560e095b06f" testId="972f115f-5f71-e6f9-0a7a-7c57f892875b" testName="CastStringIntoTerminal" computerName="MARTIN-PC" duration="00:00:00.0001590" startTime="2011-03-18T15:03:47.3559835+00:00" endTime="2011-03-18T15:03:47.3639840+00:00" testType="13cdc9d9-ddb5-4fa4-a97d-d965ccfc6d4b" outcome="Passed" testListId="8c84fa94-04c1-424b-9868-57a2d4851a1d" relativeResultsDirectory="cfaf1320-69a0-48fc-be00-4560e095b06f">
    </UnitTestResult>
    <UnitTestResult executionId="4445c72f-f7ce-4fb4-9fbe-dbfd14f4cb04" testId="9e077d99-7ec2-e148-8b6d-478518f7d60a" testName="ConstructTerminal" computerName="MARTIN-PC" duration="00:00:00.0001367" startTime="2011-03-18T15:03:47.3649840+00:00" endTime="2011-03-18T15:03:47.3689843+00:00" testType="13cdc9d9-ddb5-4fa4-a97d-d965ccfc6d4b" outcome="Passed" testListId="8c84fa94-04c1-424b-9868-57a2d4851a1d" relativeResultsDirectory="4445c72f-f7ce-4fb4-9fbe-dbfd14f4cb04">
    </UnitTestResult>
    <UnitTestResult executionId="5734f7e2-3d40-47c5-90a8-1a381a0f2019" testId="9eb5f561-003d-1c75-055b-21bdfe54fcd0" testName="ConcatenationOfUntypedTerminals" computerName="MARTIN-PC" duration="00:00:00.0022219" startTime="2011-03-18T15:03:47.3709844+00:00" endTime="2011-03-18T15:03:47.3759847+00:00" testType="13cdc9d9-ddb5-4fa4-a97d-d965ccfc6d4b" outcome="Failed" testListId="8c84fa94-04c1-424b-9868-57a2d4851a1d" relativeResultsDirectory="5734f7e2-3d40-47c5-90a8-1a381a0f2019">
      <Output>
        <ErrorInfo>
          <Message>Assert.AreEqual failed. Expected:&lt;1&gt;. Actual:&lt;2&gt;. </Message>
          <StackTrace>   at HermesTests.AlternationTesting.ConcatenationTesting.ConcatenationOfUntypedTerminals() in C:\Users\Martin\Documents\Visual Studio 2010\Projects\Hermes\HermesTests\AlternationTesting.cs:line 51
</StackTrace>
        </ErrorInfo>
      </Output>
    </UnitTestResult>
    <UnitTestResult executionId="a269fdf7-a881-4633-8b7c-e9b32352da09" testId="9ee61ac8-b0c0-944e-4dbe-97d4e6feb90b" testName="ConcatenateConcatenationRuleWithTerminal" computerName="MARTIN-PC" duration="00:00:00.0002508" startTime="2011-03-18T15:03:47.3779848+00:00" endTime="2011-03-18T15:03:47.3819850+00:00" testType="13cdc9d9-ddb5-4fa4-a97d-d965ccfc6d4b" outcome="Passed" testListId="8c84fa94-04c1-424b-9868-57a2d4851a1d" relativeResultsDirectory="a269fdf7-a881-4633-8b7c-e9b32352da09">
    </UnitTestResult>
    <UnitTestResult executionId="826adc05-df42-4e7c-9cc4-abc11cd9e736" testId="a1297c0c-fa57-105a-7c73-46300d05a0d0" testName="MatchAStringNotAtIndexZeroButWithOffset" computerName="MARTIN-PC" duration="00:00:00.0001908" startTime="2011-03-18T15:03:47.3839851+00:00" endTime="2011-03-18T15:03:47.3869853+00:00" testType="13cdc9d9-ddb5-4fa4-a97d-d965ccfc6d4b" outcome="Passed" testListId="8c84fa94-04c1-424b-9868-57a2d4851a1d" relativeResultsDirectory="826adc05-df42-4e7c-9cc4-abc11cd9e736">
    </UnitTestResult>
    <UnitTestResult executionId="bfe9935c-417e-4b81-9014-da7b6e1ba719" testId="a447929c-b3b6-a35b-61b8-c33fd8ec03a0" testName="ConcatenateConcatenationRuleWithNonTerminal" computerName="MARTIN-PC" duration="00:00:00.0002252" startTime="2011-03-18T15:03:47.3889854+00:00" endTime="2011-03-18T15:03:47.3939857+00:00" testType="13cdc9d9-ddb5-4fa4-a97d-d965ccfc6d4b" outcome="Passed" testListId="8c84fa94-04c1-424b-9868-57a2d4851a1d" relativeResultsDirectory="bfe9935c-417e-4b81-9014-da7b6e1ba719">
    </UnitTestResult>
    <UnitTestResult executionId="55fbbeb1-c8b4-427a-b57c-b576dbf0c7b5" testId="a68b0502-c526-299b-5956-cec5b457ae4d" testName="ReadATokenStream" computerName="MARTIN-PC" duration="00:00:00.0004574" startTime="2011-03-18T15:03:47.3949858+00:00" endTime="2011-03-18T15:03:47.3989860+00:00" testType="13cdc9d9-ddb5-4fa4-a97d-d965ccfc6d4b" outcome="Passed" testListId="8c84fa94-04c1-424b-9868-57a2d4851a1d" relativeResultsDirectory="55fbbeb1-c8b4-427a-b57c-b576dbf0c7b5">
    </UnitTestResult>
    <UnitTestResult executionId="0028c2eb-f38a-4c8c-a175-0557ac331b52" testId="a6e4368c-8e16-de9c-d31b-bf8e998cdbac" testName="ConcatenationOfNonTerminalAndTerminal" computerName="MARTIN-PC" duration="00:00:00.0002307" startTime="2011-03-18T15:03:47.4009861+00:00" endTime="2011-03-18T15:03:47.4049863+00:00" testType="13cdc9d9-ddb5-4fa4-a97d-d965ccfc6d4b" outcome="Passed" testListId="8c84fa94-04c1-424b-9868-57a2d4851a1d" relativeResultsDirectory="0028c2eb-f38a-4c8c-a175-0557ac331b52">
    </UnitTestResult>
    <UnitTestResult executionId="2a56d409-4978-46ae-b7e2-d69130b6d8ba" testId="a9789f0a-4478-1a62-828d-2cd78252d19e" testName="CastBnfTermIntoConcatenationRule" computerName="MARTIN-PC" duration="00:00:00.0002318" startTime="2011-03-18T15:03:47.4069864+00:00" endTime="2011-03-18T15:03:47.4129868+00:00" testType="13cdc9d9-ddb5-4fa4-a97d-d965ccfc6d4b" outcome="Passed" testListId="8c84fa94-04c1-424b-9868-57a2d4851a1d" relativeResultsDirectory="2a56d409-4978-46ae-b7e2-d69130b6d8ba">
    </UnitTestResult>
    <UnitTestResult executionId="20f35362-9a9a-4247-aad3-0080e649b2d0" testId="b9053de6-96b9-1509-acd4-a96ca1347b3d" testName="ConcatenationOfTypedNonTerminals" computerName="MARTIN-PC" duration="00:00:00.0044000" startTime="2011-03-18T15:03:47.4189871+00:00" endTime="2011-03-18T15:03:47.4269876+00:00" testType="13cdc9d9-ddb5-4fa4-a97d-d965ccfc6d4b" outcome="Passed" testListId="8c84fa94-04c1-424b-9868-57a2d4851a1d" relativeResultsDirectory="20f35362-9a9a-4247-aad3-0080e649b2d0">
    </UnitTestResult>
    <UnitTestResult executionId="6ac44894-a1ac-4df3-86da-524e59459545" testId="c48bba04-4fb9-7c8f-6c80-2581029b8a7f" testName="ConcatenationOfTerminalAndNonTerminal" computerName="MARTIN-PC" duration="00:00:00.0002373" startTime="2011-03-18T15:03:47.4309878+00:00" endTime="2011-03-18T15:03:47.4339880+00:00" testType="13cdc9d9-ddb5-4fa4-a97d-d965ccfc6d4b" outcome="Passed" testListId="8c84fa94-04c1-424b-9868-57a2d4851a1d" relativeResultsDirectory="6ac44894-a1ac-4df3-86da-524e59459545">
    </UnitTestResult>
    <UnitTestResult executionId="b2ac590e-fa9c-44e7-b98e-ac6ae8af1df6" testId="cff5d6f1-163c-7c0b-70eb-1117e4f6f42f" testName="IsWhitespaceIgnored" computerName="MARTIN-PC" duration="00:00:00.0006575" startTime="2011-03-18T15:03:47.4349880+00:00" endTime="2011-03-18T15:03:47.4389883+00:00" testType="13cdc9d9-ddb5-4fa4-a97d-d965ccfc6d4b" outcome="Passed" testListId="8c84fa94-04c1-424b-9868-57a2d4851a1d" relativeResultsDirectory="b2ac590e-fa9c-44e7-b98e-ac6ae8af1df6">
    </UnitTestResult>
    <UnitTestResult executionId="0bbd8955-d7b1-40fd-9cb3-d4558482b228" testId="d4ab72ca-3b2a-cffc-53ca-f1e3327b3ebe" testName="ConcatenationOfStringAndNonTerminal" computerName="MARTIN-PC" duration="00:00:00.0008802" startTime="2011-03-18T15:03:47.4459887+00:00" endTime="2011-03-18T15:03:47.4569893+00:00" testType="13cdc9d9-ddb5-4fa4-a97d-d965ccfc6d4b" outcome="Passed" testListId="8c84fa94-04c1-424b-9868-57a2d4851a1d" relativeResultsDirectory="0bbd8955-d7b1-40fd-9cb3-d4558482b228">
    </UnitTestResult>
    <UnitTestResult executionId="b5523450-2c1b-4e79-8777-78a99764b81b" testId="e176d6c3-6654-6f09-56fc-75d4b91d30b1" testName="CastStringIntoTerminal" computerName="MARTIN-PC" duration="00:00:00.0006070" startTime="2011-03-18T15:03:47.4579894+00:00" endTime="2011-03-18T15:03:47.4619896+00:00" testType="13cdc9d9-ddb5-4fa4-a97d-d965ccfc6d4b" outcome="Passed" testListId="8c84fa94-04c1-424b-9868-57a2d4851a1d" relativeResultsDirectory="b5523450-2c1b-4e79-8777-78a99764b81b">
    </UnitTestResult>
    <UnitTestResult executionId="e578cc5f-bca7-4e94-a1e6-08569d70cdf6" testId="e34f2a75-40af-449c-71f1-2093efbfcfe8" testName="TerminalPlusTerminalReturnsRule" computerName="MARTIN-PC" duration="00:00:00.0006747" startTime="2011-03-18T15:03:47.4629896+00:00" endTime="2011-03-18T15:03:47.4729902+00:00" testType="13cdc9d9-ddb5-4fa4-a97d-d965ccfc6d4b" outcome="Passed" testListId="8c84fa94-04c1-424b-9868-57a2d4851a1d" relativeResultsDirectory="e578cc5f-bca7-4e94-a1e6-08569d70cdf6">
    </UnitTestResult>
    <UnitTestResult executionId="39085a75-fb97-4b36-9094-d1ae493e4f66" testId="e5138bd5-d1a4-9de0-f29b-b05afabb475e" testName="MatchAString" computerName="MARTIN-PC" duration="00:00:00.0001993" startTime="2011-03-18T15:03:47.4739903+00:00" endTime="2011-03-18T15:03:47.4789906+00:00" testType="13cdc9d9-ddb5-4fa4-a97d-d965ccfc6d4b" outcome="Passed" testListId="8c84fa94-04c1-424b-9868-57a2d4851a1d" relativeResultsDirectory="39085a75-fb97-4b36-9094-d1ae493e4f66">
    </UnitTestResult>
    <UnitTestResult executionId="8fa92571-b80a-4de1-a432-c2df9ac9b4b3" testId="eaa7e3d9-5735-99be-cbc6-9447adcf9f24" testName="CastConcatenationRuleIntoAlternationRule" computerName="MARTIN-PC" duration="00:00:00.0001638" startTime="2011-03-18T15:03:47.4789906+00:00" endTime="2011-03-18T15:03:47.4839908+00:00" testType="13cdc9d9-ddb5-4fa4-a97d-d965ccfc6d4b" outcome="Passed" testListId="8c84fa94-04c1-424b-9868-57a2d4851a1d" relativeResultsDirectory="8fa92571-b80a-4de1-a432-c2df9ac9b4b3">
    </UnitTestResult>
    <UnitTestResult executionId="1516f782-640a-4c9d-a1ac-00cdd458ac93" testId="ec3aedc7-42bf-e2d5-e241-a02f33d1a39e" testName="ConcatenationOfTypedTerminals" computerName="MARTIN-PC" duration="00:00:00.0003218" startTime="2011-03-18T15:03:47.4849909+00:00" endTime="2011-03-18T15:03:47.4889911+00:00" testType="13cdc9d9-ddb5-4fa4-a97d-d965ccfc6d4b" outcome="Passed" testListId="8c84fa94-04c1-424b-9868-57a2d4851a1d" relativeResultsDirectory="1516f782-640a-4c9d-a1ac-00cdd458ac93">
    </UnitTestResult>
    <UnitTestResult executionId="52562b43-dbbf-4c76-9d01-f69dec22fe47" testId="eefb3d44-e0d5-00f5-893d-dc0765ca8824" testName="ConcatenateConcatenationRuleWithString" computerName="MARTIN-PC" duration="00:00:00.0002329" startTime="2011-03-18T15:03:47.4909912+00:00" endTime="2011-03-18T15:03:47.4949915+00:00" testType="13cdc9d9-ddb5-4fa4-a97d-d965ccfc6d4b" outcome="Passed" testListId="8c84fa94-04c1-424b-9868-57a2d4851a1d" relativeResultsDirectory="52562b43-dbbf-4c76-9d01-f69dec22fe47">
    </UnitTestResult>
    <UnitTestResult executionId="6e0cd22f-056b-42ff-af7e-3b5bc8e73b25" testId="f223f713-4e8b-de5f-a42c-1fb64190de91" testName="ConcatenationOfNonTerminalAndString" computerName="MARTIN-PC" duration="00:00:00.0002164" startTime="2011-03-18T15:03:47.4959915+00:00" endTime="2011-03-18T15:03:47.4989917+00:00" testType="13cdc9d9-ddb5-4fa4-a97d-d965ccfc6d4b" outcome="Passed" testListId="8c84fa94-04c1-424b-9868-57a2d4851a1d" relativeResultsDirectory="6e0cd22f-056b-42ff-af7e-3b5bc8e73b25">
    </UnitTestResult>
    <UnitTestResult executionId="e0ef64e9-2e13-4abd-b320-0672147dad67" testId="f2d2b3b1-c00a-637e-7dd6-e1f78615cce8" testName="ConcatenationOfNonTerminalAndTerminal" computerName="MARTIN-PC" duration="00:00:00.0002175" startTime="2011-03-18T15:03:47.4999918+00:00" endTime="2011-03-18T15:03:47.5049920+00:00" testType="13cdc9d9-ddb5-4fa4-a97d-d965ccfc6d4b" outcome="Passed" testListId="8c84fa94-04c1-424b-9868-57a2d4851a1d" relativeResultsDirectory="e0ef64e9-2e13-4abd-b320-0672147dad67">
    </UnitTestResult>
    <UnitTestResult executionId="1e52618a-094d-470b-879d-cf656ac133a3" testId="f361bf6f-6274-717c-addf-54d14527e4bc" testName="CastStringIntoConcatenationRule" computerName="MARTIN-PC" duration="00:00:00.0001382" startTime="2011-03-18T15:03:47.5079922+00:00" endTime="2011-03-18T15:03:47.5109924+00:00" testType="13cdc9d9-ddb5-4fa4-a97d-d965ccfc6d4b" outcome="Passed" testListId="8c84fa94-04c1-424b-9868-57a2d4851a1d" relativeResultsDirectory="1e52618a-094d-470b-879d-cf656ac133a3">
    </UnitTestResult>
    <UnitTestResult executionId="0e21546e-b177-4151-b943-28f940a859c2" testId="fcaf3cb3-b4cd-6a40-9262-02a569e1b51d" testName="ConcatenateConcatenationRuleWithString" computerName="MARTIN-PC" duration="00:00:00.0002845" startTime="2011-03-18T15:03:47.5109924+00:00" endTime="2011-03-18T15:03:47.5149926+00:00" testType="13cdc9d9-ddb5-4fa4-a97d-d965ccfc6d4b" outcome="Passed" testListId="8c84fa94-04c1-424b-9868-57a2d4851a1d" relativeResultsDirectory="0e21546e-b177-4151-b943-28f940a859c2">
    </UnitTestResult>
  </Results>
</TestRun>