<?xml version="1.0" encoding="UTF-8"?>
<TestRun id="e76346fb-c58e-4763-8115-3180ae56bb3c" name="Martin@MARTIN-PC 2011-03-22 16:54:41" runUser="Martin-PC\Martin" xmlns="http://microsoft.com/schemas/VisualStudio/TeamTest/2010">
  <TestSettings name="Local" id="c13f3ac4-e06d-4c27-8158-208f7bf0acb6">
    <Description>These are default test settings for a local test run.</Description>
    <Deployment enabled="false" runDeploymentRoot="Martin_MARTIN-PC 2011-03-22 16_54_41">
      <DeploymentItem filename="C:\Users\Martin\Documents\Visual Studio 2010\Projects\Hermes\Hermes\bin\Debug\Hermes.dll" />
    </Deployment>
    <Execution>
      <TestTypeSpecific />
      <AgentRule name="Execution Agents">
      </AgentRule>
    </Execution>
  </TestSettings>
  <Times creation="2011-03-22T16:54:41.6090056+00:00" queuing="2011-03-22T16:54:41.6310069+00:00" start="2011-03-22T16:54:41.6370072+00:00" finish="2011-03-22T16:54:41.8520195+00:00" />
  <ResultSummary outcome="Failed">
    <Counters total="1" executed="1" error="0" failed="1" timeout="0" aborted="0" inconclusive="0" passedButRunAborted="0" notRunnable="0" notExecuted="0" disconnected="0" warning="0" passed="0" completed="0" inProgress="0" pending="0" />
  </ResultSummary>
  <TestDefinitions>
    <UnitTest name="ConstructRecursiveDescentParser" storage="c:\users\martin\documents\visual studio 2010\projects\hermes\hermestests\bin\debug\hermestests.dll" id="ec17d828-5496-163d-69a5-8bce54583178">
      <Execution id="04d35803-94be-4185-bb4b-d06f57dad064" />
      <TestMethod codeBase="C:/Users/Martin/Documents/Visual Studio 2010/Projects/Hermes/HermesTests/bin/Debug/HermesTests.DLL" adapterTypeName="Microsoft.VisualStudio.TestTools.TestTypes.Unit.UnitTestAdapter, Microsoft.VisualStudio.QualityTools.Tips.UnitTest.Adapter, Version=10.0.0.0, Culture=neutral, PublicKeyToken=b03f5f7f11d50a3a" className="HermesTests.RecursiveDescentTests, HermesTests, Version=1.0.0.0, Culture=neutral, PublicKeyToken=null" name="ConstructRecursiveDescentParser" />
    </UnitTest>
  </TestDefinitions>
  <TestLists>
    <TestList name="Results Not in a List" id="8c84fa94-04c1-424b-9868-57a2d4851a1d" />
    <TestList name="All Loaded Results" id="19431567-8539-422a-85d7-44ee4e166bda" />
  </TestLists>
  <TestEntries>
    <TestEntry testId="ec17d828-5496-163d-69a5-8bce54583178" executionId="04d35803-94be-4185-bb4b-d06f57dad064" testListId="8c84fa94-04c1-424b-9868-57a2d4851a1d" />
  </TestEntries>
  <Results>
    <UnitTestResult executionId="04d35803-94be-4185-bb4b-d06f57dad064" testId="ec17d828-5496-163d-69a5-8bce54583178" testName="ConstructRecursiveDescentParser" computerName="MARTIN-PC" duration="00:00:00.0303845" startTime="2011-03-22T16:54:41.6380073+00:00" endTime="2011-03-22T16:54:41.8420190+00:00" testType="13cdc9d9-ddb5-4fa4-a97d-d965ccfc6d4b" outcome="Failed" testListId="8c84fa94-04c1-424b-9868-57a2d4851a1d" relativeResultsDirectory="04d35803-94be-4185-bb4b-d06f57dad064">
      <Output>
        <ErrorInfo>
          <Message>Test method HermesTests.RecursiveDescentTests.ConstructRecursiveDescentParser threw exception: 
System.ArgumentException: parsing "(" - Not enough )'s.</Message>
          <StackTrace>    at System.Text.RegularExpressions.RegexParser.ScanRegex()
   at System.Text.RegularExpressions.RegexParser.Parse(String re, RegexOptions op)
   at System.Text.RegularExpressions.Regex..ctor(String pattern, RegexOptions options, Boolean useCache)
   at System.Text.RegularExpressions.Regex..ctor(String pattern)
   at Hermes.Bnf.Terminal..ctor(String name, String regex, Boolean isIgnored) in C:\Users\Martin\Documents\Visual Studio 2010\Projects\Hermes\Hermes\Bnf\Terminal.cs:line 41
   at Hermes.Bnf.Terminal..ctor(String regex, Boolean isIgnored) in C:\Users\Martin\Documents\Visual Studio 2010\Projects\Hermes\Hermes\Bnf\Terminal.cs:line 31
   at HermesTests.Grammars.MatchedBrackets.ConstructGrammar(String openBracket, String closeBracket) in C:\Users\Martin\Documents\Visual Studio 2010\Projects\Hermes\HermesTests\Grammars\MatchedBrackets.cs:line 24
   at HermesTests.Grammars.MatchedBrackets..ctor(String openBracket, String closeBracket) in C:\Users\Martin\Documents\Visual Studio 2010\Projects\Hermes\HermesTests\Grammars\MatchedBrackets.cs:line 12
   at HermesTests.RecursiveDescentTests.ConstructRecursiveDescentParser() in C:\Users\Martin\Documents\Visual Studio 2010\Projects\Hermes\HermesTests\RecursiveDescentTests.cs:line 19
</StackTrace>
        </ErrorInfo>
      </Output>
    </UnitTestResult>
  </Results>
</TestRun>