<?xml version="1.0" encoding="UTF-8"?>
<TestRun id="90cb645f-c6f2-4884-b3de-72049c7db13b" name="Martin@MARTIN-LAPTOP 2011-03-14 14:15:34" runUser="Martin-Laptop\Martin" xmlns="http://microsoft.com/schemas/VisualStudio/TeamTest/2010">
  <TestSettings name="Local" id="c13f3ac4-e06d-4c27-8158-208f7bf0acb6">
    <Description>These are default test settings for a local test run.</Description>
    <Deployment enabled="false" runDeploymentRoot="Martin_MARTIN-LAPTOP 2011-03-14 14_15_34">
      <DeploymentItem filename="C:\Users\Martin\Documents\Visual Studio 2010\Projects\Hermes\Hermes\bin\Debug\Hermes.dll" />
    </Deployment>
    <Execution>
      <TestTypeSpecific />
      <AgentRule name="Execution Agents">
      </AgentRule>
    </Execution>
  </TestSettings>
  <Times creation="2011-03-14T14:15:34.1452066+00:00" queuing="2011-03-14T14:15:37.2323832+00:00" start="2011-03-14T14:15:37.3553902+00:00" finish="2011-03-14T14:16:13.5234589+00:00" />
  <ResultSummary outcome="Error">
    <Counters total="6" executed="5" passed="4" error="0" failed="0" timeout="0" aborted="1" inconclusive="0" passedButRunAborted="0" notRunnable="0" notExecuted="1" disconnected="0" warning="0" completed="0" inProgress="0" pending="0" />
    <RunInfos>
      <RunInfo computerName="MARTIN-LAPTOP" outcome="Error" timestamp="2011-03-14T14:16:13.5204587+00:00">
        <Text>Test host process exited unexpectedly.</Text>
      </RunInfo>
    </RunInfos>
  </ResultSummary>
  <TestDefinitions>
    <UnitTest name="ConstructTerminal" storage="c:\users\martin\documents\visual studio 2010\projects\hermes\hermestests\bin\debug\hermestests.dll" id="9e077d99-7ec2-e148-8b6d-478518f7d60a">
      <Execution id="eeb92df1-c7a9-418a-8402-ad967a3927ff" />
      <TestMethod codeBase="C:/Users/Martin/Documents/Visual Studio 2010/Projects/Hermes/HermesTests/bin/Debug/HermesTests.DLL" adapterTypeName="Microsoft.VisualStudio.TestTools.TestTypes.Unit.UnitTestAdapter, Microsoft.VisualStudio.QualityTools.Tips.UnitTest.Adapter, Version=10.0.0.0, Culture=neutral, PublicKeyToken=b03f5f7f11d50a3a" className="HermesTests.TerminalTest, HermesTests, Version=1.0.0.0, Culture=neutral, PublicKeyToken=null" name="ConstructTerminal" />
    </UnitTest>
    <UnitTest name="DoNotMatchAString" storage="c:\users\martin\documents\visual studio 2010\projects\hermes\hermestests\bin\debug\hermestests.dll" id="7db13936-f24b-55c4-155e-f656c106b534">
      <Execution id="e44a06bc-2295-4098-afcb-9e219212fdca" />
      <TestMethod codeBase="C:/Users/Martin/Documents/Visual Studio 2010/Projects/Hermes/HermesTests/bin/Debug/HermesTests.DLL" adapterTypeName="Microsoft.VisualStudio.TestTools.TestTypes.Unit.UnitTestAdapter, Microsoft.VisualStudio.QualityTools.Tips.UnitTest.Adapter, Version=10.0.0.0, Culture=neutral, PublicKeyToken=b03f5f7f11d50a3a" className="HermesTests.TerminalTest, HermesTests, Version=1.0.0.0, Culture=neutral, PublicKeyToken=null" name="DoNotMatchAString" />
    </UnitTest>
    <UnitTest name="DoNotMatchAStringNotAtIndexZero" storage="c:\users\martin\documents\visual studio 2010\projects\hermes\hermestests\bin\debug\hermestests.dll" id="309abaef-5e7a-21da-1899-85ef214de9da">
      <Execution id="4b609ca4-e5c1-44d3-9c81-a78290539880" />
      <TestMethod codeBase="C:/Users/Martin/Documents/Visual Studio 2010/Projects/Hermes/HermesTests/bin/Debug/HermesTests.DLL" adapterTypeName="Microsoft.VisualStudio.TestTools.TestTypes.Unit.UnitTestAdapter, Microsoft.VisualStudio.QualityTools.Tips.UnitTest.Adapter, Version=10.0.0.0, Culture=neutral, PublicKeyToken=b03f5f7f11d50a3a" className="HermesTests.TerminalTest, HermesTests, Version=1.0.0.0, Culture=neutral, PublicKeyToken=null" name="DoNotMatchAStringNotAtIndexZero" />
    </UnitTest>
    <UnitTest name="MatchAString" storage="c:\users\martin\documents\visual studio 2010\projects\hermes\hermestests\bin\debug\hermestests.dll" id="e5138bd5-d1a4-9de0-f29b-b05afabb475e">
      <Execution id="366845ae-7cad-4faf-b0f7-2923043729a2" />
      <TestMethod codeBase="C:/Users/Martin/Documents/Visual Studio 2010/Projects/Hermes/HermesTests/bin/Debug/HermesTests.DLL" adapterTypeName="Microsoft.VisualStudio.TestTools.TestTypes.Unit.UnitTestAdapter, Microsoft.VisualStudio.QualityTools.Tips.UnitTest.Adapter, Version=10.0.0.0, Culture=neutral, PublicKeyToken=b03f5f7f11d50a3a" className="HermesTests.TerminalTest, HermesTests, Version=1.0.0.0, Culture=neutral, PublicKeyToken=null" name="MatchAString" />
    </UnitTest>
    <UnitTest name="ReadATokenStream" storage="c:\users\martin\documents\visual studio 2010\projects\hermes\hermestests\bin\debug\hermestests.dll" id="c42d1a27-9e17-6c70-addc-282c3e2e07b2">
      <Execution id="4eb576bb-ae3f-4dd0-b050-e84b57d20a01" />
      <TestMethod codeBase="C:/Users/Martin/Documents/Visual Studio 2010/Projects/Hermes/HermesTests/bin/Debug/HermesTests.DLL" adapterTypeName="Microsoft.VisualStudio.TestTools.TestTypes.Unit.UnitTestAdapter, Microsoft.VisualStudio.QualityTools.Tips.UnitTest.Adapter, Version=10.0.0.0, Culture=neutral, PublicKeyToken=b03f5f7f11d50a3a" className="HermesTests.TokenStreamTest, HermesTests, Version=1.0.0.0, Culture=neutral, PublicKeyToken=null" name="ReadATokenStream" />
    </UnitTest>
    <UnitTest name="ConstructATokenStream" storage="c:\users\martin\documents\visual studio 2010\projects\hermes\hermestests\bin\debug\hermestests.dll" id="b913fb65-7c23-6014-39cd-78d4c3556155">
      <Execution id="3b74ab47-c46a-49b2-824e-5fb32ba59292" />
      <TestMethod codeBase="C:/Users/Martin/Documents/Visual Studio 2010/Projects/Hermes/HermesTests/bin/Debug/HermesTests.DLL" adapterTypeName="Microsoft.VisualStudio.TestTools.TestTypes.Unit.UnitTestAdapter, Microsoft.VisualStudio.QualityTools.Tips.UnitTest.Adapter, Version=10.0.0.0, Culture=neutral, PublicKeyToken=b03f5f7f11d50a3a" className="HermesTests.TokenStreamTest, HermesTests, Version=1.0.0.0, Culture=neutral, PublicKeyToken=null" name="ConstructATokenStream" />
    </UnitTest>
  </TestDefinitions>
  <TestLists>
    <TestList name="Results Not in a List" id="8c84fa94-04c1-424b-9868-57a2d4851a1d" />
    <TestList name="All Loaded Results" id="19431567-8539-422a-85d7-44ee4e166bda" />
  </TestLists>
  <TestEntries>
    <TestEntry testId="309abaef-5e7a-21da-1899-85ef214de9da" executionId="4b609ca4-e5c1-44d3-9c81-a78290539880" testListId="8c84fa94-04c1-424b-9868-57a2d4851a1d" />
    <TestEntry testId="7db13936-f24b-55c4-155e-f656c106b534" executionId="e44a06bc-2295-4098-afcb-9e219212fdca" testListId="8c84fa94-04c1-424b-9868-57a2d4851a1d" />
    <TestEntry testId="9e077d99-7ec2-e148-8b6d-478518f7d60a" executionId="eeb92df1-c7a9-418a-8402-ad967a3927ff" testListId="8c84fa94-04c1-424b-9868-57a2d4851a1d" />
    <TestEntry testId="b913fb65-7c23-6014-39cd-78d4c3556155" executionId="3b74ab47-c46a-49b2-824e-5fb32ba59292" testListId="8c84fa94-04c1-424b-9868-57a2d4851a1d" />
    <TestEntry testId="c42d1a27-9e17-6c70-addc-282c3e2e07b2" executionId="4eb576bb-ae3f-4dd0-b050-e84b57d20a01" testListId="8c84fa94-04c1-424b-9868-57a2d4851a1d" />
    <TestEntry testId="e5138bd5-d1a4-9de0-f29b-b05afabb475e" executionId="366845ae-7cad-4faf-b0f7-2923043729a2" testListId="8c84fa94-04c1-424b-9868-57a2d4851a1d" />
  </TestEntries>
  <Results>
    <UnitTestResult executionId="4b609ca4-e5c1-44d3-9c81-a78290539880" testId="309abaef-5e7a-21da-1899-85ef214de9da" testName="DoNotMatchAStringNotAtIndexZero" computerName="MARTIN-LAPTOP" duration="00:00:00.0320115" startTime="2011-03-14T14:15:37.5123992+00:00" endTime="2011-03-14T14:15:38.8584762+00:00" testType="13cdc9d9-ddb5-4fa4-a97d-d965ccfc6d4b" outcome="Passed" testListId="8c84fa94-04c1-424b-9868-57a2d4851a1d" relativeResultsDirectory="4b609ca4-e5c1-44d3-9c81-a78290539880">
    </UnitTestResult>
    <UnitTestResult executionId="e44a06bc-2295-4098-afcb-9e219212fdca" testId="7db13936-f24b-55c4-155e-f656c106b534" testName="DoNotMatchAString" computerName="MARTIN-LAPTOP" duration="00:00:00.0003191" startTime="2011-03-14T14:15:38.9024787+00:00" endTime="2011-03-14T14:15:38.9174796+00:00" testType="13cdc9d9-ddb5-4fa4-a97d-d965ccfc6d4b" outcome="Passed" testListId="8c84fa94-04c1-424b-9868-57a2d4851a1d" relativeResultsDirectory="e44a06bc-2295-4098-afcb-9e219212fdca">
    </UnitTestResult>
    <UnitTestResult executionId="eeb92df1-c7a9-418a-8402-ad967a3927ff" testId="9e077d99-7ec2-e148-8b6d-478518f7d60a" testName="ConstructTerminal" computerName="MARTIN-LAPTOP" duration="00:00:00.0002412" startTime="2011-03-14T14:15:38.9274801+00:00" endTime="2011-03-14T14:15:38.9384808+00:00" testType="13cdc9d9-ddb5-4fa4-a97d-d965ccfc6d4b" outcome="Passed" testListId="8c84fa94-04c1-424b-9868-57a2d4851a1d" relativeResultsDirectory="eeb92df1-c7a9-418a-8402-ad967a3927ff">
    </UnitTestResult>
    <UnitTestResult executionId="3b74ab47-c46a-49b2-824e-5fb32ba59292" testId="b913fb65-7c23-6014-39cd-78d4c3556155" testName="ConstructATokenStream" computerName="MARTIN-LAPTOP" duration="00:00:00.0018197" startTime="2011-03-14T14:15:38.9494814+00:00" endTime="2011-03-14T14:15:39.0024844+00:00" testType="13cdc9d9-ddb5-4fa4-a97d-d965ccfc6d4b" outcome="Passed" testListId="8c84fa94-04c1-424b-9868-57a2d4851a1d" relativeResultsDirectory="3b74ab47-c46a-49b2-824e-5fb32ba59292">
    </UnitTestResult>
    <UnitTestResult executionId="4eb576bb-ae3f-4dd0-b050-e84b57d20a01" testId="c42d1a27-9e17-6c70-addc-282c3e2e07b2" testName="ReadATokenStream" computerName="MARTIN-LAPTOP" duration="00:00:34.5119740" startTime="2011-03-14T14:15:39.0114849+00:00" endTime="2011-03-14T14:16:13.5234589+00:00" testType="13cdc9d9-ddb5-4fa4-a97d-d965ccfc6d4b" outcome="Aborted" testListId="8c84fa94-04c1-424b-9868-57a2d4851a1d" relativeResultsDirectory="4eb576bb-ae3f-4dd0-b050-e84b57d20a01">
    </UnitTestResult>
    <UnitTestResult executionId="366845ae-7cad-4faf-b0f7-2923043729a2" testId="e5138bd5-d1a4-9de0-f29b-b05afabb475e" testName="MatchAString" computerName="MARTIN-LAPTOP" testType="13cdc9d9-ddb5-4fa4-a97d-d965ccfc6d4b" outcome="NotExecuted" testListId="8c84fa94-04c1-424b-9868-57a2d4851a1d" relativeResultsDirectory="366845ae-7cad-4faf-b0f7-2923043729a2">
    </UnitTestResult>
  </Results>
</TestRun>