<?xml version="1.0" encoding="UTF-8"?>
<TestRun id="0973101c-7678-46fc-ad4d-9e63caf8fe8d" name="Martin@MARTIN-PC 2011-03-18 17:54:33" runUser="Martin-PC\Martin" xmlns="http://microsoft.com/schemas/VisualStudio/TeamTest/2010">
  <TestSettings name="Local" id="c13f3ac4-e06d-4c27-8158-208f7bf0acb6">
    <Description>These are default test settings for a local test run.</Description>
    <Deployment enabled="false" runDeploymentRoot="Martin_MARTIN-PC 2011-03-18 17_54_33">
      <DeploymentItem filename="C:\Users\Martin\Documents\Visual Studio 2010\Projects\Hermes\Hermes\bin\Debug\Hermes.dll" />
    </Deployment>
    <Execution>
      <TestTypeSpecific />
      <AgentRule name="Execution Agents">
      </AgentRule>
    </Execution>
  </TestSettings>
  <Times creation="2011-03-18T17:54:33.8790511+00:00" queuing="2011-03-18T17:54:34.0860630+00:00" start="2011-03-18T17:54:34.1140646+00:00" finish="2011-03-18T17:54:34.3600786+00:00" />
  <ResultSummary outcome="Completed">
    <Counters total="1" executed="1" passed="1" error="0" failed="0" timeout="0" aborted="0" inconclusive="0" passedButRunAborted="0" notRunnable="0" notExecuted="0" disconnected="0" warning="0" completed="0" inProgress="0" pending="0" />
  </ResultSummary>
  <TestDefinitions>
    <UnitTest name="StringPlusConcatenationRule" storage="c:\users\martin\documents\visual studio 2010\projects\hermes\hermestests\bin\debug\hermestests.dll" id="971bcaa7-42ec-82eb-defb-490d183d03b1">
      <Execution id="bf04ef95-1d54-45d0-8f1a-518a52c61358" />
      <TestMethod codeBase="C:/Users/Martin/Documents/Visual Studio 2010/Projects/Hermes/HermesTests/bin/Debug/HermesTests.DLL" adapterTypeName="Microsoft.VisualStudio.TestTools.TestTypes.Unit.UnitTestAdapter, Microsoft.VisualStudio.QualityTools.Tips.UnitTest.Adapter, Version=10.0.0.0, Culture=neutral, PublicKeyToken=b03f5f7f11d50a3a" className="HermesTests.ConcatenationRuleTest, HermesTests, Version=1.0.0.0, Culture=neutral, PublicKeyToken=null" name="StringPlusConcatenationRule" />
    </UnitTest>
  </TestDefinitions>
  <TestLists>
    <TestList name="Results Not in a List" id="8c84fa94-04c1-424b-9868-57a2d4851a1d" />
    <TestList name="All Loaded Results" id="19431567-8539-422a-85d7-44ee4e166bda" />
  </TestLists>
  <TestEntries>
    <TestEntry testId="971bcaa7-42ec-82eb-defb-490d183d03b1" executionId="bf04ef95-1d54-45d0-8f1a-518a52c61358" testListId="8c84fa94-04c1-424b-9868-57a2d4851a1d" />
  </TestEntries>
  <Results>
    <UnitTestResult executionId="bf04ef95-1d54-45d0-8f1a-518a52c61358" testId="971bcaa7-42ec-82eb-defb-490d183d03b1" testName="StringPlusConcatenationRule" computerName="MARTIN-PC" duration="00:00:00.0114364" startTime="2011-03-18T17:54:34.1210650+00:00" endTime="2011-03-18T17:54:34.3440777+00:00" testType="13cdc9d9-ddb5-4fa4-a97d-d965ccfc6d4b" outcome="Passed" testListId="8c84fa94-04c1-424b-9868-57a2d4851a1d" relativeResultsDirectory="bf04ef95-1d54-45d0-8f1a-518a52c61358">
    </UnitTestResult>
  </Results>
</TestRun>