<?xml version="1.0" encoding="UTF-8"?>
<TestRun id="6fcfb95c-3167-47a9-ab90-8bb1a3ba3283" name="Martin@MARTIN-PC 2011-03-18 17:56:03" runUser="Martin-PC\Martin" xmlns="http://microsoft.com/schemas/VisualStudio/TeamTest/2010">
  <TestSettings name="Local" id="c13f3ac4-e06d-4c27-8158-208f7bf0acb6">
    <Description>These are default test settings for a local test run.</Description>
    <Deployment enabled="false" runDeploymentRoot="Martin_MARTIN-PC 2011-03-18 17_56_03">
      <DeploymentItem filename="C:\Users\Martin\Documents\Visual Studio 2010\Projects\Hermes\Hermes\bin\Debug\Hermes.dll" />
    </Deployment>
    <Execution>
      <TestTypeSpecific />
      <AgentRule name="Execution Agents">
      </AgentRule>
    </Execution>
  </TestSettings>
  <Times creation="2011-03-18T17:56:03.7201897+00:00" queuing="2011-03-18T17:56:03.7481913+00:00" start="2011-03-18T17:56:03.7521916+00:00" finish="2011-03-18T17:56:03.9572033+00:00" />
  <ResultSummary outcome="Completed">
    <Counters total="1" executed="1" passed="1" error="0" failed="0" timeout="0" aborted="0" inconclusive="0" passedButRunAborted="0" notRunnable="0" notExecuted="0" disconnected="0" warning="0" completed="0" inProgress="0" pending="0" />
  </ResultSummary>
  <TestDefinitions>
    <UnitTest name="StringOrConcatenationRule" storage="c:\users\martin\documents\visual studio 2010\projects\hermes\hermestests\bin\debug\hermestests.dll" id="72c9dd4b-b353-89f4-a8f4-b73bd5a5b7e8">
      <Execution id="5a9c5ba2-80a4-4449-80b0-4b301fc7081c" />
      <TestMethod codeBase="C:/Users/Martin/Documents/Visual Studio 2010/Projects/Hermes/HermesTests/bin/Debug/HermesTests.DLL" adapterTypeName="Microsoft.VisualStudio.TestTools.TestTypes.Unit.UnitTestAdapter, Microsoft.VisualStudio.QualityTools.Tips.UnitTest.Adapter, Version=10.0.0.0, Culture=neutral, PublicKeyToken=b03f5f7f11d50a3a" className="HermesTests.ConcatenationRuleTest, HermesTests, Version=1.0.0.0, Culture=neutral, PublicKeyToken=null" name="StringOrConcatenationRule" />
    </UnitTest>
  </TestDefinitions>
  <TestLists>
    <TestList name="Results Not in a List" id="8c84fa94-04c1-424b-9868-57a2d4851a1d" />
    <TestList name="All Loaded Results" id="19431567-8539-422a-85d7-44ee4e166bda" />
  </TestLists>
  <TestEntries>
    <TestEntry testId="72c9dd4b-b353-89f4-a8f4-b73bd5a5b7e8" executionId="5a9c5ba2-80a4-4449-80b0-4b301fc7081c" testListId="8c84fa94-04c1-424b-9868-57a2d4851a1d" />
  </TestEntries>
  <Results>
    <UnitTestResult executionId="5a9c5ba2-80a4-4449-80b0-4b301fc7081c" testId="72c9dd4b-b353-89f4-a8f4-b73bd5a5b7e8" testName="StringOrConcatenationRule" computerName="MARTIN-PC" duration="00:00:00.0125803" startTime="2011-03-18T17:56:03.7541917+00:00" endTime="2011-03-18T17:56:03.9442025+00:00" testType="13cdc9d9-ddb5-4fa4-a97d-d965ccfc6d4b" outcome="Passed" testListId="8c84fa94-04c1-424b-9868-57a2d4851a1d" relativeResultsDirectory="5a9c5ba2-80a4-4449-80b0-4b301fc7081c">
    </UnitTestResult>
  </Results>
</TestRun>