<?xml version="1.0" encoding="UTF-8"?>
<TestRun id="8bd054ae-4be4-4167-b17e-9e6bfc98ab22" name="Martin@MARTIN-LAPTOP 2011-03-14 14:26:40" runUser="Martin-Laptop\Martin" xmlns="http://microsoft.com/schemas/VisualStudio/TeamTest/2010">
  <TestSettings name="Local" id="c13f3ac4-e06d-4c27-8158-208f7bf0acb6">
    <Description>These are default test settings for a local test run.</Description>
    <Deployment enabled="false" runDeploymentRoot="Martin_MARTIN-LAPTOP 2011-03-14 14_26_40">
      <DeploymentItem filename="C:\Users\Martin\Documents\Visual Studio 2010\Projects\Hermes\Hermes\bin\Debug\Hermes.dll" />
    </Deployment>
    <Execution>
      <TestTypeSpecific />
      <AgentRule name="Execution Agents">
      </AgentRule>
    </Execution>
  </TestSettings>
  <Times creation="2011-03-14T14:26:40.7413337+00:00" queuing="2011-03-14T14:26:41.2713640+00:00" start="2011-03-14T14:26:41.5043774+00:00" finish="2011-03-14T14:26:42.7544489+00:00" />
  <ResultSummary outcome="Completed">
    <Counters total="6" executed="6" passed="6" error="0" failed="0" timeout="0" aborted="0" inconclusive="0" passedButRunAborted="0" notRunnable="0" notExecuted="0" disconnected="0" warning="0" completed="0" inProgress="0" pending="0" />
  </ResultSummary>
  <TestDefinitions>
    <UnitTest name="ConstructTerminal" storage="c:\users\martin\documents\visual studio 2010\projects\hermes\hermestests\bin\debug\hermestests.dll" id="9e077d99-7ec2-e148-8b6d-478518f7d60a">
      <Execution id="d96d489f-c9a2-411e-88e4-8919567d3cf9" />
      <TestMethod codeBase="C:/Users/Martin/Documents/Visual Studio 2010/Projects/Hermes/HermesTests/bin/Debug/HermesTests.DLL" adapterTypeName="Microsoft.VisualStudio.TestTools.TestTypes.Unit.UnitTestAdapter, Microsoft.VisualStudio.QualityTools.Tips.UnitTest.Adapter, Version=10.0.0.0, Culture=neutral, PublicKeyToken=b03f5f7f11d50a3a" className="HermesTests.TerminalTest, HermesTests, Version=1.0.0.0, Culture=neutral, PublicKeyToken=null" name="ConstructTerminal" />
    </UnitTest>
    <UnitTest name="DoNotMatchAString" storage="c:\users\martin\documents\visual studio 2010\projects\hermes\hermestests\bin\debug\hermestests.dll" id="7db13936-f24b-55c4-155e-f656c106b534">
      <Execution id="00c2666d-1824-4534-ba66-ceb58dcd7e14" />
      <TestMethod codeBase="C:/Users/Martin/Documents/Visual Studio 2010/Projects/Hermes/HermesTests/bin/Debug/HermesTests.DLL" adapterTypeName="Microsoft.VisualStudio.TestTools.TestTypes.Unit.UnitTestAdapter, Microsoft.VisualStudio.QualityTools.Tips.UnitTest.Adapter, Version=10.0.0.0, Culture=neutral, PublicKeyToken=b03f5f7f11d50a3a" className="HermesTests.TerminalTest, HermesTests, Version=1.0.0.0, Culture=neutral, PublicKeyToken=null" name="DoNotMatchAString" />
    </UnitTest>
    <UnitTest name="DoNotMatchAStringNotAtIndexZero" storage="c:\users\martin\documents\visual studio 2010\projects\hermes\hermestests\bin\debug\hermestests.dll" id="309abaef-5e7a-21da-1899-85ef214de9da">
      <Execution id="9002b1f1-c880-4066-9e95-99f088f01d5d" />
      <TestMethod codeBase="C:/Users/Martin/Documents/Visual Studio 2010/Projects/Hermes/HermesTests/bin/Debug/HermesTests.DLL" adapterTypeName="Microsoft.VisualStudio.TestTools.TestTypes.Unit.UnitTestAdapter, Microsoft.VisualStudio.QualityTools.Tips.UnitTest.Adapter, Version=10.0.0.0, Culture=neutral, PublicKeyToken=b03f5f7f11d50a3a" className="HermesTests.TerminalTest, HermesTests, Version=1.0.0.0, Culture=neutral, PublicKeyToken=null" name="DoNotMatchAStringNotAtIndexZero" />
    </UnitTest>
    <UnitTest name="MatchAString" storage="c:\users\martin\documents\visual studio 2010\projects\hermes\hermestests\bin\debug\hermestests.dll" id="e5138bd5-d1a4-9de0-f29b-b05afabb475e">
      <Execution id="7fe232fd-db22-4ddf-b6f4-302ab1c4cc20" />
      <TestMethod codeBase="C:/Users/Martin/Documents/Visual Studio 2010/Projects/Hermes/HermesTests/bin/Debug/HermesTests.DLL" adapterTypeName="Microsoft.VisualStudio.TestTools.TestTypes.Unit.UnitTestAdapter, Microsoft.VisualStudio.QualityTools.Tips.UnitTest.Adapter, Version=10.0.0.0, Culture=neutral, PublicKeyToken=b03f5f7f11d50a3a" className="HermesTests.TerminalTest, HermesTests, Version=1.0.0.0, Culture=neutral, PublicKeyToken=null" name="MatchAString" />
    </UnitTest>
    <UnitTest name="ReadATokenStream" storage="c:\users\martin\documents\visual studio 2010\projects\hermes\hermestests\bin\debug\hermestests.dll" id="c42d1a27-9e17-6c70-addc-282c3e2e07b2">
      <Execution id="d895f90d-5b7c-4ef3-940f-b97b84d6c275" />
      <TestMethod codeBase="C:/Users/Martin/Documents/Visual Studio 2010/Projects/Hermes/HermesTests/bin/Debug/HermesTests.DLL" adapterTypeName="Microsoft.VisualStudio.TestTools.TestTypes.Unit.UnitTestAdapter, Microsoft.VisualStudio.QualityTools.Tips.UnitTest.Adapter, Version=10.0.0.0, Culture=neutral, PublicKeyToken=b03f5f7f11d50a3a" className="HermesTests.TokenStreamTest, HermesTests, Version=1.0.0.0, Culture=neutral, PublicKeyToken=null" name="ReadATokenStream" />
    </UnitTest>
    <UnitTest name="ConstructATokenStream" storage="c:\users\martin\documents\visual studio 2010\projects\hermes\hermestests\bin\debug\hermestests.dll" id="b913fb65-7c23-6014-39cd-78d4c3556155">
      <Execution id="adad2318-4495-46f3-a407-664ee7579671" />
      <TestMethod codeBase="C:/Users/Martin/Documents/Visual Studio 2010/Projects/Hermes/HermesTests/bin/Debug/HermesTests.DLL" adapterTypeName="Microsoft.VisualStudio.TestTools.TestTypes.Unit.UnitTestAdapter, Microsoft.VisualStudio.QualityTools.Tips.UnitTest.Adapter, Version=10.0.0.0, Culture=neutral, PublicKeyToken=b03f5f7f11d50a3a" className="HermesTests.TokenStreamTest, HermesTests, Version=1.0.0.0, Culture=neutral, PublicKeyToken=null" name="ConstructATokenStream" />
    </UnitTest>
  </TestDefinitions>
  <TestLists>
    <TestList name="Results Not in a List" id="8c84fa94-04c1-424b-9868-57a2d4851a1d" />
    <TestList name="All Loaded Results" id="19431567-8539-422a-85d7-44ee4e166bda" />
  </TestLists>
  <TestEntries>
    <TestEntry testId="309abaef-5e7a-21da-1899-85ef214de9da" executionId="9002b1f1-c880-4066-9e95-99f088f01d5d" testListId="8c84fa94-04c1-424b-9868-57a2d4851a1d" />
    <TestEntry testId="7db13936-f24b-55c4-155e-f656c106b534" executionId="00c2666d-1824-4534-ba66-ceb58dcd7e14" testListId="8c84fa94-04c1-424b-9868-57a2d4851a1d" />
    <TestEntry testId="9e077d99-7ec2-e148-8b6d-478518f7d60a" executionId="d96d489f-c9a2-411e-88e4-8919567d3cf9" testListId="8c84fa94-04c1-424b-9868-57a2d4851a1d" />
    <TestEntry testId="b913fb65-7c23-6014-39cd-78d4c3556155" executionId="adad2318-4495-46f3-a407-664ee7579671" testListId="8c84fa94-04c1-424b-9868-57a2d4851a1d" />
    <TestEntry testId="c42d1a27-9e17-6c70-addc-282c3e2e07b2" executionId="d895f90d-5b7c-4ef3-940f-b97b84d6c275" testListId="8c84fa94-04c1-424b-9868-57a2d4851a1d" />
    <TestEntry testId="e5138bd5-d1a4-9de0-f29b-b05afabb475e" executionId="7fe232fd-db22-4ddf-b6f4-302ab1c4cc20" testListId="8c84fa94-04c1-424b-9868-57a2d4851a1d" />
  </TestEntries>
  <Results>
    <UnitTestResult executionId="9002b1f1-c880-4066-9e95-99f088f01d5d" testId="309abaef-5e7a-21da-1899-85ef214de9da" testName="DoNotMatchAStringNotAtIndexZero" computerName="MARTIN-LAPTOP" duration="00:00:00.0191669" startTime="2011-03-14T14:26:41.7183896+00:00" endTime="2011-03-14T14:26:42.4394309+00:00" testType="13cdc9d9-ddb5-4fa4-a97d-d965ccfc6d4b" outcome="Passed" testListId="8c84fa94-04c1-424b-9868-57a2d4851a1d" relativeResultsDirectory="9002b1f1-c880-4066-9e95-99f088f01d5d">
    </UnitTestResult>
    <UnitTestResult executionId="00c2666d-1824-4534-ba66-ceb58dcd7e14" testId="7db13936-f24b-55c4-155e-f656c106b534" testName="DoNotMatchAString" computerName="MARTIN-LAPTOP" duration="00:00:00.0011053" startTime="2011-03-14T14:26:42.5614378+00:00" endTime="2011-03-14T14:26:42.5774387+00:00" testType="13cdc9d9-ddb5-4fa4-a97d-d965ccfc6d4b" outcome="Passed" testListId="8c84fa94-04c1-424b-9868-57a2d4851a1d" relativeResultsDirectory="00c2666d-1824-4534-ba66-ceb58dcd7e14">
    </UnitTestResult>
    <UnitTestResult executionId="d96d489f-c9a2-411e-88e4-8919567d3cf9" testId="9e077d99-7ec2-e148-8b6d-478518f7d60a" testName="ConstructTerminal" computerName="MARTIN-LAPTOP" duration="00:00:00.0002151" startTime="2011-03-14T14:26:42.5794389+00:00" endTime="2011-03-14T14:26:42.5914395+00:00" testType="13cdc9d9-ddb5-4fa4-a97d-d965ccfc6d4b" outcome="Passed" testListId="8c84fa94-04c1-424b-9868-57a2d4851a1d" relativeResultsDirectory="d96d489f-c9a2-411e-88e4-8919567d3cf9">
    </UnitTestResult>
    <UnitTestResult executionId="adad2318-4495-46f3-a407-664ee7579671" testId="b913fb65-7c23-6014-39cd-78d4c3556155" testName="ConstructATokenStream" computerName="MARTIN-LAPTOP" duration="00:00:00.0026204" startTime="2011-03-14T14:26:42.5944397+00:00" endTime="2011-03-14T14:26:42.6104406+00:00" testType="13cdc9d9-ddb5-4fa4-a97d-d965ccfc6d4b" outcome="Passed" testListId="8c84fa94-04c1-424b-9868-57a2d4851a1d" relativeResultsDirectory="adad2318-4495-46f3-a407-664ee7579671">
    </UnitTestResult>
    <UnitTestResult executionId="d895f90d-5b7c-4ef3-940f-b97b84d6c275" testId="c42d1a27-9e17-6c70-addc-282c3e2e07b2" testName="ReadATokenStream" computerName="MARTIN-LAPTOP" duration="00:00:00.0041765" startTime="2011-03-14T14:26:42.6134408+00:00" endTime="2011-03-14T14:26:42.6314418+00:00" testType="13cdc9d9-ddb5-4fa4-a97d-d965ccfc6d4b" outcome="Passed" testListId="8c84fa94-04c1-424b-9868-57a2d4851a1d" relativeResultsDirectory="d895f90d-5b7c-4ef3-940f-b97b84d6c275">
    </UnitTestResult>
    <UnitTestResult executionId="7fe232fd-db22-4ddf-b6f4-302ab1c4cc20" testId="e5138bd5-d1a4-9de0-f29b-b05afabb475e" testName="MatchAString" computerName="MARTIN-LAPTOP" duration="00:00:00.0011487" startTime="2011-03-14T14:26:42.6344420+00:00" endTime="2011-03-14T14:26:42.6484428+00:00" testType="13cdc9d9-ddb5-4fa4-a97d-d965ccfc6d4b" outcome="Passed" testListId="8c84fa94-04c1-424b-9868-57a2d4851a1d" relativeResultsDirectory="7fe232fd-db22-4ddf-b6f4-302ab1c4cc20">
    </UnitTestResult>
  </Results>
</TestRun>