<?xml version="1.0" encoding="UTF-8"?>
<TestRun id="0441fb56-e209-498a-96e6-a2d382c41ae2" name="Martin@MARTIN-PC 2011-03-22 16:47:44" runUser="Martin-PC\Martin" xmlns="http://microsoft.com/schemas/VisualStudio/TeamTest/2010">
  <TestSettings name="Local" id="c13f3ac4-e06d-4c27-8158-208f7bf0acb6">
    <Description>These are default test settings for a local test run.</Description>
    <Deployment enabled="false" runDeploymentRoot="Martin_MARTIN-PC 2011-03-22 16_47_44">
      <DeploymentItem filename="C:\Users\Martin\Documents\Visual Studio 2010\Projects\Hermes\Hermes\bin\Debug\Hermes.dll" />
    </Deployment>
    <Execution>
      <TestTypeSpecific />
      <AgentRule name="Execution Agents">
      </AgentRule>
    </Execution>
  </TestSettings>
  <Times creation="2011-03-22T16:47:44.6551572+00:00" queuing="2011-03-22T16:47:44.8361676+00:00" start="2011-03-22T16:47:44.8651692+00:00" finish="2011-03-22T16:47:45.1201838+00:00" />
  <ResultSummary outcome="Completed">
    <Counters total="1" executed="1" passed="1" error="0" failed="0" timeout="0" aborted="0" inconclusive="0" passedButRunAborted="0" notRunnable="0" notExecuted="0" disconnected="0" warning="0" completed="0" inProgress="0" pending="0" />
  </ResultSummary>
  <TestDefinitions>
    <UnitTest name="GetFollowSet" storage="c:\users\martin\documents\visual studio 2010\projects\hermes\hermestests\bin\debug\hermestests.dll" id="63014b2b-e6a2-167a-f287-c4638007eb38">
      <Execution id="543c5d86-c9bd-4402-8e9c-9416b7998c00" />
      <TestMethod codeBase="C:/Users/Martin/Documents/Visual Studio 2010/Projects/Hermes/HermesTests/bin/Debug/HermesTests.DLL" adapterTypeName="Microsoft.VisualStudio.TestTools.TestTypes.Unit.UnitTestAdapter, Microsoft.VisualStudio.QualityTools.Tips.UnitTest.Adapter, Version=10.0.0.0, Culture=neutral, PublicKeyToken=b03f5f7f11d50a3a" className="HermesTests.GrammarTest, HermesTests, Version=1.0.0.0, Culture=neutral, PublicKeyToken=null" name="GetFollowSet" />
    </UnitTest>
  </TestDefinitions>
  <TestLists>
    <TestList name="Results Not in a List" id="8c84fa94-04c1-424b-9868-57a2d4851a1d" />
    <TestList name="All Loaded Results" id="19431567-8539-422a-85d7-44ee4e166bda" />
  </TestLists>
  <TestEntries>
    <TestEntry testId="63014b2b-e6a2-167a-f287-c4638007eb38" executionId="543c5d86-c9bd-4402-8e9c-9416b7998c00" testListId="8c84fa94-04c1-424b-9868-57a2d4851a1d" />
  </TestEntries>
  <Results>
    <UnitTestResult executionId="543c5d86-c9bd-4402-8e9c-9416b7998c00" testId="63014b2b-e6a2-167a-f287-c4638007eb38" testName="GetFollowSet" computerName="MARTIN-PC" duration="00:00:00.0201701" startTime="2011-03-22T16:47:44.8721697+00:00" endTime="2011-03-22T16:47:45.1061830+00:00" testType="13cdc9d9-ddb5-4fa4-a97d-d965ccfc6d4b" outcome="Passed" testListId="8c84fa94-04c1-424b-9868-57a2d4851a1d" relativeResultsDirectory="543c5d86-c9bd-4402-8e9c-9416b7998c00">
    </UnitTestResult>
  </Results>
</TestRun>