<?xml version="1.0" encoding="UTF-8"?>
<TestRun id="47bf4521-963a-45a1-a8ec-8d4257bf0947" name="Martin@MARTIN-PC 2011-03-18 14:48:06" runUser="Martin-PC\Martin" xmlns="http://microsoft.com/schemas/VisualStudio/TeamTest/2010">
  <TestSettings name="Local" id="c13f3ac4-e06d-4c27-8158-208f7bf0acb6">
    <Description>These are default test settings for a local test run.</Description>
    <Deployment enabled="false" runDeploymentRoot="Martin_MARTIN-PC 2011-03-18 14_48_06">
      <DeploymentItem filename="C:\Users\Martin\Documents\Visual Studio 2010\Projects\Hermes\Hermes\bin\Debug\Hermes.dll" />
    </Deployment>
    <Execution>
      <TestTypeSpecific />
      <AgentRule name="Execution Agents">
      </AgentRule>
    </Execution>
  </TestSettings>
  <Times creation="2011-03-18T14:48:06.1991524+00:00" queuing="2011-03-18T14:48:06.2331544+00:00" start="2011-03-18T14:48:06.2391547+00:00" finish="2011-03-18T14:48:06.4391662+00:00" />
  <ResultSummary outcome="Completed">
    <Counters total="1" executed="1" passed="1" error="0" failed="0" timeout="0" aborted="0" inconclusive="0" passedButRunAborted="0" notRunnable="0" notExecuted="0" disconnected="0" warning="0" completed="0" inProgress="0" pending="0" />
  </ResultSummary>
  <TestDefinitions>
    <UnitTest name="ConcatenateConcatenationRuleWithString" storage="c:\users\martin\documents\visual studio 2010\projects\hermes\hermestests\bin\debug\hermestests.dll" id="fcaf3cb3-b4cd-6a40-9262-02a569e1b51d">
      <Execution id="69cae622-0521-42b0-b265-dceca9b91722" />
      <TestMethod codeBase="C:/Users/Martin/Documents/Visual Studio 2010/Projects/Hermes/HermesTests/bin/Debug/HermesTests.DLL" adapterTypeName="Microsoft.VisualStudio.TestTools.TestTypes.Unit.UnitTestAdapter, Microsoft.VisualStudio.QualityTools.Tips.UnitTest.Adapter, Version=10.0.0.0, Culture=neutral, PublicKeyToken=b03f5f7f11d50a3a" className="HermesTests.ConcatenationTesting, HermesTests, Version=1.0.0.0, Culture=neutral, PublicKeyToken=null" name="ConcatenateConcatenationRuleWithString" />
    </UnitTest>
  </TestDefinitions>
  <TestLists>
    <TestList name="Results Not in a List" id="8c84fa94-04c1-424b-9868-57a2d4851a1d" />
    <TestList name="All Loaded Results" id="19431567-8539-422a-85d7-44ee4e166bda" />
  </TestLists>
  <TestEntries>
    <TestEntry testId="fcaf3cb3-b4cd-6a40-9262-02a569e1b51d" executionId="69cae622-0521-42b0-b265-dceca9b91722" testListId="8c84fa94-04c1-424b-9868-57a2d4851a1d" />
  </TestEntries>
  <Results>
    <UnitTestResult executionId="69cae622-0521-42b0-b265-dceca9b91722" testId="fcaf3cb3-b4cd-6a40-9262-02a569e1b51d" testName="ConcatenateConcatenationRuleWithString" computerName="MARTIN-PC" duration="00:00:00.0102453" startTime="2011-03-18T14:48:06.2411548+00:00" endTime="2011-03-18T14:48:06.4251654+00:00" testType="13cdc9d9-ddb5-4fa4-a97d-d965ccfc6d4b" outcome="Passed" testListId="8c84fa94-04c1-424b-9868-57a2d4851a1d" relativeResultsDirectory="69cae622-0521-42b0-b265-dceca9b91722">
    </UnitTestResult>
  </Results>
</TestRun>