<?xml version="1.0" encoding="UTF-8"?>
<TestRun id="79e6d72d-6cd8-48d8-b079-798ab388dba5" name="Martin@MARTIN-PC 2011-03-18 17:52:32" runUser="Martin-PC\Martin" xmlns="http://microsoft.com/schemas/VisualStudio/TeamTest/2010">
  <TestSettings name="Local" id="c13f3ac4-e06d-4c27-8158-208f7bf0acb6">
    <Description>These are default test settings for a local test run.</Description>
    <Deployment enabled="false" runDeploymentRoot="Martin_MARTIN-PC 2011-03-18 17_52_32">
      <DeploymentItem filename="C:\Users\Martin\Documents\Visual Studio 2010\Projects\Hermes\Hermes\bin\Debug\Hermes.dll" />
    </Deployment>
    <Execution>
      <TestTypeSpecific />
      <AgentRule name="Execution Agents">
      </AgentRule>
    </Execution>
  </TestSettings>
  <Times creation="2011-03-18T17:52:32.2750958+00:00" queuing="2011-03-18T17:52:32.3100978+00:00" start="2011-03-18T17:52:32.3150981+00:00" finish="2011-03-18T17:52:32.5231100+00:00" />
  <ResultSummary outcome="Failed">
    <Counters total="1" executed="1" error="0" failed="1" timeout="0" aborted="0" inconclusive="0" passedButRunAborted="0" notRunnable="0" notExecuted="0" disconnected="0" warning="0" passed="0" completed="0" inProgress="0" pending="0" />
  </ResultSummary>
  <TestDefinitions>
    <UnitTest name="StringPlusConcatenationRule" storage="c:\users\martin\documents\visual studio 2010\projects\hermes\hermestests\bin\debug\hermestests.dll" id="971bcaa7-42ec-82eb-defb-490d183d03b1">
      <Execution id="966caeb0-0f65-4e7d-aa0b-43b37f5c6487" />
      <TestMethod codeBase="C:/Users/Martin/Documents/Visual Studio 2010/Projects/Hermes/HermesTests/bin/Debug/HermesTests.DLL" adapterTypeName="Microsoft.VisualStudio.TestTools.TestTypes.Unit.UnitTestAdapter, Microsoft.VisualStudio.QualityTools.Tips.UnitTest.Adapter, Version=10.0.0.0, Culture=neutral, PublicKeyToken=b03f5f7f11d50a3a" className="HermesTests.ConcatenationRuleTest, HermesTests, Version=1.0.0.0, Culture=neutral, PublicKeyToken=null" name="StringPlusConcatenationRule" />
    </UnitTest>
  </TestDefinitions>
  <TestLists>
    <TestList name="Results Not in a List" id="8c84fa94-04c1-424b-9868-57a2d4851a1d" />
    <TestList name="All Loaded Results" id="19431567-8539-422a-85d7-44ee4e166bda" />
  </TestLists>
  <TestEntries>
    <TestEntry testId="971bcaa7-42ec-82eb-defb-490d183d03b1" executionId="966caeb0-0f65-4e7d-aa0b-43b37f5c6487" testListId="8c84fa94-04c1-424b-9868-57a2d4851a1d" />
  </TestEntries>
  <Results>
    <UnitTestResult executionId="966caeb0-0f65-4e7d-aa0b-43b37f5c6487" testId="971bcaa7-42ec-82eb-defb-490d183d03b1" testName="StringPlusConcatenationRule" computerName="MARTIN-PC" duration="00:00:00.0245352" startTime="2011-03-18T17:52:32.3160981+00:00" endTime="2011-03-18T17:52:32.5121093+00:00" testType="13cdc9d9-ddb5-4fa4-a97d-d965ccfc6d4b" outcome="Failed" testListId="8c84fa94-04c1-424b-9868-57a2d4851a1d" relativeResultsDirectory="966caeb0-0f65-4e7d-aa0b-43b37f5c6487">
      <Output>
        <ErrorInfo>
          <Message>Assert.AreEqual failed. Expected:&lt;...&gt;. Actual:&lt;\.\.\.&gt;. </Message>
          <StackTrace>   at HermesTests.ConcatenationRuleTest.StringPlusConcatenationRule() in C:\Users\Martin\Documents\Visual Studio 2010\Projects\Hermes\HermesTests\ConcatenationRuleTest.cs:line 57
</StackTrace>
        </ErrorInfo>
      </Output>
    </UnitTestResult>
  </Results>
</TestRun>