<?xml version="1.0" encoding="UTF-8"?>
<TestRun id="c40ba519-db86-49d7-b145-b8f8cd2b38bc" name="Martin@MARTIN-PC 2011-03-18 14:44:08" runUser="Martin-PC\Martin" xmlns="http://microsoft.com/schemas/VisualStudio/TeamTest/2010">
  <TestSettings name="Local" id="c13f3ac4-e06d-4c27-8158-208f7bf0acb6">
    <Description>These are default test settings for a local test run.</Description>
    <Deployment enabled="false" runDeploymentRoot="Martin_MARTIN-PC 2011-03-18 14_44_08">
      <DeploymentItem filename="C:\Users\Martin\Documents\Visual Studio 2010\Projects\Hermes\Hermes\bin\Debug\Hermes.dll" />
    </Deployment>
    <Execution>
      <TestTypeSpecific />
      <AgentRule name="Execution Agents">
      </AgentRule>
    </Execution>
  </TestSettings>
  <Times creation="2011-03-18T14:44:08.2335416+00:00" queuing="2011-03-18T14:44:08.2875447+00:00" start="2011-03-18T14:44:08.2955451+00:00" finish="2011-03-18T14:44:08.5195579+00:00" />
  <ResultSummary outcome="Completed">
    <Counters total="1" executed="1" passed="1" error="0" failed="0" timeout="0" aborted="0" inconclusive="0" passedButRunAborted="0" notRunnable="0" notExecuted="0" disconnected="0" warning="0" completed="0" inProgress="0" pending="0" />
  </ResultSummary>
  <TestDefinitions>
    <UnitTest name="ConcatenationOfTerminalAndString" storage="c:\users\martin\documents\visual studio 2010\projects\hermes\hermestests\bin\debug\hermestests.dll" id="ef3870f4-a615-d401-0f3d-4059460aa774">
      <Execution id="0e1f7efa-b0d3-46b2-8153-6d269d572116" />
      <TestMethod codeBase="C:/Users/Martin/Documents/Visual Studio 2010/Projects/Hermes/HermesTests/bin/Debug/HermesTests.DLL" adapterTypeName="Microsoft.VisualStudio.TestTools.TestTypes.Unit.UnitTestAdapter, Microsoft.VisualStudio.QualityTools.Tips.UnitTest.Adapter, Version=10.0.0.0, Culture=neutral, PublicKeyToken=b03f5f7f11d50a3a" className="HermesTests.ImplicitCastingTests, HermesTests, Version=1.0.0.0, Culture=neutral, PublicKeyToken=null" name="ConcatenationOfTerminalAndString" />
    </UnitTest>
  </TestDefinitions>
  <TestLists>
    <TestList name="Results Not in a List" id="8c84fa94-04c1-424b-9868-57a2d4851a1d" />
    <TestList name="All Loaded Results" id="19431567-8539-422a-85d7-44ee4e166bda" />
  </TestLists>
  <TestEntries>
    <TestEntry testId="ef3870f4-a615-d401-0f3d-4059460aa774" executionId="0e1f7efa-b0d3-46b2-8153-6d269d572116" testListId="8c84fa94-04c1-424b-9868-57a2d4851a1d" />
  </TestEntries>
  <Results>
    <UnitTestResult executionId="0e1f7efa-b0d3-46b2-8153-6d269d572116" testId="ef3870f4-a615-d401-0f3d-4059460aa774" testName="ConcatenationOfTerminalAndString" computerName="MARTIN-PC" duration="00:00:00.0112224" startTime="2011-03-18T14:44:08.3155463+00:00" endTime="2011-03-18T14:44:08.5075572+00:00" testType="13cdc9d9-ddb5-4fa4-a97d-d965ccfc6d4b" outcome="Passed" testListId="8c84fa94-04c1-424b-9868-57a2d4851a1d" relativeResultsDirectory="0e1f7efa-b0d3-46b2-8153-6d269d572116">
    </UnitTestResult>
  </Results>
</TestRun>