<?xml version="1.0" encoding="UTF-8"?>
<TestRun id="90fec29d-4be7-4655-bdca-611ea3f21d82" name="Martin@MARTIN-PC 2011-03-18 14:44:55" runUser="Martin-PC\Martin" xmlns="http://microsoft.com/schemas/VisualStudio/TeamTest/2010">
  <TestSettings name="Local" id="c13f3ac4-e06d-4c27-8158-208f7bf0acb6">
    <Description>These are default test settings for a local test run.</Description>
    <Deployment enabled="false" runDeploymentRoot="Martin_MARTIN-PC 2011-03-18 14_44_55">
      <DeploymentItem filename="C:\Users\Martin\Documents\Visual Studio 2010\Projects\Hermes\Hermes\bin\Debug\Hermes.dll" />
    </Deployment>
    <Execution>
      <TestTypeSpecific />
      <AgentRule name="Execution Agents">
      </AgentRule>
    </Execution>
  </TestSettings>
  <Times creation="2011-03-18T14:44:55.9282696+00:00" queuing="2011-03-18T14:44:55.9772724+00:00" start="2011-03-18T14:44:55.9832727+00:00" finish="2011-03-18T14:44:56.3322927+00:00" />
  <ResultSummary outcome="Completed">
    <Counters total="9" executed="9" passed="9" error="0" failed="0" timeout="0" aborted="0" inconclusive="0" passedButRunAborted="0" notRunnable="0" notExecuted="0" disconnected="0" warning="0" completed="0" inProgress="0" pending="0" />
  </ResultSummary>
  <TestDefinitions>
    <UnitTest name="ConcatenationOfStringAndTerminal" storage="c:\users\martin\documents\visual studio 2010\projects\hermes\hermestests\bin\debug\hermestests.dll" id="9280ca34-63fd-76a4-0651-9c45e18e270b">
      <Execution id="8c01f6af-4629-4a28-9d04-aab426296a16" />
      <TestMethod codeBase="C:/Users/Martin/Documents/Visual Studio 2010/Projects/Hermes/HermesTests/bin/Debug/HermesTests.DLL" adapterTypeName="Microsoft.VisualStudio.TestTools.TestTypes.Unit.UnitTestAdapter, Microsoft.VisualStudio.QualityTools.Tips.UnitTest.Adapter, Version=10.0.0.0, Culture=neutral, PublicKeyToken=b03f5f7f11d50a3a" className="HermesTests.ImplicitCastingTests, HermesTests, Version=1.0.0.0, Culture=neutral, PublicKeyToken=null" name="ConcatenationOfStringAndTerminal" />
    </UnitTest>
    <UnitTest name="ConcatenationOfNonTerminalAndTerminal" storage="c:\users\martin\documents\visual studio 2010\projects\hermes\hermestests\bin\debug\hermestests.dll" id="c726892a-6f3b-f8f3-e626-ded2ea56a54b">
      <Execution id="ef60ebe4-b950-4b09-a305-648958dd1a32" />
      <TestMethod codeBase="C:/Users/Martin/Documents/Visual Studio 2010/Projects/Hermes/HermesTests/bin/Debug/HermesTests.DLL" adapterTypeName="Microsoft.VisualStudio.TestTools.TestTypes.Unit.UnitTestAdapter, Microsoft.VisualStudio.QualityTools.Tips.UnitTest.Adapter, Version=10.0.0.0, Culture=neutral, PublicKeyToken=b03f5f7f11d50a3a" className="HermesTests.ImplicitCastingTests, HermesTests, Version=1.0.0.0, Culture=neutral, PublicKeyToken=null" name="ConcatenationOfNonTerminalAndTerminal" />
    </UnitTest>
    <UnitTest name="ConcatenationOfTerminalAndString" storage="c:\users\martin\documents\visual studio 2010\projects\hermes\hermestests\bin\debug\hermestests.dll" id="ef3870f4-a615-d401-0f3d-4059460aa774">
      <Execution id="96aa829c-634e-4ca0-92c3-fc555025e515" />
      <TestMethod codeBase="C:/Users/Martin/Documents/Visual Studio 2010/Projects/Hermes/HermesTests/bin/Debug/HermesTests.DLL" adapterTypeName="Microsoft.VisualStudio.TestTools.TestTypes.Unit.UnitTestAdapter, Microsoft.VisualStudio.QualityTools.Tips.UnitTest.Adapter, Version=10.0.0.0, Culture=neutral, PublicKeyToken=b03f5f7f11d50a3a" className="HermesTests.ImplicitCastingTests, HermesTests, Version=1.0.0.0, Culture=neutral, PublicKeyToken=null" name="ConcatenationOfTerminalAndString" />
    </UnitTest>
    <UnitTest name="ConcatenationOfUntypedTerminals" storage="c:\users\martin\documents\visual studio 2010\projects\hermes\hermestests\bin\debug\hermestests.dll" id="8182a2a7-8e5d-c3d9-030b-ad537260c9a4">
      <Execution id="fde741d7-303a-4ff3-808c-8e2e47b21ad3" />
      <TestMethod codeBase="C:/Users/Martin/Documents/Visual Studio 2010/Projects/Hermes/HermesTests/bin/Debug/HermesTests.DLL" adapterTypeName="Microsoft.VisualStudio.TestTools.TestTypes.Unit.UnitTestAdapter, Microsoft.VisualStudio.QualityTools.Tips.UnitTest.Adapter, Version=10.0.0.0, Culture=neutral, PublicKeyToken=b03f5f7f11d50a3a" className="HermesTests.ImplicitCastingTests, HermesTests, Version=1.0.0.0, Culture=neutral, PublicKeyToken=null" name="ConcatenationOfUntypedTerminals" />
    </UnitTest>
    <UnitTest name="ConcatenationOfStringAndNonTerminal" storage="c:\users\martin\documents\visual studio 2010\projects\hermes\hermestests\bin\debug\hermestests.dll" id="3d67e5b0-0a2d-bca6-e669-50a665c5d793">
      <Execution id="f0fb9e43-fc74-461a-ae76-6587a6085d62" />
      <TestMethod codeBase="C:/Users/Martin/Documents/Visual Studio 2010/Projects/Hermes/HermesTests/bin/Debug/HermesTests.DLL" adapterTypeName="Microsoft.VisualStudio.TestTools.TestTypes.Unit.UnitTestAdapter, Microsoft.VisualStudio.QualityTools.Tips.UnitTest.Adapter, Version=10.0.0.0, Culture=neutral, PublicKeyToken=b03f5f7f11d50a3a" className="HermesTests.ImplicitCastingTests, HermesTests, Version=1.0.0.0, Culture=neutral, PublicKeyToken=null" name="ConcatenationOfStringAndNonTerminal" />
    </UnitTest>
    <UnitTest name="ConcatenationOfNonTerminalAndString" storage="c:\users\martin\documents\visual studio 2010\projects\hermes\hermestests\bin\debug\hermestests.dll" id="a6718a5a-a3c7-1dbe-0ac3-9ba25137c098">
      <Execution id="bb22d1e0-14c0-43d2-bc17-9935ed286710" />
      <TestMethod codeBase="C:/Users/Martin/Documents/Visual Studio 2010/Projects/Hermes/HermesTests/bin/Debug/HermesTests.DLL" adapterTypeName="Microsoft.VisualStudio.TestTools.TestTypes.Unit.UnitTestAdapter, Microsoft.VisualStudio.QualityTools.Tips.UnitTest.Adapter, Version=10.0.0.0, Culture=neutral, PublicKeyToken=b03f5f7f11d50a3a" className="HermesTests.ImplicitCastingTests, HermesTests, Version=1.0.0.0, Culture=neutral, PublicKeyToken=null" name="ConcatenationOfNonTerminalAndString" />
    </UnitTest>
    <UnitTest name="ConcatenationOfTerminalAndNonTerminal" storage="c:\users\martin\documents\visual studio 2010\projects\hermes\hermestests\bin\debug\hermestests.dll" id="b3ce86c4-3ee0-b9cd-d97f-4fd97ab81b19">
      <Execution id="76c12c77-2f62-4c57-b0a1-cb110496fda1" />
      <TestMethod codeBase="C:/Users/Martin/Documents/Visual Studio 2010/Projects/Hermes/HermesTests/bin/Debug/HermesTests.DLL" adapterTypeName="Microsoft.VisualStudio.TestTools.TestTypes.Unit.UnitTestAdapter, Microsoft.VisualStudio.QualityTools.Tips.UnitTest.Adapter, Version=10.0.0.0, Culture=neutral, PublicKeyToken=b03f5f7f11d50a3a" className="HermesTests.ImplicitCastingTests, HermesTests, Version=1.0.0.0, Culture=neutral, PublicKeyToken=null" name="ConcatenationOfTerminalAndNonTerminal" />
    </UnitTest>
    <UnitTest name="ConcatenationOfTypedTerminals" storage="c:\users\martin\documents\visual studio 2010\projects\hermes\hermestests\bin\debug\hermestests.dll" id="489180e6-db02-a46f-c1fe-50d8d71ad590">
      <Execution id="709b7d3b-33ee-4071-b1d3-bbb31d079e2e" />
      <TestMethod codeBase="C:/Users/Martin/Documents/Visual Studio 2010/Projects/Hermes/HermesTests/bin/Debug/HermesTests.DLL" adapterTypeName="Microsoft.VisualStudio.TestTools.TestTypes.Unit.UnitTestAdapter, Microsoft.VisualStudio.QualityTools.Tips.UnitTest.Adapter, Version=10.0.0.0, Culture=neutral, PublicKeyToken=b03f5f7f11d50a3a" className="HermesTests.ImplicitCastingTests, HermesTests, Version=1.0.0.0, Culture=neutral, PublicKeyToken=null" name="ConcatenationOfTypedTerminals" />
    </UnitTest>
    <UnitTest name="ConcatenationOfTypedNonTerminals" storage="c:\users\martin\documents\visual studio 2010\projects\hermes\hermestests\bin\debug\hermestests.dll" id="44d154a1-0fff-ffe5-69cb-838d0c12a356">
      <Execution id="53a81987-d137-42c4-b559-72a02271233e" />
      <TestMethod codeBase="C:/Users/Martin/Documents/Visual Studio 2010/Projects/Hermes/HermesTests/bin/Debug/HermesTests.DLL" adapterTypeName="Microsoft.VisualStudio.TestTools.TestTypes.Unit.UnitTestAdapter, Microsoft.VisualStudio.QualityTools.Tips.UnitTest.Adapter, Version=10.0.0.0, Culture=neutral, PublicKeyToken=b03f5f7f11d50a3a" className="HermesTests.ImplicitCastingTests, HermesTests, Version=1.0.0.0, Culture=neutral, PublicKeyToken=null" name="ConcatenationOfTypedNonTerminals" />
    </UnitTest>
  </TestDefinitions>
  <TestLists>
    <TestList name="Results Not in a List" id="8c84fa94-04c1-424b-9868-57a2d4851a1d" />
    <TestList name="All Loaded Results" id="19431567-8539-422a-85d7-44ee4e166bda" />
  </TestLists>
  <TestEntries>
    <TestEntry testId="3d67e5b0-0a2d-bca6-e669-50a665c5d793" executionId="f0fb9e43-fc74-461a-ae76-6587a6085d62" testListId="8c84fa94-04c1-424b-9868-57a2d4851a1d" />
    <TestEntry testId="44d154a1-0fff-ffe5-69cb-838d0c12a356" executionId="53a81987-d137-42c4-b559-72a02271233e" testListId="8c84fa94-04c1-424b-9868-57a2d4851a1d" />
    <TestEntry testId="489180e6-db02-a46f-c1fe-50d8d71ad590" executionId="709b7d3b-33ee-4071-b1d3-bbb31d079e2e" testListId="8c84fa94-04c1-424b-9868-57a2d4851a1d" />
    <TestEntry testId="8182a2a7-8e5d-c3d9-030b-ad537260c9a4" executionId="fde741d7-303a-4ff3-808c-8e2e47b21ad3" testListId="8c84fa94-04c1-424b-9868-57a2d4851a1d" />
    <TestEntry testId="9280ca34-63fd-76a4-0651-9c45e18e270b" executionId="8c01f6af-4629-4a28-9d04-aab426296a16" testListId="8c84fa94-04c1-424b-9868-57a2d4851a1d" />
    <TestEntry testId="a6718a5a-a3c7-1dbe-0ac3-9ba25137c098" executionId="bb22d1e0-14c0-43d2-bc17-9935ed286710" testListId="8c84fa94-04c1-424b-9868-57a2d4851a1d" />
    <TestEntry testId="b3ce86c4-3ee0-b9cd-d97f-4fd97ab81b19" executionId="76c12c77-2f62-4c57-b0a1-cb110496fda1" testListId="8c84fa94-04c1-424b-9868-57a2d4851a1d" />
    <TestEntry testId="c726892a-6f3b-f8f3-e626-ded2ea56a54b" executionId="ef60ebe4-b950-4b09-a305-648958dd1a32" testListId="8c84fa94-04c1-424b-9868-57a2d4851a1d" />
    <TestEntry testId="ef3870f4-a615-d401-0f3d-4059460aa774" executionId="96aa829c-634e-4ca0-92c3-fc555025e515" testListId="8c84fa94-04c1-424b-9868-57a2d4851a1d" />
  </TestEntries>
  <Results>
    <UnitTestResult executionId="f0fb9e43-fc74-461a-ae76-6587a6085d62" testId="3d67e5b0-0a2d-bca6-e669-50a665c5d793" testName="ConcatenationOfStringAndNonTerminal" computerName="MARTIN-PC" duration="00:00:00.0120650" startTime="2011-03-18T14:44:55.9932733+00:00" endTime="2011-03-18T14:44:56.2752894+00:00" testType="13cdc9d9-ddb5-4fa4-a97d-d965ccfc6d4b" outcome="Passed" testListId="8c84fa94-04c1-424b-9868-57a2d4851a1d" relativeResultsDirectory="f0fb9e43-fc74-461a-ae76-6587a6085d62">
    </UnitTestResult>
    <UnitTestResult executionId="53a81987-d137-42c4-b559-72a02271233e" testId="44d154a1-0fff-ffe5-69cb-838d0c12a356" testName="ConcatenationOfTypedNonTerminals" computerName="MARTIN-PC" duration="00:00:00.0002417" startTime="2011-03-18T14:44:56.2782896+00:00" endTime="2011-03-18T14:44:56.2832899+00:00" testType="13cdc9d9-ddb5-4fa4-a97d-d965ccfc6d4b" outcome="Passed" testListId="8c84fa94-04c1-424b-9868-57a2d4851a1d" relativeResultsDirectory="53a81987-d137-42c4-b559-72a02271233e">
    </UnitTestResult>
    <UnitTestResult executionId="709b7d3b-33ee-4071-b1d3-bbb31d079e2e" testId="489180e6-db02-a46f-c1fe-50d8d71ad590" testName="ConcatenationOfTypedTerminals" computerName="MARTIN-PC" duration="00:00:00.0002406" startTime="2011-03-18T14:44:56.2852900+00:00" endTime="2011-03-18T14:44:56.2892902+00:00" testType="13cdc9d9-ddb5-4fa4-a97d-d965ccfc6d4b" outcome="Passed" testListId="8c84fa94-04c1-424b-9868-57a2d4851a1d" relativeResultsDirectory="709b7d3b-33ee-4071-b1d3-bbb31d079e2e">
    </UnitTestResult>
    <UnitTestResult executionId="fde741d7-303a-4ff3-808c-8e2e47b21ad3" testId="8182a2a7-8e5d-c3d9-030b-ad537260c9a4" testName="ConcatenationOfUntypedTerminals" computerName="MARTIN-PC" duration="00:00:00.0003254" startTime="2011-03-18T14:44:56.2912903+00:00" endTime="2011-03-18T14:44:56.2942905+00:00" testType="13cdc9d9-ddb5-4fa4-a97d-d965ccfc6d4b" outcome="Passed" testListId="8c84fa94-04c1-424b-9868-57a2d4851a1d" relativeResultsDirectory="fde741d7-303a-4ff3-808c-8e2e47b21ad3">
    </UnitTestResult>
    <UnitTestResult executionId="8c01f6af-4629-4a28-9d04-aab426296a16" testId="9280ca34-63fd-76a4-0651-9c45e18e270b" testName="ConcatenationOfStringAndTerminal" computerName="MARTIN-PC" duration="00:00:00.0002369" startTime="2011-03-18T14:44:56.2952905+00:00" endTime="2011-03-18T14:44:56.3012909+00:00" testType="13cdc9d9-ddb5-4fa4-a97d-d965ccfc6d4b" outcome="Passed" testListId="8c84fa94-04c1-424b-9868-57a2d4851a1d" relativeResultsDirectory="8c01f6af-4629-4a28-9d04-aab426296a16">
    </UnitTestResult>
    <UnitTestResult executionId="bb22d1e0-14c0-43d2-bc17-9935ed286710" testId="a6718a5a-a3c7-1dbe-0ac3-9ba25137c098" testName="ConcatenationOfNonTerminalAndString" computerName="MARTIN-PC" duration="00:00:00.0002826" startTime="2011-03-18T14:44:56.3022909+00:00" endTime="2011-03-18T14:44:56.3062912+00:00" testType="13cdc9d9-ddb5-4fa4-a97d-d965ccfc6d4b" outcome="Passed" testListId="8c84fa94-04c1-424b-9868-57a2d4851a1d" relativeResultsDirectory="bb22d1e0-14c0-43d2-bc17-9935ed286710">
    </UnitTestResult>
    <UnitTestResult executionId="76c12c77-2f62-4c57-b0a1-cb110496fda1" testId="b3ce86c4-3ee0-b9cd-d97f-4fd97ab81b19" testName="ConcatenationOfTerminalAndNonTerminal" computerName="MARTIN-PC" duration="00:00:00.0002603" startTime="2011-03-18T14:44:56.3072912+00:00" endTime="2011-03-18T14:44:56.3112915+00:00" testType="13cdc9d9-ddb5-4fa4-a97d-d965ccfc6d4b" outcome="Passed" testListId="8c84fa94-04c1-424b-9868-57a2d4851a1d" relativeResultsDirectory="76c12c77-2f62-4c57-b0a1-cb110496fda1">
    </UnitTestResult>
    <UnitTestResult executionId="ef60ebe4-b950-4b09-a305-648958dd1a32" testId="c726892a-6f3b-f8f3-e626-ded2ea56a54b" testName="ConcatenationOfNonTerminalAndTerminal" computerName="MARTIN-PC" duration="00:00:00.0002413" startTime="2011-03-18T14:44:56.3122915+00:00" endTime="2011-03-18T14:44:56.3162918+00:00" testType="13cdc9d9-ddb5-4fa4-a97d-d965ccfc6d4b" outcome="Passed" testListId="8c84fa94-04c1-424b-9868-57a2d4851a1d" relativeResultsDirectory="ef60ebe4-b950-4b09-a305-648958dd1a32">
    </UnitTestResult>
    <UnitTestResult executionId="96aa829c-634e-4ca0-92c3-fc555025e515" testId="ef3870f4-a615-d401-0f3d-4059460aa774" testName="ConcatenationOfTerminalAndString" computerName="MARTIN-PC" duration="00:00:00.0002168" startTime="2011-03-18T14:44:56.3172918+00:00" endTime="2011-03-18T14:44:56.3212920+00:00" testType="13cdc9d9-ddb5-4fa4-a97d-d965ccfc6d4b" outcome="Passed" testListId="8c84fa94-04c1-424b-9868-57a2d4851a1d" relativeResultsDirectory="96aa829c-634e-4ca0-92c3-fc555025e515">
    </UnitTestResult>
  </Results>
</TestRun>