<?xml version="1.0" encoding="UTF-8"?>
<TestRun id="ccae3d56-b921-4095-b449-b82ac4f3f761" name="Martin@MARTIN-PC 2011-04-26 13:36:56" runUser="Martin-PC\Martin" xmlns="http://microsoft.com/schemas/VisualStudio/TeamTest/2010">
  <TestSettings name="Local" id="c13f3ac4-e06d-4c27-8158-208f7bf0acb6">
    <Description>These are default test settings for a local test run.</Description>
    <Deployment enabled="false" runDeploymentRoot="Martin_MARTIN-PC 2011-04-26 13_36_56">
      <DeploymentItem filename="C:\Users\Martin\Documents\Visual Studio 2010\Projects\Hermes\Hermes\bin\Debug\Hermes.dll" />
    </Deployment>
    <Execution>
      <TestTypeSpecific />
      <AgentRule name="Execution Agents">
      </AgentRule>
    </Execution>
  </TestSettings>
  <Times creation="2011-04-26T13:36:56.8532125+01:00" queuing="2011-04-26T13:36:56.8712136+01:00" start="2011-04-26T13:36:56.8752138+01:00" finish="2011-04-26T13:36:57.4072442+01:00" />
  <ResultSummary outcome="Completed">
    <Counters total="1" executed="1" passed="1" error="0" failed="0" timeout="0" aborted="0" inconclusive="0" passedButRunAborted="0" notRunnable="0" notExecuted="0" disconnected="0" warning="0" completed="0" inProgress="0" pending="0" />
  </ResultSummary>
  <TestDefinitions>
    <UnitTest name="ConstructRecursiveDescentParser" storage="c:\users\martin\documents\visual studio 2010\projects\hermes\hermestests\bin\debug\hermestests.dll" id="ec17d828-5496-163d-69a5-8bce54583178">
      <Execution id="7fec3e88-4f8a-42e3-af71-3b7daea5ccce" />
      <TestMethod codeBase="C:/Users/Martin/Documents/Visual Studio 2010/Projects/Hermes/HermesTests/bin/Debug/HermesTests.DLL" adapterTypeName="Microsoft.VisualStudio.TestTools.TestTypes.Unit.UnitTestAdapter, Microsoft.VisualStudio.QualityTools.Tips.UnitTest.Adapter, Version=10.0.0.0, Culture=neutral, PublicKeyToken=b03f5f7f11d50a3a" className="HermesTests.RecursiveDescentTests, HermesTests, Version=1.0.0.0, Culture=neutral, PublicKeyToken=null" name="ConstructRecursiveDescentParser" />
    </UnitTest>
  </TestDefinitions>
  <TestLists>
    <TestList name="Results Not in a List" id="8c84fa94-04c1-424b-9868-57a2d4851a1d" />
    <TestList name="All Loaded Results" id="19431567-8539-422a-85d7-44ee4e166bda" />
  </TestLists>
  <TestEntries>
    <TestEntry testId="ec17d828-5496-163d-69a5-8bce54583178" executionId="7fec3e88-4f8a-42e3-af71-3b7daea5ccce" testListId="8c84fa94-04c1-424b-9868-57a2d4851a1d" />
  </TestEntries>
  <Results>
    <UnitTestResult executionId="7fec3e88-4f8a-42e3-af71-3b7daea5ccce" testId="ec17d828-5496-163d-69a5-8bce54583178" testName="ConstructRecursiveDescentParser" computerName="MARTIN-PC" duration="00:00:00.0313808" startTime="2011-04-26T13:36:56.8762139+01:00" endTime="2011-04-26T13:36:57.0682248+01:00" testType="13cdc9d9-ddb5-4fa4-a97d-d965ccfc6d4b" outcome="Passed" testListId="8c84fa94-04c1-424b-9868-57a2d4851a1d" relativeResultsDirectory="7fec3e88-4f8a-42e3-af71-3b7daea5ccce">
    </UnitTestResult>
  </Results>
</TestRun>